#
# There is insufficient memory for the Java Runtime Environment to continue.
# Native memory allocation (malloc) failed to allocate 1599856 bytes for Chunk::new
# Possible reasons:
#   The system is out of physical RAM or swap space
#   The process is running with CompressedOops enabled, and the Java Heap may be blocking the growth of the native heap
# Possible solutions:
#   Reduce memory load on the system
#   Increase physical memory or swap space
#   Check if swap backing store is full
#   Decrease Java heap size (-Xmx/-Xms)
#   Decrease number of Java threads
#   Decrease Java thread stack sizes (-Xss)
#   Set larger code cache with -XX:ReservedCodeCacheSize=
#   JVM is running with Unscaled Compressed Oops mode in which the Java heap is
#     placed in the first 4GB address space. The Java Heap base address is the
#     maximum limit for the native heap growth. Please use -XX:HeapBaseMinAddress
#     to set the Java Heap base and to place the Java Heap above 4GB virtual address.
# This output file may be truncated or incomplete.
#
#  Out of Memory Error (arena.cpp:189), pid=2740, tid=10088
#
# JRE version: OpenJDK Runtime Environment Microsoft-8297089 (17.0.8.1+1) (build 17.0.8.1+1-LTS)
# Java VM: OpenJDK 64-Bit Server VM Microsoft-8297089 (17.0.8.1+1-LTS, mixed mode, sharing, tiered, compressed oops, compressed class ptrs, g1 gc, windows-amd64)
# No core dump will be written. Minidumps are not enabled by default on client versions of Windows
#

---------------  S U M M A R Y ------------

Command Line: -Xmx1G com.android.tools.r8.D8 --debug --min-api 21 --output obj\Debug\130\android\bin\ --lib C:\Program Files (x86)\Android\android-sdk\platforms\android-33\android.jar obj\Debug\130\android\bin\classes.zip C:\Program Files\Microsoft Visual Studio\2022\Community\Common7\IDE\ReferenceAssemblies\Microsoft\Framework\MonoAndroid\v13.0\mono.android.jar C:\Program Files\Microsoft Visual Studio\2022\Community\MSBuild\Xamarin\Android\java_runtime_fastdev.jar C:\Users\Administrateur\.nuget\packages\xamarin.google.guava.listenablefuture\1.0.0.2\buildTransitive\monoandroid50\guava-listenablefuture.jar C:\Users\Administrateur\.nuget\packages\xamarin.androidx.annotation\1.2.0.1\buildTransitive\monoandroid90\..\..\jar\androidx.annotation.annotation.jar C:\Users\Administrateur\.nuget\packages\xamarin.androidx.collection\1.1.0.8\buildTransitive\monoandroid90\..\..\jar\androidx.collection.collection.jar C:\Users\Administrateur\.nuget\packages\xamarin.androidx.lifecycle.common\2.3.1.1\buildTransitive\monoandroid90\..\..\jar\androidx.lifecycle.lifecycle-common.jar C:\Users\Administrateur\.nuget\packages\xamarin.androidx.arch.core.common\2.1.0.9\buildTransitive\monoandroid90\..\..\jar\androidx.arch.core.core-common.jar C:\Users\Administrateur\.nuget\packages\xamarin.androidx.constraintlayout.core\1.0.0\buildTransitive\monoandroid90\..\..\jar\androidx.constraintlayout.constraintlayout-core.jar C:\Users\Administrateur\.nuget\packages\xamarin.androidx.concurrent.futures\1.1.0.3\buildTransitive\monoandroid90\..\..\jar\androidx.concurrent.concurrent-futures.jar obj\Debug\130\lp\0\jl\formsviewgroup.jar obj\Debug\130\lp\100\jl\classes.jar obj\Debug\130\lp\101\jl\classes.jar obj\Debug\130\lp\102\jl\classes.jar obj\Debug\130\lp\104\jl\classes.jar obj\Debug\130\lp\59\jl\classes.jar obj\Debug\130\lp\60\jl\classes.jar obj\Debug\130\lp\61\jl\classes.jar obj\Debug\130\lp\62\jl\classes.jar obj\Debug\130\lp\63\jl\classes.jar obj\Debug\130\lp\64\jl\classes.jar obj\Debug\130\lp\65\jl\classes.jar obj\Debug\130\lp\66\jl\classes.jar obj\Debug\130\lp\67\jl\classes.jar obj\Debug\130\lp\68\jl\classes.jar obj\Debug\130\lp\69\jl\classes.jar obj\Debug\130\lp\70\jl\classes.jar obj\Debug\130\lp\71\jl\classes.jar obj\Debug\130\lp\72\jl\classes.jar obj\Debug\130\lp\73\jl\classes.jar obj\Debug\130\lp\74\jl\classes.jar obj\Debug\130\lp\75\jl\classes.jar obj\Debug\130\lp\76\jl\classes.jar obj\Debug\130\lp\77\jl\classes.jar obj\Debug\130\lp\78\jl\classes.jar obj\Debug\130\lp\79\jl\classes.jar obj\Debug\130\lp\80\jl\classes.jar obj\Debug\130\lp\81\jl\classes.jar obj\Debug\130\lp\82\jl\classes.jar obj\Debug\130\lp\83\jl\classes.jar obj\Debug\130\lp\84\jl\classes.jar obj\Debug\130\lp\85\jl\classes.jar obj\Debug\130\lp\86\jl\classes.jar obj\Debug\130\lp\87\jl\classes.jar obj\Debug\130\lp\88\jl\classes.jar obj\Debug\130\lp\89\jl\classes.jar obj\Debug\130\lp\90\jl\classes.jar obj\Debug\130\lp\91\jl\classes.jar obj\Debug\130\lp\92\jl\classes.jar obj\Debug\130\lp\93\jl\classes.jar obj\Debug\130\lp\94\jl\classes.jar obj\Debug\130\lp\95\jl\classes.jar obj\Debug\130\lp\96\jl\classes.jar obj\Debug\130\lp\97\jl\classes.jar obj\Debug\130\lp\98\jl\classes.jar obj\Debug\130\lp\99\jl\classes.jar

Host: 11th Gen Intel(R) Core(TM) i5-1135G7 @ 2.40GHz, 8 cores, 7G,  Windows 10 , 64 bit Build 19041 (10.0.19041.3636)
Time: Mon Feb 12 01:51:47 2024 Paris, Madrid elapsed time: 1.080416 seconds (0d 0h 0m 1s)

---------------  T H R E A D  ---------------

Current thread (0x000001c3056bc810):  JavaThread "C2 CompilerThread0" daemon [_thread_in_native, id=10088, stack(0x000000a14b800000,0x000000a14b900000)]


Current CompileTask:
C2:   1080 1791       4       com.android.tools.r8.graph.t2::c (676 bytes)

Stack: [0x000000a14b800000,0x000000a14b900000]
Native frames: (J=compiled Java code, j=interpreted, Vv=VM code, C=native code)
V  [jvm.dll+0x67bf3a]
V  [jvm.dll+0x83a024]
V  [jvm.dll+0x83b7ce]
V  [jvm.dll+0x83be33]
V  [jvm.dll+0x24785f]
V  [jvm.dll+0xac3bc]
V  [jvm.dll+0xac98c]
V  [jvm.dll+0x3680b2]
V  [jvm.dll+0x332451]
V  [jvm.dll+0x3318fa]
V  [jvm.dll+0x21a131]
V  [jvm.dll+0x219551]
V  [jvm.dll+0x1a56b6]
V  [jvm.dll+0x2291ea]
V  [jvm.dll+0x22724c]
V  [jvm.dll+0x7efd0c]
V  [jvm.dll+0x7ea13a]
V  [jvm.dll+0x67ad85]
C  [ucrtbase.dll+0x21bb2]
C  [KERNEL32.DLL+0x17344]
C  [ntdll.dll+0x526b1]


---------------  P R O C E S S  ---------------

Threads class SMR info:
_java_thread_list=0x000001c34b3597c0, length=18, elements={
0x000001c367897800, 0x000001c30569d380, 0x000001c30569de50, 0x000001c3056b3b60,
0x000001c3056b4630, 0x000001c3056b8320, 0x000001c3056bac00, 0x000001c3056bc810,
0x000001c3056bd120, 0x000001c3056bdb70, 0x000001c305939d50, 0x000001c30593fad0,
0x000001c305a34d60, 0x000001c305a979b0, 0x000001c34b8761d0, 0x000001c34b8814b0,
0x000001c34b881990, 0x000001c34b00c850
}

Java Threads: ( => current thread )
  0x000001c367897800 JavaThread "main" [_thread_blocked, id=1500, stack(0x000000a14ab00000,0x000000a14ac00000)]
  0x000001c30569d380 JavaThread "Reference Handler" daemon [_thread_blocked, id=6024, stack(0x000000a14b200000,0x000000a14b300000)]
  0x000001c30569de50 JavaThread "Finalizer" daemon [_thread_blocked, id=3812, stack(0x000000a14b300000,0x000000a14b400000)]
  0x000001c3056b3b60 JavaThread "Signal Dispatcher" daemon [_thread_blocked, id=3972, stack(0x000000a14b400000,0x000000a14b500000)]
  0x000001c3056b4630 JavaThread "Attach Listener" daemon [_thread_blocked, id=13340, stack(0x000000a14b500000,0x000000a14b600000)]
  0x000001c3056b8320 JavaThread "Service Thread" daemon [_thread_blocked, id=13476, stack(0x000000a14b600000,0x000000a14b700000)]
  0x000001c3056bac00 JavaThread "Monitor Deflation Thread" daemon [_thread_blocked, id=10860, stack(0x000000a14b700000,0x000000a14b800000)]
=>0x000001c3056bc810 JavaThread "C2 CompilerThread0" daemon [_thread_in_native, id=10088, stack(0x000000a14b800000,0x000000a14b900000)]
  0x000001c3056bd120 JavaThread "C1 CompilerThread0" daemon [_thread_blocked, id=9900, stack(0x000000a14b900000,0x000000a14ba00000)]
  0x000001c3056bdb70 JavaThread "Sweeper thread" daemon [_thread_blocked, id=11552, stack(0x000000a14ba00000,0x000000a14bb00000)]
  0x000001c305939d50 JavaThread "Notification Thread" daemon [_thread_blocked, id=11876, stack(0x000000a14bb00000,0x000000a14bc00000)]
  0x000001c30593fad0 JavaThread "Common-Cleaner" daemon [_thread_blocked, id=13536, stack(0x000000a14bd00000,0x000000a14be00000)]
  0x000001c305a34d60 JavaThread "C2 CompilerThread1" daemon [_thread_in_native, id=4640, stack(0x000000a14be00000,0x000000a14bf00000)]
  0x000001c305a979b0 JavaThread "C2 CompilerThread2" daemon [_thread_in_native, id=13632, stack(0x000000a14bf00000,0x000000a14c000000)]
  0x000001c34b8761d0 JavaThread "ForkJoinPool-1-worker-1" daemon [_thread_blocked, id=13732, stack(0x000000a14c600000,0x000000a14c700000)]
  0x000001c34b8814b0 JavaThread "ForkJoinPool-1-worker-2" daemon [_thread_blocked, id=11300, stack(0x000000a14c700000,0x000000a14c800000)]
  0x000001c34b881990 JavaThread "ForkJoinPool-1-worker-3" daemon [_thread_blocked, id=9424, stack(0x000000a14c800000,0x000000a14c900000)]
  0x000001c34b00c850 JavaThread "ForkJoinPool-1-worker-4" daemon [_thread_in_vm, id=12028, stack(0x000000a14c900000,0x000000a14ca00000)]

Other Threads:
  0x000001c305699200 VMThread "VM Thread" [stack: 0x000000a14b100000,0x000000a14b200000] [id=5844]
  0x000001c30593a230 WatcherThread [stack: 0x000000a14bc00000,0x000000a14bd00000] [id=3564]
  0x000001c3678d33c0 GCTaskThread "GC Thread#0" [stack: 0x000000a14ac00000,0x000000a14ad00000] [id=10420]
  0x000001c34b710c10 GCTaskThread "GC Thread#1" [stack: 0x000000a14c000000,0x000000a14c100000] [id=6392]
  0x000001c34b2e87c0 GCTaskThread "GC Thread#2" [stack: 0x000000a14c100000,0x000000a14c200000] [id=7864]
  0x000001c34b6931d0 GCTaskThread "GC Thread#3" [stack: 0x000000a14c200000,0x000000a14c300000] [id=32]
  0x000001c34b693490 GCTaskThread "GC Thread#4" [stack: 0x000000a14c300000,0x000000a14c400000] [id=10380]
  0x000001c34b693750 GCTaskThread "GC Thread#5" [stack: 0x000000a14c400000,0x000000a14c500000] [id=10216]
  0x000001c34bc91850 GCTaskThread "GC Thread#6" [stack: 0x000000a14ca00000,0x000000a14cb00000] [id=13140]
  0x000001c3678dc220 ConcurrentGCThread "G1 Main Marker" [stack: 0x000000a14ad00000,0x000000a14ae00000] [id=9080]
  0x000001c3678dcb40 ConcurrentGCThread "G1 Conc#0" [stack: 0x000000a14ae00000,0x000000a14af00000] [id=10076]
  0x000001c305510090 ConcurrentGCThread "G1 Refine#0" [stack: 0x000000a14af00000,0x000000a14b000000] [id=1952]
  0x000001c34b5a90e0 ConcurrentGCThread "G1 Refine#1" [stack: 0x000000a14c500000,0x000000a14c600000] [id=7204]
  0x000001c34c311f80 ConcurrentGCThread "G1 Refine#2" [stack: 0x000000a14cb00000,0x000000a14cc00000] [id=7772]
  0x000001c34b970190 ConcurrentGCThread "G1 Refine#3" [stack: 0x000000a14cc00000,0x000000a14cd00000] [id=1076]
  0x000001c3055109d0 ConcurrentGCThread "G1 Service" [stack: 0x000000a14b000000,0x000000a14b100000] [id=9068]

Threads with active compile tasks:
C2 CompilerThread0     1090 1791       4       com.android.tools.r8.graph.t2::c (676 bytes)
C2 CompilerThread1     1090 1755       4       com.android.tools.r8.internal.Pa::a (4413 bytes)
C2 CompilerThread2     1090 1813       4       com.android.tools.r8.graph.t2::<init> (230 bytes)

VM state: not at safepoint (normal execution)

VM Mutex/Monitor currently owned by a thread: None

Heap address: 0x00000000c0000000, size: 1024 MB, Compressed Oops mode: 32-bit

CDS archive(s) mapped at: [0x000001c306000000-0x000001c306bd0000-0x000001c306bd0000), size 12386304, SharedBaseAddress: 0x000001c306000000, ArchiveRelocationMode: 1.
Compressed class space mapped at: 0x000001c307000000-0x000001c347000000, reserved size: 1073741824
Narrow klass base: 0x000001c306000000, Narrow klass shift: 0, Narrow klass range: 0x100000000

GC Precious Log:
 CPUs: 8 total, 8 available
 Memory: 7934M
 Large Page Support: Disabled
 NUMA Support: Disabled
 Compressed Oops: Enabled (32-bit)
 Heap Region Size: 1M
 Heap Min Capacity: 8M
 Heap Initial Capacity: 124M
 Heap Max Capacity: 1G
 Pre-touch: Disabled
 Parallel Workers: 8
 Concurrent Workers: 2
 Concurrent Refinement Workers: 8
 Periodic GC: Disabled

Heap:
 garbage-first heap   total 253952K, used 83456K [0x00000000c0000000, 0x0000000100000000)
  region size 1024K, 35 young (35840K), 6 survivors (6144K)
 Metaspace       used 8046K, committed 8256K, reserved 1114112K
  class space    used 930K, committed 1024K, reserved 1048576K

Heap Regions: E=young(eden), S=young(survivor), O=old, HS=humongous(starts), HC=humongous(continues), CS=collection set, F=free, OA=open archive, CA=closed archive, TAMS=top-at-mark-start (previous, next)
|   0|0x00000000c0000000, 0x00000000c0100000, 0x00000000c0100000|100%| O|  |TAMS 0x00000000c0000000, 0x00000000c0000000| Untracked 
|   1|0x00000000c0100000, 0x00000000c0200000, 0x00000000c0200000|100%| O|  |TAMS 0x00000000c0100000, 0x00000000c0100000| Untracked 
|   2|0x00000000c0200000, 0x00000000c0300000, 0x00000000c0300000|100%| O|  |TAMS 0x00000000c0200000, 0x00000000c0200000| Untracked 
|   3|0x00000000c0300000, 0x00000000c0400000, 0x00000000c0400000|100%| O|  |TAMS 0x00000000c0300000, 0x00000000c0300000| Untracked 
|   4|0x00000000c0400000, 0x00000000c0500000, 0x00000000c0500000|100%| O|  |TAMS 0x00000000c0400000, 0x00000000c0400000| Untracked 
|   5|0x00000000c0500000, 0x00000000c0600000, 0x00000000c0600000|100%|HS|  |TAMS 0x00000000c0500000, 0x00000000c0500000| Complete 
|   6|0x00000000c0600000, 0x00000000c0700000, 0x00000000c0700000|100%|HC|  |TAMS 0x00000000c0600000, 0x00000000c0600000| Complete 
|   7|0x00000000c0700000, 0x00000000c0800000, 0x00000000c0800000|100%| O|  |TAMS 0x00000000c0700000, 0x00000000c0700000| Untracked 
|   8|0x00000000c0800000, 0x00000000c0900000, 0x00000000c0900000|100%| O|  |TAMS 0x00000000c0800000, 0x00000000c0800000| Untracked 
|   9|0x00000000c0900000, 0x00000000c0a00000, 0x00000000c0a00000|100%| O|  |TAMS 0x00000000c0900000, 0x00000000c0900000| Untracked 
|  10|0x00000000c0a00000, 0x00000000c0b00000, 0x00000000c0b00000|100%| O|  |TAMS 0x00000000c0a00000, 0x00000000c0a00000| Untracked 
|  11|0x00000000c0b00000, 0x00000000c0c00000, 0x00000000c0c00000|100%| O|  |TAMS 0x00000000c0b00000, 0x00000000c0b00000| Untracked 
|  12|0x00000000c0c00000, 0x00000000c0d00000, 0x00000000c0d00000|100%| O|  |TAMS 0x00000000c0c00000, 0x00000000c0c00000| Untracked 
|  13|0x00000000c0d00000, 0x00000000c0e00000, 0x00000000c0e00000|100%| O|  |TAMS 0x00000000c0d00000, 0x00000000c0d00000| Untracked 
|  14|0x00000000c0e00000, 0x00000000c0f00000, 0x00000000c0f00000|100%| O|  |TAMS 0x00000000c0e00000, 0x00000000c0e00000| Untracked 
|  15|0x00000000c0f00000, 0x00000000c1000000, 0x00000000c1000000|100%| O|  |TAMS 0x00000000c0f00000, 0x00000000c0f00000| Untracked 
|  16|0x00000000c1000000, 0x00000000c1100000, 0x00000000c1100000|100%| O|  |TAMS 0x00000000c1000000, 0x00000000c1000000| Untracked 
|  17|0x00000000c1100000, 0x00000000c1200000, 0x00000000c1200000|100%| O|  |TAMS 0x00000000c1100000, 0x00000000c1100000| Untracked 
|  18|0x00000000c1200000, 0x00000000c1300000, 0x00000000c1300000|100%| O|  |TAMS 0x00000000c1200000, 0x00000000c1200000| Untracked 
|  19|0x00000000c1300000, 0x00000000c1400000, 0x00000000c1400000|100%| O|  |TAMS 0x00000000c1300000, 0x00000000c1300000| Untracked 
|  20|0x00000000c1400000, 0x00000000c1500000, 0x00000000c1500000|100%| O|  |TAMS 0x00000000c1400000, 0x00000000c1400000| Untracked 
|  21|0x00000000c1500000, 0x00000000c1600000, 0x00000000c1600000|100%| O|  |TAMS 0x00000000c1500000, 0x00000000c1500000| Untracked 
|  22|0x00000000c1600000, 0x00000000c1700000, 0x00000000c1700000|100%| O|  |TAMS 0x00000000c1600000, 0x00000000c1600000| Untracked 
|  23|0x00000000c1700000, 0x00000000c1800000, 0x00000000c1800000|100%| O|  |TAMS 0x00000000c1700000, 0x00000000c1700000| Untracked 
|  24|0x00000000c1800000, 0x00000000c1900000, 0x00000000c1900000|100%| O|  |TAMS 0x00000000c1800000, 0x00000000c1800000| Untracked 
|  25|0x00000000c1900000, 0x00000000c1a00000, 0x00000000c1a00000|100%| O|  |TAMS 0x00000000c1900000, 0x00000000c1900000| Untracked 
|  26|0x00000000c1a00000, 0x00000000c1b00000, 0x00000000c1b00000|100%| O|  |TAMS 0x00000000c1a00000, 0x00000000c1a00000| Untracked 
|  27|0x00000000c1b00000, 0x00000000c1c00000, 0x00000000c1c00000|100%| O|  |TAMS 0x00000000c1b00000, 0x00000000c1b00000| Untracked 
|  28|0x00000000c1c00000, 0x00000000c1d00000, 0x00000000c1d00000|100%| O|  |TAMS 0x00000000c1c00000, 0x00000000c1c00000| Untracked 
|  29|0x00000000c1d00000, 0x00000000c1e00000, 0x00000000c1e00000|100%| O|  |TAMS 0x00000000c1d00000, 0x00000000c1d00000| Untracked 
|  30|0x00000000c1e00000, 0x00000000c1f00000, 0x00000000c1f00000|100%| O|  |TAMS 0x00000000c1e00000, 0x00000000c1e00000| Untracked 
|  31|0x00000000c1f00000, 0x00000000c2000000, 0x00000000c2000000|100%| O|  |TAMS 0x00000000c1f00000, 0x00000000c1f00000| Untracked 
|  32|0x00000000c2000000, 0x00000000c2100000, 0x00000000c2100000|100%| O|  |TAMS 0x00000000c2000000, 0x00000000c2000000| Untracked 
|  33|0x00000000c2100000, 0x00000000c2200000, 0x00000000c2200000|100%| O|  |TAMS 0x00000000c2100000, 0x00000000c2100000| Untracked 
|  34|0x00000000c2200000, 0x00000000c2300000, 0x00000000c2300000|100%| O|  |TAMS 0x00000000c2200000, 0x00000000c2200000| Untracked 
|  35|0x00000000c2300000, 0x00000000c2400000, 0x00000000c2400000|100%| O|  |TAMS 0x00000000c2300000, 0x00000000c2300000| Untracked 
|  36|0x00000000c2400000, 0x00000000c2500000, 0x00000000c2500000|100%| O|  |TAMS 0x00000000c2400000, 0x00000000c2400000| Untracked 
|  37|0x00000000c2500000, 0x00000000c2600000, 0x00000000c2600000|100%| O|  |TAMS 0x00000000c2500000, 0x00000000c2500000| Untracked 
|  38|0x00000000c2600000, 0x00000000c2700000, 0x00000000c2700000|100%| O|  |TAMS 0x00000000c2600000, 0x00000000c2600000| Untracked 
|  39|0x00000000c2700000, 0x00000000c2800000, 0x00000000c2800000|100%| O|  |TAMS 0x00000000c2700000, 0x00000000c2700000| Untracked 
|  40|0x00000000c2800000, 0x00000000c2900000, 0x00000000c2900000|100%| O|  |TAMS 0x00000000c2800000, 0x00000000c2800000| Untracked 
|  41|0x00000000c2900000, 0x00000000c2a00000, 0x00000000c2a00000|100%| O|  |TAMS 0x00000000c2900000, 0x00000000c2900000| Untracked 
|  42|0x00000000c2a00000, 0x00000000c2b00000, 0x00000000c2b00000|100%| O|  |TAMS 0x00000000c2a00000, 0x00000000c2a00000| Untracked 
|  43|0x00000000c2b00000, 0x00000000c2c00000, 0x00000000c2c00000|100%| O|  |TAMS 0x00000000c2b00000, 0x00000000c2b00000| Untracked 
|  44|0x00000000c2c00000, 0x00000000c2d00000, 0x00000000c2d00000|100%| O|  |TAMS 0x00000000c2c00000, 0x00000000c2c00000| Untracked 
|  45|0x00000000c2d00000, 0x00000000c2e00000, 0x00000000c2e00000|100%| O|  |TAMS 0x00000000c2d00000, 0x00000000c2d00000| Untracked 
|  46|0x00000000c2e00000, 0x00000000c2f00000, 0x00000000c2f00000|100%| O|  |TAMS 0x00000000c2e00000, 0x00000000c2e00000| Untracked 
|  47|0x00000000c2f00000, 0x00000000c2f80000, 0x00000000c3000000| 50%| O|  |TAMS 0x00000000c2f00000, 0x00000000c2f00000| Untracked 
|  48|0x00000000c3000000, 0x00000000c3000000, 0x00000000c3100000|  0%| F|  |TAMS 0x00000000c3000000, 0x00000000c3000000| Untracked 
|  49|0x00000000c3100000, 0x00000000c3100000, 0x00000000c3200000|  0%| F|  |TAMS 0x00000000c3100000, 0x00000000c3100000| Untracked 
|  50|0x00000000c3200000, 0x00000000c3200000, 0x00000000c3300000|  0%| F|  |TAMS 0x00000000c3200000, 0x00000000c3200000| Untracked 
|  51|0x00000000c3300000, 0x00000000c3300000, 0x00000000c3400000|  0%| F|  |TAMS 0x00000000c3300000, 0x00000000c3300000| Untracked 
|  52|0x00000000c3400000, 0x00000000c3400000, 0x00000000c3500000|  0%| F|  |TAMS 0x00000000c3400000, 0x00000000c3400000| Untracked 
|  53|0x00000000c3500000, 0x00000000c3500000, 0x00000000c3600000|  0%| F|  |TAMS 0x00000000c3500000, 0x00000000c3500000| Untracked 
|  54|0x00000000c3600000, 0x00000000c3600000, 0x00000000c3700000|  0%| F|  |TAMS 0x00000000c3600000, 0x00000000c3600000| Untracked 
|  55|0x00000000c3700000, 0x00000000c3700000, 0x00000000c3800000|  0%| F|  |TAMS 0x00000000c3700000, 0x00000000c3700000| Untracked 
|  56|0x00000000c3800000, 0x00000000c3800000, 0x00000000c3900000|  0%| F|  |TAMS 0x00000000c3800000, 0x00000000c3800000| Untracked 
|  57|0x00000000c3900000, 0x00000000c3900000, 0x00000000c3a00000|  0%| F|  |TAMS 0x00000000c3900000, 0x00000000c3900000| Untracked 
|  58|0x00000000c3a00000, 0x00000000c3a00000, 0x00000000c3b00000|  0%| F|  |TAMS 0x00000000c3a00000, 0x00000000c3a00000| Untracked 
|  59|0x00000000c3b00000, 0x00000000c3b00000, 0x00000000c3c00000|  0%| F|  |TAMS 0x00000000c3b00000, 0x00000000c3b00000| Untracked 
|  60|0x00000000c3c00000, 0x00000000c3c00000, 0x00000000c3d00000|  0%| F|  |TAMS 0x00000000c3c00000, 0x00000000c3c00000| Untracked 
|  61|0x00000000c3d00000, 0x00000000c3d00000, 0x00000000c3e00000|  0%| F|  |TAMS 0x00000000c3d00000, 0x00000000c3d00000| Untracked 
|  62|0x00000000c3e00000, 0x00000000c3e00000, 0x00000000c3f00000|  0%| F|  |TAMS 0x00000000c3e00000, 0x00000000c3e00000| Untracked 
|  63|0x00000000c3f00000, 0x00000000c3f00000, 0x00000000c4000000|  0%| F|  |TAMS 0x00000000c3f00000, 0x00000000c3f00000| Untracked 
|  64|0x00000000c4000000, 0x00000000c4000000, 0x00000000c4100000|  0%| F|  |TAMS 0x00000000c4000000, 0x00000000c4000000| Untracked 
|  65|0x00000000c4100000, 0x00000000c4100000, 0x00000000c4200000|  0%| F|  |TAMS 0x00000000c4100000, 0x00000000c4100000| Untracked 
|  66|0x00000000c4200000, 0x00000000c4200000, 0x00000000c4300000|  0%| F|  |TAMS 0x00000000c4200000, 0x00000000c4200000| Untracked 
|  67|0x00000000c4300000, 0x00000000c4300000, 0x00000000c4400000|  0%| F|  |TAMS 0x00000000c4300000, 0x00000000c4300000| Untracked 
|  68|0x00000000c4400000, 0x00000000c4400000, 0x00000000c4500000|  0%| F|  |TAMS 0x00000000c4400000, 0x00000000c4400000| Untracked 
|  69|0x00000000c4500000, 0x00000000c4500000, 0x00000000c4600000|  0%| F|  |TAMS 0x00000000c4500000, 0x00000000c4500000| Untracked 
|  70|0x00000000c4600000, 0x00000000c4600000, 0x00000000c4700000|  0%| F|  |TAMS 0x00000000c4600000, 0x00000000c4600000| Untracked 
|  71|0x00000000c4700000, 0x00000000c4700000, 0x00000000c4800000|  0%| F|  |TAMS 0x00000000c4700000, 0x00000000c4700000| Untracked 
|  72|0x00000000c4800000, 0x00000000c4800000, 0x00000000c4900000|  0%| F|  |TAMS 0x00000000c4800000, 0x00000000c4800000| Untracked 
|  73|0x00000000c4900000, 0x00000000c4a00000, 0x00000000c4a00000|100%| S|CS|TAMS 0x00000000c4900000, 0x00000000c4900000| Complete 
|  74|0x00000000c4a00000, 0x00000000c4a00000, 0x00000000c4b00000|  0%| F|  |TAMS 0x00000000c4a00000, 0x00000000c4a00000| Untracked 
|  75|0x00000000c4b00000, 0x00000000c4b00000, 0x00000000c4c00000|  0%| F|  |TAMS 0x00000000c4b00000, 0x00000000c4b00000| Untracked 
|  76|0x00000000c4c00000, 0x00000000c4c00000, 0x00000000c4d00000|  0%| F|  |TAMS 0x00000000c4c00000, 0x00000000c4c00000| Untracked 
|  77|0x00000000c4d00000, 0x00000000c4d00000, 0x00000000c4e00000|  0%| F|  |TAMS 0x00000000c4d00000, 0x00000000c4d00000| Untracked 
|  78|0x00000000c4e00000, 0x00000000c4e00000, 0x00000000c4f00000|  0%| F|  |TAMS 0x00000000c4e00000, 0x00000000c4e00000| Untracked 
|  79|0x00000000c4f00000, 0x00000000c4f00000, 0x00000000c5000000|  0%| F|  |TAMS 0x00000000c4f00000, 0x00000000c4f00000| Untracked 
|  80|0x00000000c5000000, 0x00000000c5000000, 0x00000000c5100000|  0%| F|  |TAMS 0x00000000c5000000, 0x00000000c5000000| Untracked 
|  81|0x00000000c5100000, 0x00000000c5200000, 0x00000000c5200000|100%| S|CS|TAMS 0x00000000c5100000, 0x00000000c5100000| Complete 
|  82|0x00000000c5200000, 0x00000000c5300000, 0x00000000c5300000|100%| S|CS|TAMS 0x00000000c5200000, 0x00000000c5200000| Complete 
|  83|0x00000000c5300000, 0x00000000c5400000, 0x00000000c5400000|100%| S|CS|TAMS 0x00000000c5300000, 0x00000000c5300000| Complete 
|  84|0x00000000c5400000, 0x00000000c5500000, 0x00000000c5500000|100%| S|CS|TAMS 0x00000000c5400000, 0x00000000c5400000| Complete 
|  85|0x00000000c5500000, 0x00000000c5600000, 0x00000000c5600000|100%| S|CS|TAMS 0x00000000c5500000, 0x00000000c5500000| Complete 
|  86|0x00000000c5600000, 0x00000000c5600000, 0x00000000c5700000|  0%| F|  |TAMS 0x00000000c5600000, 0x00000000c5600000| Untracked 
|  87|0x00000000c5700000, 0x00000000c5700000, 0x00000000c5800000|  0%| F|  |TAMS 0x00000000c5700000, 0x00000000c5700000| Untracked 
|  88|0x00000000c5800000, 0x00000000c5800000, 0x00000000c5900000|  0%| F|  |TAMS 0x00000000c5800000, 0x00000000c5800000| Untracked 
|  89|0x00000000c5900000, 0x00000000c5900000, 0x00000000c5a00000|  0%| F|  |TAMS 0x00000000c5900000, 0x00000000c5900000| Untracked 
|  90|0x00000000c5a00000, 0x00000000c5a00000, 0x00000000c5b00000|  0%| F|  |TAMS 0x00000000c5a00000, 0x00000000c5a00000| Untracked 
|  91|0x00000000c5b00000, 0x00000000c5b00000, 0x00000000c5c00000|  0%| F|  |TAMS 0x00000000c5b00000, 0x00000000c5b00000| Untracked 
|  92|0x00000000c5c00000, 0x00000000c5c00000, 0x00000000c5d00000|  0%| F|  |TAMS 0x00000000c5c00000, 0x00000000c5c00000| Untracked 
|  93|0x00000000c5d00000, 0x00000000c5d00000, 0x00000000c5e00000|  0%| F|  |TAMS 0x00000000c5d00000, 0x00000000c5d00000| Untracked 
|  94|0x00000000c5e00000, 0x00000000c5e00000, 0x00000000c5f00000|  0%| F|  |TAMS 0x00000000c5e00000, 0x00000000c5e00000| Untracked 
|  95|0x00000000c5f00000, 0x00000000c5f00000, 0x00000000c6000000|  0%| F|  |TAMS 0x00000000c5f00000, 0x00000000c5f00000| Untracked 
|  96|0x00000000c6000000, 0x00000000c6000000, 0x00000000c6100000|  0%| F|  |TAMS 0x00000000c6000000, 0x00000000c6000000| Untracked 
|  97|0x00000000c6100000, 0x00000000c6100000, 0x00000000c6200000|  0%| F|  |TAMS 0x00000000c6100000, 0x00000000c6100000| Untracked 
|  98|0x00000000c6200000, 0x00000000c6200000, 0x00000000c6300000|  0%| F|  |TAMS 0x00000000c6200000, 0x00000000c6200000| Untracked 
|  99|0x00000000c6300000, 0x00000000c6300000, 0x00000000c6400000|  0%| F|  |TAMS 0x00000000c6300000, 0x00000000c6300000| Untracked 
| 100|0x00000000c6400000, 0x00000000c6400000, 0x00000000c6500000|  0%| F|  |TAMS 0x00000000c6400000, 0x00000000c6400000| Untracked 
| 101|0x00000000c6500000, 0x00000000c6500000, 0x00000000c6600000|  0%| F|  |TAMS 0x00000000c6500000, 0x00000000c6500000| Untracked 
| 102|0x00000000c6600000, 0x00000000c6600000, 0x00000000c6700000|  0%| F|  |TAMS 0x00000000c6600000, 0x00000000c6600000| Untracked 
| 103|0x00000000c6700000, 0x00000000c6700000, 0x00000000c6800000|  0%| F|  |TAMS 0x00000000c6700000, 0x00000000c6700000| Untracked 
| 104|0x00000000c6800000, 0x00000000c6800000, 0x00000000c6900000|  0%| F|  |TAMS 0x00000000c6800000, 0x00000000c6800000| Untracked 
| 105|0x00000000c6900000, 0x00000000c6900000, 0x00000000c6a00000|  0%| F|  |TAMS 0x00000000c6900000, 0x00000000c6900000| Untracked 
| 106|0x00000000c6a00000, 0x00000000c6a00000, 0x00000000c6b00000|  0%| F|  |TAMS 0x00000000c6a00000, 0x00000000c6a00000| Untracked 
| 107|0x00000000c6b00000, 0x00000000c6b00000, 0x00000000c6c00000|  0%| F|  |TAMS 0x00000000c6b00000, 0x00000000c6b00000| Untracked 
| 108|0x00000000c6c00000, 0x00000000c6c00000, 0x00000000c6d00000|  0%| F|  |TAMS 0x00000000c6c00000, 0x00000000c6c00000| Untracked 
| 109|0x00000000c6d00000, 0x00000000c6d00000, 0x00000000c6e00000|  0%| F|  |TAMS 0x00000000c6d00000, 0x00000000c6d00000| Untracked 
| 110|0x00000000c6e00000, 0x00000000c6e00000, 0x00000000c6f00000|  0%| F|  |TAMS 0x00000000c6e00000, 0x00000000c6e00000| Untracked 
| 111|0x00000000c6f00000, 0x00000000c6f00000, 0x00000000c7000000|  0%| F|  |TAMS 0x00000000c6f00000, 0x00000000c6f00000| Untracked 
| 112|0x00000000c7000000, 0x00000000c7000000, 0x00000000c7100000|  0%| F|  |TAMS 0x00000000c7000000, 0x00000000c7000000| Untracked 
| 113|0x00000000c7100000, 0x00000000c7100000, 0x00000000c7200000|  0%| F|  |TAMS 0x00000000c7100000, 0x00000000c7100000| Untracked 
| 114|0x00000000c7200000, 0x00000000c7200000, 0x00000000c7300000|  0%| F|  |TAMS 0x00000000c7200000, 0x00000000c7200000| Untracked 
| 115|0x00000000c7300000, 0x00000000c7300000, 0x00000000c7400000|  0%| F|  |TAMS 0x00000000c7300000, 0x00000000c7300000| Untracked 
| 116|0x00000000c7400000, 0x00000000c7400000, 0x00000000c7500000|  0%| F|  |TAMS 0x00000000c7400000, 0x00000000c7400000| Untracked 
| 117|0x00000000c7500000, 0x00000000c7500000, 0x00000000c7600000|  0%| F|  |TAMS 0x00000000c7500000, 0x00000000c7500000| Untracked 
| 118|0x00000000c7600000, 0x00000000c7600000, 0x00000000c7700000|  0%| F|  |TAMS 0x00000000c7600000, 0x00000000c7600000| Untracked 
| 119|0x00000000c7700000, 0x00000000c7700000, 0x00000000c7800000|  0%| F|  |TAMS 0x00000000c7700000, 0x00000000c7700000| Untracked 
| 120|0x00000000c7800000, 0x00000000c7800000, 0x00000000c7900000|  0%| F|  |TAMS 0x00000000c7800000, 0x00000000c7800000| Untracked 
| 121|0x00000000c7900000, 0x00000000c7900000, 0x00000000c7a00000|  0%| F|  |TAMS 0x00000000c7900000, 0x00000000c7900000| Untracked 
| 122|0x00000000c7a00000, 0x00000000c7a00000, 0x00000000c7b00000|  0%| F|  |TAMS 0x00000000c7a00000, 0x00000000c7a00000| Untracked 
| 123|0x00000000c7b00000, 0x00000000c7b00000, 0x00000000c7c00000|  0%| F|  |TAMS 0x00000000c7b00000, 0x00000000c7b00000| Untracked 
| 124|0x00000000c7c00000, 0x00000000c7c00000, 0x00000000c7d00000|  0%| F|  |TAMS 0x00000000c7c00000, 0x00000000c7c00000| Untracked 
| 125|0x00000000c7d00000, 0x00000000c7d00000, 0x00000000c7e00000|  0%| F|  |TAMS 0x00000000c7d00000, 0x00000000c7d00000| Untracked 
| 126|0x00000000c7e00000, 0x00000000c7e00000, 0x00000000c7f00000|  0%| F|  |TAMS 0x00000000c7e00000, 0x00000000c7e00000| Untracked 
| 127|0x00000000c7f00000, 0x00000000c7f00000, 0x00000000c8000000|  0%| F|  |TAMS 0x00000000c7f00000, 0x00000000c7f00000| Untracked 
| 128|0x00000000c8000000, 0x00000000c8000000, 0x00000000c8100000|  0%| F|  |TAMS 0x00000000c8000000, 0x00000000c8000000| Untracked 
| 129|0x00000000c8100000, 0x00000000c8100000, 0x00000000c8200000|  0%| F|  |TAMS 0x00000000c8100000, 0x00000000c8100000| Untracked 
| 130|0x00000000c8200000, 0x00000000c8200000, 0x00000000c8300000|  0%| F|  |TAMS 0x00000000c8200000, 0x00000000c8200000| Untracked 
| 131|0x00000000c8300000, 0x00000000c8300000, 0x00000000c8400000|  0%| F|  |TAMS 0x00000000c8300000, 0x00000000c8300000| Untracked 
| 132|0x00000000c8400000, 0x00000000c8400000, 0x00000000c8500000|  0%| F|  |TAMS 0x00000000c8400000, 0x00000000c8400000| Untracked 
| 133|0x00000000c8500000, 0x00000000c8500000, 0x00000000c8600000|  0%| F|  |TAMS 0x00000000c8500000, 0x00000000c8500000| Untracked 
| 134|0x00000000c8600000, 0x00000000c8600000, 0x00000000c8700000|  0%| F|  |TAMS 0x00000000c8600000, 0x00000000c8600000| Untracked 
| 135|0x00000000c8700000, 0x00000000c8700000, 0x00000000c8800000|  0%| F|  |TAMS 0x00000000c8700000, 0x00000000c8700000| Untracked 
| 136|0x00000000c8800000, 0x00000000c8800000, 0x00000000c8900000|  0%| F|  |TAMS 0x00000000c8800000, 0x00000000c8800000| Untracked 
| 137|0x00000000c8900000, 0x00000000c8900000, 0x00000000c8a00000|  0%| F|  |TAMS 0x00000000c8900000, 0x00000000c8900000| Untracked 
| 138|0x00000000c8a00000, 0x00000000c8a00000, 0x00000000c8b00000|  0%| F|  |TAMS 0x00000000c8a00000, 0x00000000c8a00000| Untracked 
| 139|0x00000000c8b00000, 0x00000000c8b00000, 0x00000000c8c00000|  0%| F|  |TAMS 0x00000000c8b00000, 0x00000000c8b00000| Untracked 
| 140|0x00000000c8c00000, 0x00000000c8c00000, 0x00000000c8d00000|  0%| F|  |TAMS 0x00000000c8c00000, 0x00000000c8c00000| Untracked 
| 141|0x00000000c8d00000, 0x00000000c8d00000, 0x00000000c8e00000|  0%| F|  |TAMS 0x00000000c8d00000, 0x00000000c8d00000| Untracked 
| 142|0x00000000c8e00000, 0x00000000c8e00000, 0x00000000c8f00000|  0%| F|  |TAMS 0x00000000c8e00000, 0x00000000c8e00000| Untracked 
| 143|0x00000000c8f00000, 0x00000000c8f00000, 0x00000000c9000000|  0%| F|  |TAMS 0x00000000c8f00000, 0x00000000c8f00000| Untracked 
| 144|0x00000000c9000000, 0x00000000c9000000, 0x00000000c9100000|  0%| F|  |TAMS 0x00000000c9000000, 0x00000000c9000000| Untracked 
| 145|0x00000000c9100000, 0x00000000c9100000, 0x00000000c9200000|  0%| F|  |TAMS 0x00000000c9100000, 0x00000000c9100000| Untracked 
| 146|0x00000000c9200000, 0x00000000c9200000, 0x00000000c9300000|  0%| F|  |TAMS 0x00000000c9200000, 0x00000000c9200000| Untracked 
| 147|0x00000000c9300000, 0x00000000c9300000, 0x00000000c9400000|  0%| F|  |TAMS 0x00000000c9300000, 0x00000000c9300000| Untracked 
| 148|0x00000000c9400000, 0x00000000c9400000, 0x00000000c9500000|  0%| F|  |TAMS 0x00000000c9400000, 0x00000000c9400000| Untracked 
| 149|0x00000000c9500000, 0x00000000c9500000, 0x00000000c9600000|  0%| F|  |TAMS 0x00000000c9500000, 0x00000000c9500000| Untracked 
| 150|0x00000000c9600000, 0x00000000c9600000, 0x00000000c9700000|  0%| F|  |TAMS 0x00000000c9600000, 0x00000000c9600000| Untracked 
| 151|0x00000000c9700000, 0x00000000c9700000, 0x00000000c9800000|  0%| F|  |TAMS 0x00000000c9700000, 0x00000000c9700000| Untracked 
| 152|0x00000000c9800000, 0x00000000c9800000, 0x00000000c9900000|  0%| F|  |TAMS 0x00000000c9800000, 0x00000000c9800000| Untracked 
| 153|0x00000000c9900000, 0x00000000c9900000, 0x00000000c9a00000|  0%| F|  |TAMS 0x00000000c9900000, 0x00000000c9900000| Untracked 
| 154|0x00000000c9a00000, 0x00000000c9a00000, 0x00000000c9b00000|  0%| F|  |TAMS 0x00000000c9a00000, 0x00000000c9a00000| Untracked 
| 155|0x00000000c9b00000, 0x00000000c9b00000, 0x00000000c9c00000|  0%| F|  |TAMS 0x00000000c9b00000, 0x00000000c9b00000| Untracked 
| 156|0x00000000c9c00000, 0x00000000c9c00000, 0x00000000c9d00000|  0%| F|  |TAMS 0x00000000c9c00000, 0x00000000c9c00000| Untracked 
| 157|0x00000000c9d00000, 0x00000000c9d00000, 0x00000000c9e00000|  0%| F|  |TAMS 0x00000000c9d00000, 0x00000000c9d00000| Untracked 
| 158|0x00000000c9e00000, 0x00000000c9e00000, 0x00000000c9f00000|  0%| F|  |TAMS 0x00000000c9e00000, 0x00000000c9e00000| Untracked 
| 159|0x00000000c9f00000, 0x00000000c9f00000, 0x00000000ca000000|  0%| F|  |TAMS 0x00000000c9f00000, 0x00000000c9f00000| Untracked 
| 160|0x00000000ca000000, 0x00000000ca000000, 0x00000000ca100000|  0%| F|  |TAMS 0x00000000ca000000, 0x00000000ca000000| Untracked 
| 161|0x00000000ca100000, 0x00000000ca100000, 0x00000000ca200000|  0%| F|  |TAMS 0x00000000ca100000, 0x00000000ca100000| Untracked 
| 162|0x00000000ca200000, 0x00000000ca200000, 0x00000000ca300000|  0%| F|  |TAMS 0x00000000ca200000, 0x00000000ca200000| Untracked 
| 163|0x00000000ca300000, 0x00000000ca300000, 0x00000000ca400000|  0%| F|  |TAMS 0x00000000ca300000, 0x00000000ca300000| Untracked 
| 164|0x00000000ca400000, 0x00000000ca400000, 0x00000000ca500000|  0%| F|  |TAMS 0x00000000ca400000, 0x00000000ca400000| Untracked 
| 165|0x00000000ca500000, 0x00000000ca500000, 0x00000000ca600000|  0%| F|  |TAMS 0x00000000ca500000, 0x00000000ca500000| Untracked 
| 166|0x00000000ca600000, 0x00000000ca600000, 0x00000000ca700000|  0%| F|  |TAMS 0x00000000ca600000, 0x00000000ca600000| Untracked 
| 167|0x00000000ca700000, 0x00000000ca700000, 0x00000000ca800000|  0%| F|  |TAMS 0x00000000ca700000, 0x00000000ca700000| Untracked 
| 168|0x00000000ca800000, 0x00000000ca800000, 0x00000000ca900000|  0%| F|  |TAMS 0x00000000ca800000, 0x00000000ca800000| Untracked 
| 169|0x00000000ca900000, 0x00000000ca900000, 0x00000000caa00000|  0%| F|  |TAMS 0x00000000ca900000, 0x00000000ca900000| Untracked 
| 170|0x00000000caa00000, 0x00000000caa00000, 0x00000000cab00000|  0%| F|  |TAMS 0x00000000caa00000, 0x00000000caa00000| Untracked 
| 171|0x00000000cab00000, 0x00000000cab00000, 0x00000000cac00000|  0%| F|  |TAMS 0x00000000cab00000, 0x00000000cab00000| Untracked 
| 172|0x00000000cac00000, 0x00000000cac00000, 0x00000000cad00000|  0%| F|  |TAMS 0x00000000cac00000, 0x00000000cac00000| Untracked 
| 173|0x00000000cad00000, 0x00000000cad00000, 0x00000000cae00000|  0%| F|  |TAMS 0x00000000cad00000, 0x00000000cad00000| Untracked 
| 174|0x00000000cae00000, 0x00000000cae00000, 0x00000000caf00000|  0%| F|  |TAMS 0x00000000cae00000, 0x00000000cae00000| Untracked 
| 175|0x00000000caf00000, 0x00000000caf00000, 0x00000000cb000000|  0%| F|  |TAMS 0x00000000caf00000, 0x00000000caf00000| Untracked 
| 176|0x00000000cb000000, 0x00000000cb000000, 0x00000000cb100000|  0%| F|  |TAMS 0x00000000cb000000, 0x00000000cb000000| Untracked 
| 177|0x00000000cb100000, 0x00000000cb100000, 0x00000000cb200000|  0%| F|  |TAMS 0x00000000cb100000, 0x00000000cb100000| Untracked 
| 178|0x00000000cb200000, 0x00000000cb200000, 0x00000000cb300000|  0%| F|  |TAMS 0x00000000cb200000, 0x00000000cb200000| Untracked 
| 179|0x00000000cb300000, 0x00000000cb300000, 0x00000000cb400000|  0%| F|  |TAMS 0x00000000cb300000, 0x00000000cb300000| Untracked 
| 180|0x00000000cb400000, 0x00000000cb400000, 0x00000000cb500000|  0%| F|  |TAMS 0x00000000cb400000, 0x00000000cb400000| Untracked 
| 181|0x00000000cb500000, 0x00000000cb500000, 0x00000000cb600000|  0%| F|  |TAMS 0x00000000cb500000, 0x00000000cb500000| Untracked 
| 182|0x00000000cb600000, 0x00000000cb600000, 0x00000000cb700000|  0%| F|  |TAMS 0x00000000cb600000, 0x00000000cb600000| Untracked 
| 183|0x00000000cb700000, 0x00000000cb700000, 0x00000000cb800000|  0%| F|  |TAMS 0x00000000cb700000, 0x00000000cb700000| Untracked 
| 184|0x00000000cb800000, 0x00000000cb800000, 0x00000000cb900000|  0%| F|  |TAMS 0x00000000cb800000, 0x00000000cb800000| Untracked 
| 185|0x00000000cb900000, 0x00000000cb900000, 0x00000000cba00000|  0%| F|  |TAMS 0x00000000cb900000, 0x00000000cb900000| Untracked 
| 186|0x00000000cba00000, 0x00000000cba00000, 0x00000000cbb00000|  0%| F|  |TAMS 0x00000000cba00000, 0x00000000cba00000| Untracked 
| 187|0x00000000cbb00000, 0x00000000cbb00000, 0x00000000cbc00000|  0%| F|  |TAMS 0x00000000cbb00000, 0x00000000cbb00000| Untracked 
| 188|0x00000000cbc00000, 0x00000000cbc00000, 0x00000000cbd00000|  0%| F|  |TAMS 0x00000000cbc00000, 0x00000000cbc00000| Untracked 
| 189|0x00000000cbd00000, 0x00000000cbd00000, 0x00000000cbe00000|  0%| F|  |TAMS 0x00000000cbd00000, 0x00000000cbd00000| Untracked 
| 190|0x00000000cbe00000, 0x00000000cbe00000, 0x00000000cbf00000|  0%| F|  |TAMS 0x00000000cbe00000, 0x00000000cbe00000| Untracked 
| 191|0x00000000cbf00000, 0x00000000cbf00000, 0x00000000cc000000|  0%| F|  |TAMS 0x00000000cbf00000, 0x00000000cbf00000| Untracked 
| 192|0x00000000cc000000, 0x00000000cc000000, 0x00000000cc100000|  0%| F|  |TAMS 0x00000000cc000000, 0x00000000cc000000| Untracked 
| 193|0x00000000cc100000, 0x00000000cc100000, 0x00000000cc200000|  0%| F|  |TAMS 0x00000000cc100000, 0x00000000cc100000| Untracked 
| 194|0x00000000cc200000, 0x00000000cc200000, 0x00000000cc300000|  0%| F|  |TAMS 0x00000000cc200000, 0x00000000cc200000| Untracked 
| 195|0x00000000cc300000, 0x00000000cc300000, 0x00000000cc400000|  0%| F|  |TAMS 0x00000000cc300000, 0x00000000cc300000| Untracked 
| 196|0x00000000cc400000, 0x00000000cc400000, 0x00000000cc500000|  0%| F|  |TAMS 0x00000000cc400000, 0x00000000cc400000| Untracked 
| 197|0x00000000cc500000, 0x00000000cc500000, 0x00000000cc600000|  0%| F|  |TAMS 0x00000000cc500000, 0x00000000cc500000| Untracked 
| 198|0x00000000cc600000, 0x00000000cc600000, 0x00000000cc700000|  0%| F|  |TAMS 0x00000000cc600000, 0x00000000cc600000| Untracked 
| 199|0x00000000cc700000, 0x00000000cc700000, 0x00000000cc800000|  0%| F|  |TAMS 0x00000000cc700000, 0x00000000cc700000| Untracked 
| 200|0x00000000cc800000, 0x00000000cc800000, 0x00000000cc900000|  0%| F|  |TAMS 0x00000000cc800000, 0x00000000cc800000| Untracked 
| 201|0x00000000cc900000, 0x00000000cc900000, 0x00000000cca00000|  0%| F|  |TAMS 0x00000000cc900000, 0x00000000cc900000| Untracked 
| 202|0x00000000cca00000, 0x00000000cca00000, 0x00000000ccb00000|  0%| F|  |TAMS 0x00000000cca00000, 0x00000000cca00000| Untracked 
| 203|0x00000000ccb00000, 0x00000000ccb00000, 0x00000000ccc00000|  0%| F|  |TAMS 0x00000000ccb00000, 0x00000000ccb00000| Untracked 
| 204|0x00000000ccc00000, 0x00000000ccc00000, 0x00000000ccd00000|  0%| F|  |TAMS 0x00000000ccc00000, 0x00000000ccc00000| Untracked 
| 205|0x00000000ccd00000, 0x00000000ccd00000, 0x00000000cce00000|  0%| F|  |TAMS 0x00000000ccd00000, 0x00000000ccd00000| Untracked 
| 206|0x00000000cce00000, 0x00000000cce00000, 0x00000000ccf00000|  0%| F|  |TAMS 0x00000000cce00000, 0x00000000cce00000| Untracked 
| 207|0x00000000ccf00000, 0x00000000ccf00000, 0x00000000cd000000|  0%| F|  |TAMS 0x00000000ccf00000, 0x00000000ccf00000| Untracked 
| 208|0x00000000cd000000, 0x00000000cd000000, 0x00000000cd100000|  0%| F|  |TAMS 0x00000000cd000000, 0x00000000cd000000| Untracked 
| 209|0x00000000cd100000, 0x00000000cd100000, 0x00000000cd200000|  0%| F|  |TAMS 0x00000000cd100000, 0x00000000cd100000| Untracked 
| 210|0x00000000cd200000, 0x00000000cd200000, 0x00000000cd300000|  0%| F|  |TAMS 0x00000000cd200000, 0x00000000cd200000| Untracked 
| 211|0x00000000cd300000, 0x00000000cd300000, 0x00000000cd400000|  0%| F|  |TAMS 0x00000000cd300000, 0x00000000cd300000| Untracked 
| 212|0x00000000cd400000, 0x00000000cd400000, 0x00000000cd500000|  0%| F|  |TAMS 0x00000000cd400000, 0x00000000cd400000| Untracked 
| 213|0x00000000cd500000, 0x00000000cd500000, 0x00000000cd600000|  0%| F|  |TAMS 0x00000000cd500000, 0x00000000cd500000| Untracked 
| 214|0x00000000cd600000, 0x00000000cd600000, 0x00000000cd700000|  0%| F|  |TAMS 0x00000000cd600000, 0x00000000cd600000| Untracked 
| 215|0x00000000cd700000, 0x00000000cd700000, 0x00000000cd800000|  0%| F|  |TAMS 0x00000000cd700000, 0x00000000cd700000| Untracked 
| 216|0x00000000cd800000, 0x00000000cd800000, 0x00000000cd900000|  0%| F|  |TAMS 0x00000000cd800000, 0x00000000cd800000| Untracked 
| 217|0x00000000cd900000, 0x00000000cd900000, 0x00000000cda00000|  0%| F|  |TAMS 0x00000000cd900000, 0x00000000cd900000| Untracked 
| 218|0x00000000cda00000, 0x00000000cda00000, 0x00000000cdb00000|  0%| F|  |TAMS 0x00000000cda00000, 0x00000000cda00000| Untracked 
| 219|0x00000000cdb00000, 0x00000000cdc00000, 0x00000000cdc00000|100%| E|  |TAMS 0x00000000cdb00000, 0x00000000cdb00000| Complete 
| 220|0x00000000cdc00000, 0x00000000cdd00000, 0x00000000cdd00000|100%| E|CS|TAMS 0x00000000cdc00000, 0x00000000cdc00000| Complete 
| 221|0x00000000cdd00000, 0x00000000cde00000, 0x00000000cde00000|100%| E|CS|TAMS 0x00000000cdd00000, 0x00000000cdd00000| Complete 
| 222|0x00000000cde00000, 0x00000000cdf00000, 0x00000000cdf00000|100%| E|CS|TAMS 0x00000000cde00000, 0x00000000cde00000| Complete 
| 223|0x00000000cdf00000, 0x00000000ce000000, 0x00000000ce000000|100%| E|CS|TAMS 0x00000000cdf00000, 0x00000000cdf00000| Complete 
| 224|0x00000000ce000000, 0x00000000ce100000, 0x00000000ce100000|100%| E|CS|TAMS 0x00000000ce000000, 0x00000000ce000000| Complete 
| 225|0x00000000ce100000, 0x00000000ce200000, 0x00000000ce200000|100%| E|CS|TAMS 0x00000000ce100000, 0x00000000ce100000| Complete 
| 226|0x00000000ce200000, 0x00000000ce300000, 0x00000000ce300000|100%| E|CS|TAMS 0x00000000ce200000, 0x00000000ce200000| Complete 
| 227|0x00000000ce300000, 0x00000000ce400000, 0x00000000ce400000|100%| E|CS|TAMS 0x00000000ce300000, 0x00000000ce300000| Complete 
| 228|0x00000000ce400000, 0x00000000ce500000, 0x00000000ce500000|100%| E|CS|TAMS 0x00000000ce400000, 0x00000000ce400000| Complete 
| 229|0x00000000ce500000, 0x00000000ce600000, 0x00000000ce600000|100%| E|CS|TAMS 0x00000000ce500000, 0x00000000ce500000| Complete 
| 230|0x00000000ce600000, 0x00000000ce700000, 0x00000000ce700000|100%| E|CS|TAMS 0x00000000ce600000, 0x00000000ce600000| Complete 
| 231|0x00000000ce700000, 0x00000000ce800000, 0x00000000ce800000|100%| E|CS|TAMS 0x00000000ce700000, 0x00000000ce700000| Complete 
| 232|0x00000000ce800000, 0x00000000ce900000, 0x00000000ce900000|100%| E|CS|TAMS 0x00000000ce800000, 0x00000000ce800000| Complete 
| 233|0x00000000ce900000, 0x00000000cea00000, 0x00000000cea00000|100%| E|CS|TAMS 0x00000000ce900000, 0x00000000ce900000| Complete 
| 234|0x00000000cea00000, 0x00000000ceb00000, 0x00000000ceb00000|100%| E|CS|TAMS 0x00000000cea00000, 0x00000000cea00000| Complete 
| 235|0x00000000ceb00000, 0x00000000cec00000, 0x00000000cec00000|100%| E|CS|TAMS 0x00000000ceb00000, 0x00000000ceb00000| Complete 
| 236|0x00000000cec00000, 0x00000000ced00000, 0x00000000ced00000|100%| E|CS|TAMS 0x00000000cec00000, 0x00000000cec00000| Complete 
| 237|0x00000000ced00000, 0x00000000cee00000, 0x00000000cee00000|100%| E|CS|TAMS 0x00000000ced00000, 0x00000000ced00000| Complete 
| 238|0x00000000cee00000, 0x00000000cef00000, 0x00000000cef00000|100%| E|CS|TAMS 0x00000000cee00000, 0x00000000cee00000| Complete 
| 239|0x00000000cef00000, 0x00000000cf000000, 0x00000000cf000000|100%| E|CS|TAMS 0x00000000cef00000, 0x00000000cef00000| Complete 
| 240|0x00000000cf000000, 0x00000000cf100000, 0x00000000cf100000|100%| E|CS|TAMS 0x00000000cf000000, 0x00000000cf000000| Complete 
| 241|0x00000000cf100000, 0x00000000cf200000, 0x00000000cf200000|100%| E|CS|TAMS 0x00000000cf100000, 0x00000000cf100000| Complete 
| 242|0x00000000cf200000, 0x00000000cf300000, 0x00000000cf300000|100%| E|CS|TAMS 0x00000000cf200000, 0x00000000cf200000| Complete 
| 243|0x00000000cf300000, 0x00000000cf400000, 0x00000000cf400000|100%| E|CS|TAMS 0x00000000cf300000, 0x00000000cf300000| Complete 
| 244|0x00000000cf400000, 0x00000000cf500000, 0x00000000cf500000|100%| E|CS|TAMS 0x00000000cf400000, 0x00000000cf400000| Complete 
| 245|0x00000000cf500000, 0x00000000cf600000, 0x00000000cf600000|100%| E|CS|TAMS 0x00000000cf500000, 0x00000000cf500000| Complete 
| 246|0x00000000cf600000, 0x00000000cf700000, 0x00000000cf700000|100%| E|CS|TAMS 0x00000000cf600000, 0x00000000cf600000| Complete 
| 247|0x00000000cf700000, 0x00000000cf800000, 0x00000000cf800000|100%| E|CS|TAMS 0x00000000cf700000, 0x00000000cf700000| Complete 

Card table byte_map: [0x000001c300870000,0x000001c300a70000] _byte_map_base: 0x000001c300270000

Marking Bits (Prev, Next): (CMBitMap*) 0x000001c3678d38f0, (CMBitMap*) 0x000001c3678d3930
 Prev Bits: [0x000001c300c70000, 0x000001c301c70000)
 Next Bits: [0x000001c301c70000, 0x000001c302c70000)

Polling page: 0x000001c367950000

Metaspace:

Usage:
  Non-class:      6.98 MB used.
      Class:    937.45 KB used.
       Both:      7.90 MB used.

Virtual space:
  Non-class space:       64.00 MB reserved,       7.06 MB ( 11%) committed,  1 nodes.
      Class space:        1.00 GB reserved,       1.00 MB ( <1%) committed,  1 nodes.
             Both:        1.06 GB reserved,       8.06 MB ( <1%) committed. 

Chunk freelists:
   Non-Class:  8.08 MB
       Class:  14.84 MB
        Both:  22.92 MB

MaxMetaspaceSize: unlimited
CompressedClassSpaceSize: 1.00 GB
Initial GC threshold: 21.00 MB
Current GC threshold: 21.00 MB
CDS: on
MetaspaceReclaimPolicy: balanced
 - commit_granule_bytes: 65536.
 - commit_granule_words: 8192.
 - virtual_space_node_default_size: 8388608.
 - enlarge_chunks_in_place: 1.
 - new_chunks_are_fully_committed: 0.
 - uncommit_free_chunks: 1.
 - use_allocation_guard: 0.
 - handle_deallocations: 1.


Internal statistics:

num_allocs_failed_limit: 0.
num_arena_births: 98.
num_arena_deaths: 0.
num_vsnodes_births: 2.
num_vsnodes_deaths: 0.
num_space_committed: 129.
num_space_uncommitted: 0.
num_chunks_returned_to_freelist: 0.
num_chunks_taken_from_freelist: 320.
num_chunk_merges: 0.
num_chunk_splits: 210.
num_chunks_enlarged: 147.
num_inconsistent_stats: 0.

CodeHeap 'non-profiled nmethods': size=120000Kb used=973Kb max_used=973Kb free=119026Kb
 bounds [0x000001c378690000, 0x000001c378900000, 0x000001c37fbc0000]
CodeHeap 'profiled nmethods': size=120000Kb used=3755Kb max_used=3755Kb free=116244Kb
 bounds [0x000001c370bc0000, 0x000001c370f70000, 0x000001c3780f0000]
CodeHeap 'non-nmethods': size=5760Kb used=1170Kb max_used=1229Kb free=4589Kb
 bounds [0x000001c3780f0000, 0x000001c378360000, 0x000001c378690000]
 total_blobs=2372 nmethods=1924 adapters=361
 compilation: enabled
              stopped_count=0, restarted_count=0
 full_count=0

Compilation events (20 events):
Event: 1.076 Thread 0x000001c3056bd120 nmethod 1939 0x000001c370f5a710 code [0x000001c370f5a940, 0x000001c370f5b028]
Event: 1.076 Thread 0x000001c3056bd120 1941       2       java.lang.invoke.LambdaForm$BasicType::basicTypeSlots (8 bytes)
Event: 1.076 Thread 0x000001c3056bd120 nmethod 1941 0x000001c370f5b290 code [0x000001c370f5b420, 0x000001c370f5b538]
Event: 1.076 Thread 0x000001c3056bd120 1942       2       sun.invoke.util.Wrapper::stackSlots (9 bytes)
Event: 1.076 Thread 0x000001c3056bd120 nmethod 1942 0x000001c370f5b610 code [0x000001c370f5b7a0, 0x000001c370f5b8b8]
Event: 1.076 Thread 0x000001c3056bd120 1943       2       jdk.internal.misc.CDS::isDumpingArchive (4 bytes)
Event: 1.076 Thread 0x000001c3056bd120 nmethod 1943 0x000001c370f5b990 code [0x000001c370f5bb20, 0x000001c370f5bc18]
Event: 1.077 Thread 0x000001c3056bd120 1944       2       sun.invoke.util.Wrapper::forPrimitiveType (49 bytes)
Event: 1.077 Thread 0x000001c3056bd120 nmethod 1944 0x000001c370f5bc90 code [0x000001c370f5bee0, 0x000001c370f5c588]
Event: 1.078 Thread 0x000001c3056bd120 1946       2       java.lang.invoke.MemberName::getModifiers (8 bytes)
Event: 1.078 Thread 0x000001c3056bd120 nmethod 1946 0x000001c370f5ca10 code [0x000001c370f5cba0, 0x000001c370f5ccb8]
Event: 1.078 Thread 0x000001c3056bd120 1945       2       jdk.internal.org.objectweb.asm.Label::<init> (5 bytes)
Event: 1.078 Thread 0x000001c3056bd120 nmethod 1945 0x000001c370f5cd90 code [0x000001c370f5cf20, 0x000001c370f5d018]
Event: 1.078 Thread 0x000001c3056bd120 1947       2       java.lang.invoke.MethodHandles$Lookup::<init> (84 bytes)
Event: 1.078 Thread 0x000001c3056bd120 nmethod 1947 0x000001c370f5d090 code [0x000001c370f5d220, 0x000001c370f5d3d8]
Event: 1.078 Thread 0x000001c3056bd120 1949       2       java.lang.invoke.InvokerBytecodeGenerator::emitImplicitConversion (161 bytes)
Event: 1.079 Thread 0x000001c3056bd120 nmethod 1949 0x000001c370f5d490 code [0x000001c370f5d700, 0x000001c370f5dcf8]
Event: 1.079 Thread 0x000001c3056bd120 1952       2       sun.invoke.util.BytecodeDescriptor::unparseSig (49 bytes)
Event: 1.079 Thread 0x000001c3056bd120 nmethod 1952 0x000001c370f5e090 code [0x000001c370f5e280, 0x000001c370f5e4e8]
Event: 1.079 Thread 0x000001c3056bd120 1951       2       jdk.internal.org.objectweb.asm.MethodWriter::visitInsn (115 bytes)

GC Heap History (12 events):
Event: 0.350 GC heap before
{Heap before GC invocations=0 (full 0):
 garbage-first heap   total 126976K, used 32768K [0x00000000c0000000, 0x0000000100000000)
  region size 1024K, 23 young (23552K), 0 survivors (0K)
 Metaspace       used 4637K, committed 4800K, reserved 1114112K
  class space    used 508K, committed 576K, reserved 1048576K
}
Event: 0.356 GC heap after
{Heap after GC invocations=1 (full 0):
 garbage-first heap   total 126976K, used 8352K [0x00000000c0000000, 0x0000000100000000)
  region size 1024K, 3 young (3072K), 3 survivors (3072K)
 Metaspace       used 4637K, committed 4800K, reserved 1114112K
  class space    used 508K, committed 576K, reserved 1048576K
}
Event: 0.460 GC heap before
{Heap before GC invocations=1 (full 0):
 garbage-first heap   total 126976K, used 40096K [0x00000000c0000000, 0x0000000100000000)
  region size 1024K, 31 young (31744K), 3 survivors (3072K)
 Metaspace       used 5301K, committed 5440K, reserved 1114112K
  class space    used 577K, committed 640K, reserved 1048576K
}
Event: 0.467 GC heap after
{Heap after GC invocations=2 (full 0):
 garbage-first heap   total 126976K, used 13954K [0x00000000c0000000, 0x0000000100000000)
  region size 1024K, 4 young (4096K), 4 survivors (4096K)
 Metaspace       used 5301K, committed 5440K, reserved 1114112K
  class space    used 577K, committed 640K, reserved 1048576K
}
Event: 0.528 GC heap before
{Heap before GC invocations=2 (full 0):
 garbage-first heap   total 126976K, used 51842K [0x00000000c0000000, 0x0000000100000000)
  region size 1024K, 41 young (41984K), 4 survivors (4096K)
 Metaspace       used 5307K, committed 5440K, reserved 1114112K
  class space    used 577K, committed 640K, reserved 1048576K
}
Event: 0.535 GC heap after
{Heap after GC invocations=3 (full 0):
 garbage-first heap   total 126976K, used 21884K [0x00000000c0000000, 0x0000000100000000)
  region size 1024K, 6 young (6144K), 6 survivors (6144K)
 Metaspace       used 5307K, committed 5440K, reserved 1114112K
  class space    used 577K, committed 640K, reserved 1048576K
}
Event: 0.727 GC heap before
{Heap before GC invocations=3 (full 0):
 garbage-first heap   total 126976K, used 71036K [0x00000000c0000000, 0x0000000100000000)
  region size 1024K, 54 young (55296K), 6 survivors (6144K)
 Metaspace       used 6804K, committed 6976K, reserved 1114112K
  class space    used 764K, committed 832K, reserved 1048576K
}
Event: 0.748 GC heap after
{Heap after GC invocations=4 (full 0):
 garbage-first heap   total 126976K, used 34297K [0x00000000c0000000, 0x0000000100000000)
  region size 1024K, 7 young (7168K), 7 survivors (7168K)
 Metaspace       used 6804K, committed 6976K, reserved 1114112K
  class space    used 764K, committed 832K, reserved 1048576K
}
Event: 0.861 GC heap before
{Heap before GC invocations=4 (full 0):
 garbage-first heap   total 126976K, used 77305K [0x00000000c0000000, 0x0000000100000000)
  region size 1024K, 50 young (51200K), 7 survivors (7168K)
 Metaspace       used 7068K, committed 7296K, reserved 1114112K
  class space    used 784K, committed 896K, reserved 1048576K
}
Event: 0.890 GC heap after
{Heap after GC invocations=5 (full 0):
 garbage-first heap   total 126976K, used 45568K [0x00000000c0000000, 0x0000000100000000)
  region size 1024K, 7 young (7168K), 7 survivors (7168K)
 Metaspace       used 7068K, committed 7296K, reserved 1114112K
  class space    used 784K, committed 896K, reserved 1048576K
}
Event: 0.942 GC heap before
{Heap before GC invocations=5 (full 0):
 garbage-first heap   total 126976K, used 84480K [0x00000000c0000000, 0x0000000100000000)
  region size 1024K, 45 young (46080K), 7 survivors (7168K)
 Metaspace       used 7074K, committed 7296K, reserved 1114112K
  class space    used 784K, committed 896K, reserved 1048576K
}
Event: 0.968 GC heap after
{Heap after GC invocations=6 (full 0):
 garbage-first heap   total 253952K, used 54784K [0x00000000c0000000, 0x0000000100000000)
  region size 1024K, 6 young (6144K), 6 survivors (6144K)
 Metaspace       used 7074K, committed 7296K, reserved 1114112K
  class space    used 784K, committed 896K, reserved 1048576K
}

Dll operation events (7 events):
Event: 0.004 Loaded shared library C:\Program Files (x86)\Android\openjdk\jdk-17.0.8.101-hotspot\bin\java.dll
Event: 0.018 Loaded shared library C:\Program Files (x86)\Android\openjdk\jdk-17.0.8.101-hotspot\bin\jsvml.dll
Event: 0.037 Loaded shared library C:\Program Files (x86)\Android\openjdk\jdk-17.0.8.101-hotspot\bin\net.dll
Event: 0.038 Loaded shared library C:\Program Files (x86)\Android\openjdk\jdk-17.0.8.101-hotspot\bin\nio.dll
Event: 0.044 Loaded shared library C:\Program Files (x86)\Android\openjdk\jdk-17.0.8.101-hotspot\bin\zip.dll
Event: 0.132 Loaded shared library C:\Program Files (x86)\Android\openjdk\jdk-17.0.8.101-hotspot\bin\jimage.dll
Event: 0.585 Loaded shared library C:\Program Files (x86)\Android\openjdk\jdk-17.0.8.101-hotspot\bin\verify.dll

Deoptimization events (20 events):
Event: 0.830 Thread 0x000001c34b00c850 DEOPT PACKING pc=0x000001c378758260 sp=0x000000a14c9fe590
Event: 0.830 Thread 0x000001c34b00c850 DEOPT UNPACKING pc=0x000001c37814a1a3 sp=0x000000a14c9fe550 mode 2
Event: 0.840 Thread 0x000001c34b881990 DEOPT PACKING pc=0x000001c370e0ce4b sp=0x000000a14c8feeb0
Event: 0.840 Thread 0x000001c34b8814b0 DEOPT PACKING pc=0x000001c370e0ce4b sp=0x000000a14c7feed0
Event: 0.840 Thread 0x000001c34b881990 DEOPT UNPACKING pc=0x000001c37814ace3 sp=0x000000a14c8fe390 mode 0
Event: 0.840 Thread 0x000001c34b8814b0 DEOPT UNPACKING pc=0x000001c37814ace3 sp=0x000000a14c7fe3b0 mode 0
Event: 0.848 Thread 0x000001c34b8814b0 DEOPT PACKING pc=0x000001c370e0ce4b sp=0x000000a14c7feed0
Event: 0.848 Thread 0x000001c34b8814b0 DEOPT UNPACKING pc=0x000001c37814ace3 sp=0x000000a14c7fe3b0 mode 0
Event: 0.853 Thread 0x000001c34b881990 DEOPT PACKING pc=0x000001c370e0ce4b sp=0x000000a14c8feeb0
Event: 0.853 Thread 0x000001c34b881990 DEOPT UNPACKING pc=0x000001c37814ace3 sp=0x000000a14c8fe390 mode 0
Event: 0.857 Thread 0x000001c34b00c850 DEOPT PACKING pc=0x000001c370e0ce4b sp=0x000000a14c9fee50
Event: 0.857 Thread 0x000001c34b00c850 DEOPT UNPACKING pc=0x000001c37814ace3 sp=0x000000a14c9fe330 mode 0
Event: 0.861 Thread 0x000001c34b00c850 DEOPT PACKING pc=0x000001c370e0ce4b sp=0x000000a14c9fee50
Event: 0.861 Thread 0x000001c34b00c850 DEOPT UNPACKING pc=0x000001c37814ace3 sp=0x000000a14c9fe330 mode 0
Event: 0.975 Thread 0x000001c34b00c850 Uncommon trap: trap_request=0xffffff45 fr.pc=0x000001c378754db8 relative=0x0000000000000f78
Event: 0.975 Thread 0x000001c34b00c850 Uncommon trap: reason=unstable_if action=reinterpret pc=0x000001c378754db8 method=java.util.concurrent.ConcurrentHashMap.putVal(Ljava/lang/Object;Ljava/lang/Object;Z)Ljava/lang/Object; @ 401 c2
Event: 0.975 Thread 0x000001c34b00c850 DEOPT PACKING pc=0x000001c378754db8 sp=0x000000a14c9fe410
Event: 0.975 Thread 0x000001c34b00c850 DEOPT UNPACKING pc=0x000001c37814a1a3 sp=0x000000a14c9fe3a0 mode 2
Event: 1.039 Thread 0x000001c367897800 DEOPT PACKING pc=0x000001c370c733f7 sp=0x000000a14abfcc10
Event: 1.039 Thread 0x000001c367897800 DEOPT UNPACKING pc=0x000001c37814ace3 sp=0x000000a14abfc030 mode 0

Classes unloaded (0 events):
No events

Classes redefined (0 events):
No events

Internal exceptions (20 events):
Event: 0.636 Thread 0x000001c34b8814b0 Exception <a 'java/lang/NoSuchMethodError'{0x00000000c5e863a0}: 'long java.lang.invoke.DirectMethodHandle$Holder.invokeStatic(java.lang.Object, java.lang.Object)'> (0x00000000c5e863a0) 
thrown [s\src\hotspot\share\interpreter\linkResolver.cpp, line 759]
Event: 0.636 Thread 0x000001c34b8761d0 Exception <a 'java/lang/NoSuchMethodError'{0x00000000c5efc6d8}: 'long java.lang.invoke.DirectMethodHandle$Holder.invokeStatic(java.lang.Object, java.lang.Object)'> (0x00000000c5efc6d8) 
thrown [s\src\hotspot\share\interpreter\linkResolver.cpp, line 759]
Event: 0.636 Thread 0x000001c34b881990 Exception <a 'java/lang/NoSuchMethodError'{0x00000000c5dbed80}: 'long java.lang.invoke.DirectMethodHandle$Holder.invokeStatic(java.lang.Object, java.lang.Object)'> (0x00000000c5dbed80) 
thrown [s\src\hotspot\share\interpreter\linkResolver.cpp, line 759]
Event: 0.636 Thread 0x000001c34b00c850 Exception <a 'java/lang/NoSuchMethodError'{0x00000000c5d1f338}: 'long java.lang.invoke.DirectMethodHandle$Holder.invokeStatic(java.lang.Object, java.lang.Object)'> (0x00000000c5d1f338) 
thrown [s\src\hotspot\share\interpreter\linkResolver.cpp, line 759]
Event: 0.636 Thread 0x000001c34b881990 Exception <a 'java/lang/NoSuchMethodError'{0x00000000c5dc23c8}: 'long java.lang.invoke.DirectMethodHandle$Holder.invokeStaticInit(java.lang.Object, java.lang.Object)'> (0x00000000c5dc23c8) 
thrown [s\src\hotspot\share\interpreter\linkResolver.cpp, line 759]
Event: 0.636 Thread 0x000001c34b8814b0 Exception <a 'java/lang/NoSuchMethodError'{0x00000000c5e89a10}: 'long java.lang.invoke.DirectMethodHandle$Holder.invokeStaticInit(java.lang.Object, java.lang.Object)'> (0x00000000c5e89a10) 
thrown [s\src\hotspot\share\interpreter\linkResolver.cpp, line 759]
Event: 0.637 Thread 0x000001c34b00c850 Exception <a 'java/lang/NoSuchMethodError'{0x00000000c5d22980}: 'long java.lang.invoke.DirectMethodHandle$Holder.invokeStaticInit(java.lang.Object, java.lang.Object)'> (0x00000000c5d22980) 
thrown [s\src\hotspot\share\interpreter\linkResolver.cpp, line 759]
Event: 0.637 Thread 0x000001c34b8761d0 Exception <a 'java/lang/NoSuchMethodError'{0x00000000c5effd20}: 'long java.lang.invoke.DirectMethodHandle$Holder.invokeStaticInit(java.lang.Object, java.lang.Object)'> (0x00000000c5effd20) 
thrown [s\src\hotspot\share\interpreter\linkResolver.cpp, line 759]
Event: 0.722 Thread 0x000001c34b8761d0 Exception <a 'java/lang/NoSuchMethodError'{0x00000000c4799500}: 'java.lang.Object java.lang.invoke.DirectMethodHandle$Holder.newInvokeSpecial(java.lang.Object, java.lang.Object, int, java.lang.Object, java.lang.Object)'> (0x00000000c4799500) 
thrown [s\src\hotspot\share\interpreter\linkResolver.cpp, line 759]
Event: 0.775 Thread 0x000001c34b00c850 Exception <a 'java/lang/NoSuchMethodError'{0x00000000c71f4fc0}: 'void java.lang.invoke.DirectMethodHandle$Holder.invokeSpecial(java.lang.Object, java.lang.Object, java.lang.Object, java.lang.Object, java.lang.Object)'> (0x00000000c71f4fc0) 
thrown [s\src\hotspot\share\interpreter\linkResolver.cpp, line 759]
Event: 0.775 Thread 0x000001c34b881990 Exception <a 'java/lang/NoSuchMethodError'{0x00000000c71c5990}: 'void java.lang.invoke.DirectMethodHandle$Holder.invokeSpecial(java.lang.Object, java.lang.Object, java.lang.Object, java.lang.Object, java.lang.Object)'> (0x00000000c71c5990) 
thrown [s\src\hotspot\share\interpreter\linkResolver.cpp, line 759]
Event: 0.775 Thread 0x000001c34b8761d0 Exception <a 'java/lang/NoSuchMethodError'{0x00000000c70489b0}: 'void java.lang.invoke.DirectMethodHandle$Holder.invokeSpecial(java.lang.Object, java.lang.Object, java.lang.Object, java.lang.Object, java.lang.Object)'> (0x00000000c70489b0) 
thrown [s\src\hotspot\share\interpreter\linkResolver.cpp, line 759]
Event: 0.775 Thread 0x000001c34b8814b0 Exception <a 'java/lang/NoSuchMethodError'{0x00000000c7035838}: 'void java.lang.invoke.DirectMethodHandle$Holder.invokeSpecial(java.lang.Object, java.lang.Object, java.lang.Object, java.lang.Object, java.lang.Object)'> (0x00000000c7035838) 
thrown [s\src\hotspot\share\interpreter\linkResolver.cpp, line 759]
Event: 1.039 Thread 0x000001c367897800 Exception <a 'java/lang/NoSuchMethodError'{0x00000000cdda5040}: 'java.lang.Object java.lang.invoke.DirectMethodHandle$Holder.invokeStaticInit(java.lang.Object)'> (0x00000000cdda5040) 
thrown [s\src\hotspot\share\interpreter\linkResolver.cpp, line 759]
Event: 1.043 Thread 0x000001c367897800 Exception <a 'java/lang/NoSuchMethodError'{0x00000000cddb7e30}: 'int java.lang.invoke.DirectMethodHandle$Holder.invokeStatic(java.lang.Object, java.lang.Object, java.lang.Object, java.lang.Object)'> (0x00000000cddb7e30) 
thrown [s\src\hotspot\share\interpreter\linkResolver.cpp, line 759]
Event: 1.044 Thread 0x000001c367897800 Exception <a 'java/lang/NoSuchMethodError'{0x00000000cddc3b58}: 'int java.lang.invoke.DirectMethodHandle$Holder.invokeSpecial(java.lang.Object, java.lang.Object, java.lang.Object, java.lang.Object)'> (0x00000000cddc3b58) 
thrown [s\src\hotspot\share\interpreter\linkResolver.cpp, line 759]
Event: 1.076 Thread 0x000001c367897800 Exception <a 'java/lang/NoSuchMethodError'{0x00000000cdcf8f40}: 'void java.lang.invoke.DirectMethodHandle$Holder.invokeInterface(java.lang.Object, java.lang.Object, java.lang.Object)'> (0x00000000cdcf8f40) 
thrown [s\src\hotspot\share\interpreter\linkResolver.cpp, line 759]
Event: 1.076 Thread 0x000001c367897800 Exception <a 'java/lang/IncompatibleClassChangeError'{0x00000000cdcfc300}: Found class java.lang.Object, but interface was expected> (0x00000000cdcfc300) 
thrown [s\src\hotspot\share\interpreter\linkResolver.cpp, line 826]
Event: 1.078 Thread 0x000001c367897800 Exception <a 'java/lang/NoSuchMethodError'{0x00000000cdb066c0}: 'void java.lang.invoke.DirectMethodHandle$Holder.invokeStatic(java.lang.Object, java.lang.Object, java.lang.Object, java.lang.Object, java.lang.Object, java.lang.Object)'> (0x00000000cdb066c0) 
thrown [s\src\hotspot\share\interpreter\linkResolver.cpp, line 759]
Event: 1.079 Thread 0x000001c367897800 Exception <a 'java/lang/NoSuchMethodError'{0x00000000cdb121a0}: 'java.lang.Object java.lang.invoke.DirectMethodHandle$Holder.newInvokeSpecial(java.lang.Object, java.lang.Object, java.lang.Object, java.lang.Object, java.lang.Object)'> (0x00000000cdb121a0) 
thrown [s\src\hotspot\share\interpreter\linkResolver.cpp, line 759]

VM Operations (20 events):
Event: 0.267 Executing VM operation: HandshakeAllThreads
Event: 0.267 Executing VM operation: HandshakeAllThreads done
Event: 0.294 Executing VM operation: HandshakeAllThreads
Event: 0.294 Executing VM operation: HandshakeAllThreads done
Event: 0.343 Executing VM operation: HandshakeAllThreads
Event: 0.343 Executing VM operation: HandshakeAllThreads done
Event: 0.349 Executing VM operation: G1CollectForAllocation
Event: 0.356 Executing VM operation: G1CollectForAllocation done
Event: 0.459 Executing VM operation: G1CollectForAllocation
Event: 0.467 Executing VM operation: G1CollectForAllocation done
Event: 0.528 Executing VM operation: G1CollectForAllocation
Event: 0.535 Executing VM operation: G1CollectForAllocation done
Event: 0.727 Executing VM operation: G1CollectForAllocation
Event: 0.748 Executing VM operation: G1CollectForAllocation done
Event: 0.861 Executing VM operation: G1CollectForAllocation
Event: 0.890 Executing VM operation: G1CollectForAllocation done
Event: 0.942 Executing VM operation: G1CollectForAllocation
Event: 0.969 Executing VM operation: G1CollectForAllocation done
Event: 1.006 Executing VM operation: HandshakeAllThreads
Event: 1.006 Executing VM operation: HandshakeAllThreads done

Events (20 events):
Event: 0.580 loading class java/util/concurrent/RunnableFuture done
Event: 0.580 loading class java/util/concurrent/ForkJoinTask$AdaptedCallable done
Event: 0.581 loading class java/util/concurrent/ForkJoinPool$DefaultForkJoinWorkerThreadFactory$1
Event: 0.581 loading class java/util/concurrent/ForkJoinPool$DefaultForkJoinWorkerThreadFactory$1 done
Event: 0.581 Thread 0x000001c34b8761d0 Thread added: 0x000001c34b8761d0
Event: 0.582 Thread 0x000001c34b8814b0 Thread added: 0x000001c34b8814b0
Event: 0.583 Thread 0x000001c34b881990 Thread added: 0x000001c34b881990
Event: 0.583 Thread 0x000001c34b00c850 Thread added: 0x000001c34b00c850
Event: 0.597 loading class java/lang/reflect/GenericSignatureFormatError
Event: 0.597 loading class java/lang/ClassFormatError
Event: 0.597 loading class java/lang/ClassFormatError done
Event: 0.597 loading class java/lang/reflect/GenericSignatureFormatError done
Event: 0.975 loading class java/util/concurrent/ConcurrentHashMap$TreeNode
Event: 0.976 loading class java/util/concurrent/ConcurrentHashMap$TreeNode done
Event: 0.977 loading class java/util/concurrent/ConcurrentHashMap$TreeBin
Event: 0.978 loading class java/util/concurrent/ConcurrentHashMap$TreeBin done
Event: 1.004 loading class java/util/concurrent/ConcurrentLinkedQueue$Itr
Event: 1.004 loading class java/util/concurrent/ConcurrentLinkedQueue$Itr done
Event: 1.078 loading class java/lang/invoke/MethodHandle$1
Event: 1.078 loading class java/lang/invoke/MethodHandle$1 done


Dynamic libraries:
0x00007ff74eb80000 - 0x00007ff74eb8e000 	C:\Program Files (x86)\Android\openjdk\jdk-17.0.8.101-hotspot\bin\java.exe
0x00007ff94bf30000 - 0x00007ff94c128000 	C:\WINDOWS\SYSTEM32\ntdll.dll
0x00007ff94ad60000 - 0x00007ff94ae1d000 	C:\WINDOWS\System32\KERNEL32.DLL
0x00007ff949600000 - 0x00007ff9498f6000 	C:\WINDOWS\System32\KERNELBASE.dll
0x00007ff949e80000 - 0x00007ff949f80000 	C:\WINDOWS\System32\ucrtbase.dll
0x00007ff92b9c0000 - 0x00007ff92b9d7000 	C:\Program Files (x86)\Android\openjdk\jdk-17.0.8.101-hotspot\bin\jli.dll
0x00007ff92b9a0000 - 0x00007ff92b9bb000 	C:\Program Files (x86)\Android\openjdk\jdk-17.0.8.101-hotspot\bin\VCRUNTIME140.dll
0x00007ff94abc0000 - 0x00007ff94ad5e000 	C:\WINDOWS\System32\USER32.dll
0x00007ff949a90000 - 0x00007ff949ab2000 	C:\WINDOWS\System32\win32u.dll
0x00007ff94a420000 - 0x00007ff94a44c000 	C:\WINDOWS\System32\GDI32.dll
0x00007ff929c30000 - 0x00007ff929eca000 	C:\WINDOWS\WinSxS\amd64_microsoft.windows.common-controls_6595b64144ccf1df_6.0.19041.3636_none_60b6a03d71f818d5\COMCTL32.dll
0x00007ff949ac0000 - 0x00007ff949bda000 	C:\WINDOWS\System32\gdi32full.dll
0x00007ff94bcc0000 - 0x00007ff94bd5e000 	C:\WINDOWS\System32\msvcrt.dll
0x00007ff949900000 - 0x00007ff94999d000 	C:\WINDOWS\System32\msvcp_win.dll
0x00007ff94a210000 - 0x00007ff94a240000 	C:\WINDOWS\System32\IMM32.DLL
0x00007ff92b990000 - 0x00007ff92b99c000 	C:\Program Files (x86)\Android\openjdk\jdk-17.0.8.101-hotspot\bin\vcruntime140_1.dll
0x00007ff91a6f0000 - 0x00007ff91a77d000 	C:\Program Files (x86)\Android\openjdk\jdk-17.0.8.101-hotspot\bin\msvcp140.dll
0x00007ff885f10000 - 0x00007ff886b75000 	C:\Program Files (x86)\Android\openjdk\jdk-17.0.8.101-hotspot\bin\server\jvm.dll
0x00007ff94a450000 - 0x00007ff94a503000 	C:\WINDOWS\System32\ADVAPI32.dll
0x00007ff94b720000 - 0x00007ff94b7bf000 	C:\WINDOWS\System32\sechost.dll
0x00007ff94bd60000 - 0x00007ff94be86000 	C:\WINDOWS\System32\RPCRT4.dll
0x00007ff949a60000 - 0x00007ff949a87000 	C:\WINDOWS\System32\bcrypt.dll
0x00007ff949340000 - 0x00007ff94938b000 	C:\WINDOWS\SYSTEM32\POWRPROF.dll
0x00007ff93a320000 - 0x00007ff93a347000 	C:\WINDOWS\SYSTEM32\WINMM.dll
0x00007ff93d000000 - 0x00007ff93d00a000 	C:\WINDOWS\SYSTEM32\VERSION.dll
0x00007ff92f8d0000 - 0x00007ff92f8d9000 	C:\WINDOWS\SYSTEM32\WSOCK32.dll
0x00007ff94ae20000 - 0x00007ff94ae8b000 	C:\WINDOWS\System32\WS2_32.dll
0x00007ff949320000 - 0x00007ff949332000 	C:\WINDOWS\SYSTEM32\UMPDC.dll
0x00007ff947e00000 - 0x00007ff947e12000 	C:\WINDOWS\SYSTEM32\kernel.appcore.dll
0x00007ff91a6e0000 - 0x00007ff91a6ea000 	C:\Program Files (x86)\Android\openjdk\jdk-17.0.8.101-hotspot\bin\jimage.dll
0x00007ff947380000 - 0x00007ff947564000 	C:\WINDOWS\SYSTEM32\DBGHELP.DLL
0x00007ff913d70000 - 0x00007ff913da4000 	C:\WINDOWS\SYSTEM32\dbgcore.DLL
0x00007ff949be0000 - 0x00007ff949c62000 	C:\WINDOWS\System32\bcryptPrimitives.dll
0x00007ff91a6b0000 - 0x00007ff91a6d5000 	C:\Program Files (x86)\Android\openjdk\jdk-17.0.8.101-hotspot\bin\java.dll
0x00007ff8e8c40000 - 0x00007ff8e8d17000 	C:\Program Files (x86)\Android\openjdk\jdk-17.0.8.101-hotspot\bin\jsvml.dll
0x00007ff94afd0000 - 0x00007ff94b715000 	C:\WINDOWS\System32\SHELL32.dll
0x00007ff947650000 - 0x00007ff947deb000 	C:\WINDOWS\SYSTEM32\windows.storage.dll
0x00007ff94b8e0000 - 0x00007ff94bc34000 	C:\WINDOWS\System32\combase.dll
0x00007ff948e80000 - 0x00007ff948ead000 	C:\WINDOWS\SYSTEM32\Wldp.dll
0x00007ff94a2a0000 - 0x00007ff94a34d000 	C:\WINDOWS\System32\SHCORE.dll
0x00007ff94aea0000 - 0x00007ff94aef5000 	C:\WINDOWS\System32\shlwapi.dll
0x00007ff949530000 - 0x00007ff949555000 	C:\WINDOWS\SYSTEM32\profapi.dll
0x00007ff91a690000 - 0x00007ff91a6a9000 	C:\Program Files (x86)\Android\openjdk\jdk-17.0.8.101-hotspot\bin\net.dll
0x00007ff9436d0000 - 0x00007ff9437da000 	C:\WINDOWS\SYSTEM32\WINHTTP.dll
0x00007ff948c60000 - 0x00007ff948cca000 	C:\WINDOWS\system32\mswsock.dll
0x00007ff91a670000 - 0x00007ff91a686000 	C:\Program Files (x86)\Android\openjdk\jdk-17.0.8.101-hotspot\bin\nio.dll
0x00007ff91a650000 - 0x00007ff91a668000 	C:\Program Files (x86)\Android\openjdk\jdk-17.0.8.101-hotspot\bin\zip.dll
0x00007ff91a640000 - 0x00007ff91a650000 	C:\Program Files (x86)\Android\openjdk\jdk-17.0.8.101-hotspot\bin\verify.dll

dbghelp: loaded successfully - version: 4.0.5 - missing functions: none
symbol engine: initialized successfully - sym options: 0x614 - pdb path: .;C:\Program Files (x86)\Android\openjdk\jdk-17.0.8.101-hotspot\bin;C:\WINDOWS\SYSTEM32;C:\WINDOWS\WinSxS\amd64_microsoft.windows.common-controls_6595b64144ccf1df_6.0.19041.3636_none_60b6a03d71f818d5;C:\Program Files (x86)\Android\openjdk\jdk-17.0.8.101-hotspot\bin\server

VM Arguments:
jvm_args: -Xmx1G 
java_command: com.android.tools.r8.D8 --debug --min-api 21 --output obj\Debug\130\android\bin\ --lib C:\Program Files (x86)\Android\android-sdk\platforms\android-33\android.jar obj\Debug\130\android\bin\classes.zip C:\Program Files\Microsoft Visual Studio\2022\Community\Common7\IDE\ReferenceAssemblies\Microsoft\Framework\MonoAndroid\v13.0\mono.android.jar C:\Program Files\Microsoft Visual Studio\2022\Community\MSBuild\Xamarin\Android\java_runtime_fastdev.jar C:\Users\Administrateur\.nuget\packages\xamarin.google.guava.listenablefuture\1.0.0.2\buildTransitive\monoandroid50\guava-listenablefuture.jar C:\Users\Administrateur\.nuget\packages\xamarin.androidx.annotation\1.2.0.1\buildTransitive\monoandroid90\..\..\jar\androidx.annotation.annotation.jar C:\Users\Administrateur\.nuget\packages\xamarin.androidx.collection\1.1.0.8\buildTransitive\monoandroid90\..\..\jar\androidx.collection.collection.jar C:\Users\Administrateur\.nuget\packages\xamarin.androidx.lifecycle.common\2.3.1.1\buildTransitive\monoandroid90\..\..\jar\androidx.lifecycle.lifecycle-common.jar C:\Users\Administrateur\.nuget\packages\xamarin.androidx.arch.core.common\2.1.0.9\buildTransitive\monoandroid90\..\..\jar\androidx.arch.core.core-common.jar C:\Users\Administrateur\.nuget\packages\xamarin.androidx.constraintlayout.core\1.0.0\buildTransitive\monoandroid90\..\..\jar\androidx.constraintlayout.constraintlayout-core.jar C:\Users\Administrateur\.nuget\packages\xamarin.androidx.concurrent.futures\1.1.0.3\buildTransitive\monoandroid90\..\..\jar\androidx.concurrent.concurrent-futures.jar obj\Debug\130\lp\0\jl\formsviewgroup.jar obj\Debug\130\lp\100\jl\classes.jar obj\Debug\130\lp\101\jl\classes.jar obj\Debug\130\lp\102\jl\classes.jar obj\Debug\130\lp\104\jl\classes.jar obj\Debug\130\lp\59\jl\classes.jar obj\Debug\130\lp\60\jl\classes.jar obj\Debug\130\lp\61\jl\classes.jar obj\Debug\130\lp\62\jl\classes.jar obj\Debug\130\lp\63\jl\classes.jar obj\Debug\130\lp\64\jl\classes.jar obj\Debug\130\lp\65\jl\classes.j
java_class_path (initial): C:\Program Files\Microsoft Visual Studio\2022\Community\MSBuild\Xamarin\Android\r8.jar
Launcher Type: SUN_STANDARD

[Global flags]
     intx CICompilerCount                          = 4                                         {product} {ergonomic}
     uint ConcGCThreads                            = 2                                         {product} {ergonomic}
     uint G1ConcRefinementThreads                  = 8                                         {product} {ergonomic}
   size_t G1HeapRegionSize                         = 1048576                                   {product} {ergonomic}
    uintx GCDrainStackTargetSize                   = 64                                        {product} {ergonomic}
   size_t InitialHeapSize                          = 130023424                                 {product} {ergonomic}
   size_t MarkStackSize                            = 4194304                                   {product} {ergonomic}
   size_t MaxHeapSize                              = 1073741824                                {product} {command line}
   size_t MaxNewSize                               = 643825664                                 {product} {ergonomic}
   size_t MinHeapDeltaBytes                        = 1048576                                   {product} {ergonomic}
   size_t MinHeapSize                              = 8388608                                   {product} {ergonomic}
    uintx NonNMethodCodeHeapSize                   = 5839372                                {pd product} {ergonomic}
    uintx NonProfiledCodeHeapSize                  = 122909434                              {pd product} {ergonomic}
    uintx ProfiledCodeHeapSize                     = 122909434                              {pd product} {ergonomic}
    uintx ReservedCodeCacheSize                    = 251658240                              {pd product} {ergonomic}
     bool SegmentedCodeCache                       = true                                      {product} {ergonomic}
   size_t SoftMaxHeapSize                          = 1073741824                             {manageable} {ergonomic}
     bool UseCompressedClassPointers               = true                           {product lp64_product} {ergonomic}
     bool UseCompressedOops                        = true                           {product lp64_product} {ergonomic}
     bool UseG1GC                                  = true                                      {product} {ergonomic}
     bool UseLargePagesIndividualAllocation        = false                                  {pd product} {ergonomic}

Logging:
Log output configuration:
 #0: stdout all=warning uptime,level,tags
 #1: stderr all=off uptime,level,tags

Environment Variables:
PATH=C:\Program Files (x86)\Android\openjdk\jdk-17.0.8.101-hotspot\bin;C:\WINDOWS\system32;C:\WINDOWS;C:\WINDOWS\System32\Wbem;C:\WINDOWS\System32\WindowsPowerShell\v1.0\;C:\WINDOWS\System32\OpenSSH\;C:\Program Files\dotnet\;C:\Program Files\Git\cmd;C:\Users\Administrateur\AppData\Local\Microsoft\WindowsApps;C:\Users\Administrateur\.dotnet\tools;C:\Users\Administrateur\AppData\Local\Programs\Microsoft VS Code\bin
USERNAME=pret
OS=Windows_NT
PROCESSOR_IDENTIFIER=Intel64 Family 6 Model 140 Stepping 1, GenuineIntel
TMP=C:\Users\ADMINI~1\AppData\Local\Temp
TEMP=C:\Users\ADMINI~1\AppData\Local\Temp



---------------  S Y S T E M  ---------------

OS:
 Windows 10 , 64 bit Build 19041 (10.0.19041.3636)
OS uptime: 1 days 5:20 hours
Hyper-V role detected

CPU: total 8 (initial active 8) (4 cores per cpu, 2 threads per core) family 6 model 140 stepping 1 microcode 0xb4, cx8, cmov, fxsr, ht, mmx, 3dnowpref, sse, sse2, sse3, ssse3, sse4.1, sse4.2, popcnt, lzcnt, tsc, tscinvbit, avx, avx2, aes, erms, clmul, bmi1, bmi2, adx, avx512f, avx512dq, avx512cd, avx512bw, avx512vl, sha, fma, vzeroupper, avx512_vpopcntdq, avx512_vpclmulqdq, avx512_vaes, avx512_vnni, clflush, clflushopt, clwb, avx512_vbmi2, avx512_vbmi, hv
Processor Information for all 8 processors :
  Max Mhz: 1382, Current Mhz: 1382, Mhz Limit: 1382

Memory: 4k page, system-wide physical 7934M (792M free)
TotalPageFile size 7934M (AvailPageFile size 5M)
current process WorkingSet (physical memory assigned to process): 221M, peak: 221M
current process commit charge ("private bytes"): 385M, peak: 386M

vm_info: OpenJDK 64-Bit Server VM (17.0.8.1+1-LTS) for windows-amd64 JRE (17.0.8.1+1-LTS), built on Aug 23 2023 17:38:52 by "MicrosoftCorporation" with MS VC++ 16.10 / 16.11 (VS2019)

END.
