#
# There is insufficient memory for the Java Runtime Environment to continue.
# Native memory allocation (mmap) failed to map 130023424 bytes for G1 virtual space
# Possible reasons:
#   The system is out of physical RAM or swap space
#   The process is running with CompressedOops enabled, and the Java Heap may be blocking the growth of the native heap
# Possible solutions:
#   Reduce memory load on the system
#   Increase physical memory or swap space
#   Check if swap backing store is full
#   Decrease Java heap size (-Xmx/-Xms)
#   Decrease number of Java threads
#   Decrease Java thread stack sizes (-Xss)
#   Set larger code cache with -XX:ReservedCodeCacheSize=
#   JVM is running with Unscaled Compressed Oops mode in which the Java heap is
#     placed in the first 4GB address space. The Java Heap base address is the
#     maximum limit for the native heap growth. Please use -XX:HeapBaseMinAddress
#     to set the Java Heap base and to place the Java Heap above 4GB virtual address.
# This output file may be truncated or incomplete.
#
#  Out of Memory Error (os_windows.cpp:3617), pid=8296, tid=12712
#
# JRE version: OpenJDK Runtime Environment Microsoft-8297089 (17.0.8.1+1) (build 17.0.8.1+1-LTS)
# Java VM: OpenJDK 64-Bit Server VM Microsoft-8297089 (17.0.8.1+1-LTS, mixed mode, sharing, tiered, compressed oops, compressed class ptrs, g1 gc, windows-amd64)
# No core dump will be written. Minidumps are not enabled by default on client versions of Windows
#

---------------  S U M M A R Y ------------

Command Line: com.xamarin.manifestmerger.Main obj\Debug\130\android\manifestmerger.rsp

Host: 11th Gen Intel(R) Core(TM) i5-1135G7 @ 2.40GHz, 8 cores, 7G,  Windows 10 , 64 bit Build 19041 (10.0.19041.3636)
Time: Mon Feb 12 01:48:32 2024 Paris, Madrid elapsed time: 0.657729 seconds (0d 0h 0m 0s)

---------------  T H R E A D  ---------------

Current thread (0x0000024b3bbbc810):  VMThread "VM Thread" [stack: 0x000000cdc0000000,0x000000cdc0100000] [id=12712]

Stack: [0x000000cdc0000000,0x000000cdc0100000]
Native frames: (J=compiled Java code, j=interpreted, Vv=VM code, C=native code)
V  [jvm.dll+0x67bf3a]
V  [jvm.dll+0x83a024]
V  [jvm.dll+0x83b7ce]
V  [jvm.dll+0x83be33]
V  [jvm.dll+0x24785f]
V  [jvm.dll+0x678cb9]
V  [jvm.dll+0x66d54a]
V  [jvm.dll+0x308feb]
V  [jvm.dll+0x310496]
V  [jvm.dll+0x36019e]
V  [jvm.dll+0x3603cf]
V  [jvm.dll+0x2dff38]
V  [jvm.dll+0x2de114]
V  [jvm.dll+0x2dd71c]
V  [jvm.dll+0x321761]
V  [jvm.dll+0x84032b]
V  [jvm.dll+0x841064]
V  [jvm.dll+0x84157d]
V  [jvm.dll+0x841954]
V  [jvm.dll+0x841a20]
V  [jvm.dll+0x7ea13a]
V  [jvm.dll+0x67ad85]
C  [ucrtbase.dll+0x21bb2]
C  [KERNEL32.DLL+0x17344]
C  [ntdll.dll+0x526b1]

VM_Operation (0x000000cdbfafd890): G1TryInitiateConcMark, mode: safepoint, requested by thread 0x0000024b1d9b1d70


---------------  P R O C E S S  ---------------

Threads class SMR info:
_java_thread_list=0x0000024b7d1093e0, length=14, elements={
0x0000024b1d9b1d70, 0x0000024b3bbc1a80, 0x0000024b3bbc26c0, 0x0000024b3bbd8d50,
0x0000024b3bbd9710, 0x0000024b3bbdc0e0, 0x0000024b3bbdcaa0, 0x0000024b3bbdebb0,
0x0000024b3bbdf5b0, 0x0000024b3bbe7fc0, 0x0000024b7d103050, 0x0000024b7d1002c0,
0x0000024b7d147cf0, 0x0000024b7d334b10
}

Java Threads: ( => current thread )
  0x0000024b1d9b1d70 JavaThread "main" [_thread_blocked, id=8972, stack(0x000000cdbfa00000,0x000000cdbfb00000)]
  0x0000024b3bbc1a80 JavaThread "Reference Handler" daemon [_thread_blocked, id=11916, stack(0x000000cdc0100000,0x000000cdc0200000)]
  0x0000024b3bbc26c0 JavaThread "Finalizer" daemon [_thread_blocked, id=9900, stack(0x000000cdc0200000,0x000000cdc0300000)]
  0x0000024b3bbd8d50 JavaThread "Signal Dispatcher" daemon [_thread_blocked, id=13328, stack(0x000000cdc0300000,0x000000cdc0400000)]
  0x0000024b3bbd9710 JavaThread "Attach Listener" daemon [_thread_blocked, id=8572, stack(0x000000cdc0400000,0x000000cdc0500000)]
  0x0000024b3bbdc0e0 JavaThread "Service Thread" daemon [_thread_blocked, id=644, stack(0x000000cdc0500000,0x000000cdc0600000)]
  0x0000024b3bbdcaa0 JavaThread "Monitor Deflation Thread" daemon [_thread_blocked, id=2932, stack(0x000000cdc0600000,0x000000cdc0700000)]
  0x0000024b3bbdebb0 JavaThread "C2 CompilerThread0" daemon [_thread_blocked, id=4360, stack(0x000000cdc0700000,0x000000cdc0800000)]
  0x0000024b3bbdf5b0 JavaThread "C1 CompilerThread0" daemon [_thread_blocked, id=2304, stack(0x000000cdc0800000,0x000000cdc0900000)]
  0x0000024b3bbe7fc0 JavaThread "Sweeper thread" daemon [_thread_blocked, id=1796, stack(0x000000cdc0900000,0x000000cdc0a00000)]
  0x0000024b7d103050 JavaThread "Notification Thread" daemon [_thread_blocked, id=10624, stack(0x000000cdc0a00000,0x000000cdc0b00000)]
  0x0000024b7d1002c0 JavaThread "Common-Cleaner" daemon [_thread_blocked, id=14236, stack(0x000000cdc0c00000,0x000000cdc0d00000)]
  0x0000024b7d147cf0 JavaThread "C2 CompilerThread1" daemon [_thread_blocked, id=4252, stack(0x000000cdc0d00000,0x000000cdc0e00000)]
  0x0000024b7d334b10 JavaThread "C2 CompilerThread2" daemon [_thread_blocked, id=10912, stack(0x000000cdc0e00000,0x000000cdc0f00000)]

Other Threads:
=>0x0000024b3bbbc810 VMThread "VM Thread" [stack: 0x000000cdc0000000,0x000000cdc0100000] [id=12712]
  0x0000024b7d104680 WatcherThread [stack: 0x000000cdc0b00000,0x000000cdc0c00000] [id=10952]
  0x0000024b1da0c6b0 GCTaskThread "GC Thread#0" [stack: 0x000000cdbfb00000,0x000000cdbfc00000] [id=8032]
  0x0000024b7d3fec50 GCTaskThread "GC Thread#1" [stack: 0x000000cdc0f00000,0x000000cdc1000000] [id=2824]
  0x0000024b7d611a50 GCTaskThread "GC Thread#2" [stack: 0x000000cdc1000000,0x000000cdc1100000] [id=11880]
  0x0000024b7d863d90 GCTaskThread "GC Thread#3" [stack: 0x000000cdc1500000,0x000000cdc1600000] [id=13936]
  0x0000024b7d7ebd60 GCTaskThread "GC Thread#4" [stack: 0x000000cdc1600000,0x000000cdc1700000] [id=11928]
  0x0000024b1da39610 ConcurrentGCThread "G1 Main Marker" [stack: 0x000000cdbfc00000,0x000000cdbfd00000] [id=10860]
  0x0000024b1da3a020 ConcurrentGCThread "G1 Conc#0" [stack: 0x000000cdbfd00000,0x000000cdbfe00000] [id=10088]
  0x0000024b1da6ebf0 ConcurrentGCThread "G1 Refine#0" [stack: 0x000000cdbfe00000,0x000000cdbff00000] [id=8144]
  0x0000024b7d304620 ConcurrentGCThread "G1 Refine#1" [stack: 0x000000cdc1100000,0x000000cdc1200000] [id=4172]
  0x0000024b7d2fb050 ConcurrentGCThread "G1 Refine#2" [stack: 0x000000cdc1200000,0x000000cdc1300000] [id=2720]
  0x0000024b7d485100 ConcurrentGCThread "G1 Refine#3" [stack: 0x000000cdc1300000,0x000000cdc1400000] [id=12880]
  0x0000024b7d2bb8f0 ConcurrentGCThread "G1 Refine#4" [stack: 0x000000cdc1400000,0x000000cdc1500000] [id=13840]
  0x0000024b7d8e9860 ConcurrentGCThread "G1 Refine#5" [stack: 0x000000cdc1700000,0x000000cdc1800000] [id=4548]
  0x0000024b7d8e9b50 ConcurrentGCThread "G1 Refine#6" [stack: 0x000000cdc1800000,0x000000cdc1900000] [id=2752]
  0x0000024b3ba66b80 ConcurrentGCThread "G1 Service" [stack: 0x000000cdbff00000,0x000000cdc0000000] [id=3552]

Threads with active compile tasks:
C2 CompilerThread2      674  738       4       sun.security.util.SignatureFileVerifier::updateSigners (132 bytes)

VM state: at safepoint (normal execution)

VM Mutex/Monitor currently owned by a thread:  ([mutex/lock_event])
[0x0000024b1d9ac5f0] Threads_lock - owner thread: 0x0000024b3bbbc810
[0x0000024b1d9ad490] Heap_lock - owner thread: 0x0000024b1d9b1d70

Heap address: 0x0000000084000000, size: 1984 MB, Compressed Oops mode: 32-bit

CDS archive(s) mapped at: [0x0000024b3c000000-0x0000024b3cbd0000-0x0000024b3cbd0000), size 12386304, SharedBaseAddress: 0x0000024b3c000000, ArchiveRelocationMode: 1.
Compressed class space mapped at: 0x0000024b3d000000-0x0000024b7d000000, reserved size: 1073741824
Narrow klass base: 0x0000024b3c000000, Narrow klass shift: 0, Narrow klass range: 0x100000000

GC Precious Log:
 CPUs: 8 total, 8 available
 Memory: 7934M
 Large Page Support: Disabled
 NUMA Support: Disabled
 Compressed Oops: Enabled (32-bit)
 Heap Region Size: 1M
 Heap Min Capacity: 8M
 Heap Initial Capacity: 124M
 Heap Max Capacity: 1984M
 Pre-touch: Disabled
 Parallel Workers: 8
 Concurrent Workers: 2
 Concurrent Refinement Workers: 8
 Periodic GC: Disabled

Heap:
 garbage-first heap   total 126976K, used 65024K [0x0000000084000000, 0x0000000100000000)
  region size 1024K, 4 young (4096K), 4 survivors (4096K)
 Metaspace       used 3319K, committed 3520K, reserved 1114112K
  class space    used 329K, committed 448K, reserved 1048576K

Heap Regions: E=young(eden), S=young(survivor), O=old, HS=humongous(starts), HC=humongous(continues), CS=collection set, F=free, OA=open archive, CA=closed archive, TAMS=top-at-mark-start (previous, next)
|   0|0x0000000084000000, 0x0000000084100000, 0x0000000084100000|100%|HS|  |TAMS 0x0000000084000000, 0x0000000084100000| Complete 
|   1|0x0000000084100000, 0x0000000084200000, 0x0000000084200000|100%|HC|  |TAMS 0x0000000084100000, 0x0000000084200000| Complete 
|   2|0x0000000084200000, 0x0000000084300000, 0x0000000084300000|100%|HC|  |TAMS 0x0000000084200000, 0x0000000084300000| Complete 
|   3|0x0000000084300000, 0x0000000084400000, 0x0000000084400000|100%| O|  |TAMS 0x0000000084300000, 0x0000000084400000| Untracked 
|   4|0x0000000084400000, 0x0000000084500000, 0x0000000084500000|100%| O|  |TAMS 0x0000000084400000, 0x0000000084500000| Untracked 
|   5|0x0000000084500000, 0x0000000084600000, 0x0000000084600000|100%| O|  |TAMS 0x0000000084500000, 0x0000000084600000| Untracked 
|   6|0x0000000084600000, 0x0000000084700000, 0x0000000084700000|100%|HS|  |TAMS 0x0000000084600000, 0x0000000084700000| Complete 
|   7|0x0000000084700000, 0x0000000084800000, 0x0000000084800000|100%|HC|  |TAMS 0x0000000084700000, 0x0000000084800000| Complete 
|   8|0x0000000084800000, 0x0000000084900000, 0x0000000084900000|100%|HC|  |TAMS 0x0000000084800000, 0x0000000084900000| Complete 
|   9|0x0000000084900000, 0x0000000084a00000, 0x0000000084a00000|100%| O|  |TAMS 0x0000000084900000, 0x0000000084a00000| Untracked 
|  10|0x0000000084a00000, 0x0000000084b00000, 0x0000000084b00000|100%| O|  |TAMS 0x0000000084a00000, 0x0000000084b00000| Untracked 
|  11|0x0000000084b00000, 0x0000000084c00000, 0x0000000084c00000|100%| O|  |TAMS 0x0000000084b00000, 0x0000000084c00000| Untracked 
|  12|0x0000000084c00000, 0x0000000084d00000, 0x0000000084d00000|100%|HS|  |TAMS 0x0000000084c00000, 0x0000000084d00000| Complete 
|  13|0x0000000084d00000, 0x0000000084e00000, 0x0000000084e00000|100%|HC|  |TAMS 0x0000000084d00000, 0x0000000084e00000| Complete 
|  14|0x0000000084e00000, 0x0000000084f00000, 0x0000000084f00000|100%|HC|  |TAMS 0x0000000084e00000, 0x0000000084f00000| Complete 
|  15|0x0000000084f00000, 0x0000000085000000, 0x0000000085000000|100%|HS|  |TAMS 0x0000000084f00000, 0x0000000085000000| Complete 
|  16|0x0000000085000000, 0x0000000085100000, 0x0000000085100000|100%|HC|  |TAMS 0x0000000085000000, 0x0000000085100000| Complete 
|  17|0x0000000085100000, 0x0000000085200000, 0x0000000085200000|100%|HC|  |TAMS 0x0000000085100000, 0x0000000085200000| Complete 
|  18|0x0000000085200000, 0x0000000085300000, 0x0000000085300000|100%| O|  |TAMS 0x0000000085200000, 0x0000000085300000| Untracked 
|  19|0x0000000085300000, 0x0000000085400000, 0x0000000085400000|100%| O|  |TAMS 0x0000000085300000, 0x0000000085400000| Untracked 
|  20|0x0000000085400000, 0x0000000085500000, 0x0000000085500000|100%| O|  |TAMS 0x0000000085400000, 0x0000000085500000| Untracked 
|  21|0x0000000085500000, 0x0000000085600000, 0x0000000085600000|100%| O|  |TAMS 0x0000000085500000, 0x0000000085600000| Untracked 
|  22|0x0000000085600000, 0x0000000085700000, 0x0000000085700000|100%| O|  |TAMS 0x0000000085600000, 0x0000000085700000| Untracked 
|  23|0x0000000085700000, 0x0000000085800000, 0x0000000085800000|100%| O|  |TAMS 0x0000000085700000, 0x0000000085800000| Untracked 
|  24|0x0000000085800000, 0x0000000085900000, 0x0000000085900000|100%| O|  |TAMS 0x0000000085800000, 0x0000000085900000| Untracked 
|  25|0x0000000085900000, 0x0000000085a00000, 0x0000000085a00000|100%| O|  |TAMS 0x0000000085900000, 0x0000000085a00000| Untracked 
|  26|0x0000000085a00000, 0x0000000085b00000, 0x0000000085b00000|100%| O|  |TAMS 0x0000000085a00000, 0x0000000085b00000| Untracked 
|  27|0x0000000085b00000, 0x0000000085c00000, 0x0000000085c00000|100%| O|  |TAMS 0x0000000085b00000, 0x0000000085c00000| Untracked 
|  28|0x0000000085c00000, 0x0000000085d00000, 0x0000000085d00000|100%| O|  |TAMS 0x0000000085c00000, 0x0000000085d00000| Untracked 
|  29|0x0000000085d00000, 0x0000000085e00000, 0x0000000085e00000|100%| O|  |TAMS 0x0000000085d00000, 0x0000000085e00000| Untracked 
|  30|0x0000000085e00000, 0x0000000085f00000, 0x0000000085f00000|100%| O|  |TAMS 0x0000000085e00000, 0x0000000085f00000| Untracked 
|  31|0x0000000085f00000, 0x0000000086000000, 0x0000000086000000|100%| O|  |TAMS 0x0000000085f00000, 0x0000000085f00000| Untracked 
|  32|0x0000000086000000, 0x0000000086100000, 0x0000000086100000|100%| O|  |TAMS 0x0000000086000000, 0x0000000086000000| Untracked 
|  33|0x0000000086100000, 0x0000000086200000, 0x0000000086200000|100%| O|  |TAMS 0x0000000086100000, 0x0000000086100000| Untracked 
|  34|0x0000000086200000, 0x0000000086300000, 0x0000000086300000|100%|HS|  |TAMS 0x0000000086200000, 0x0000000086300000| Complete 
|  35|0x0000000086300000, 0x0000000086400000, 0x0000000086400000|100%|HC|  |TAMS 0x0000000086300000, 0x0000000086400000| Complete 
|  36|0x0000000086400000, 0x0000000086500000, 0x0000000086500000|100%|HC|  |TAMS 0x0000000086400000, 0x0000000086500000| Complete 
|  37|0x0000000086500000, 0x0000000086600000, 0x0000000086600000|100%| O|  |TAMS 0x0000000086500000, 0x0000000086600000| Untracked 
|  38|0x0000000086600000, 0x0000000086700000, 0x0000000086700000|100%| O|  |TAMS 0x0000000086600000, 0x0000000086700000| Untracked 
|  39|0x0000000086700000, 0x0000000086800000, 0x0000000086800000|100%| O|  |TAMS 0x0000000086700000, 0x0000000086800000| Untracked 
|  40|0x0000000086800000, 0x0000000086900000, 0x0000000086900000|100%|HS|  |TAMS 0x0000000086800000, 0x0000000086900000| Complete 
|  41|0x0000000086900000, 0x0000000086a00000, 0x0000000086a00000|100%|HC|  |TAMS 0x0000000086900000, 0x0000000086a00000| Complete 
|  42|0x0000000086a00000, 0x0000000086b00000, 0x0000000086b00000|100%|HC|  |TAMS 0x0000000086a00000, 0x0000000086b00000| Complete 
|  43|0x0000000086b00000, 0x0000000086c00000, 0x0000000086c00000|100%|HS|  |TAMS 0x0000000086b00000, 0x0000000086c00000| Complete 
|  44|0x0000000086c00000, 0x0000000086d00000, 0x0000000086d00000|100%|HC|  |TAMS 0x0000000086c00000, 0x0000000086d00000| Complete 
|  45|0x0000000086d00000, 0x0000000086e00000, 0x0000000086e00000|100%|HC|  |TAMS 0x0000000086d00000, 0x0000000086e00000| Complete 
|  46|0x0000000086e00000, 0x0000000086f00000, 0x0000000086f00000|100%| O|  |TAMS 0x0000000086e00000, 0x0000000086f00000| Untracked 
|  47|0x0000000086f00000, 0x0000000087000000, 0x0000000087000000|100%| O|  |TAMS 0x0000000086f00000, 0x0000000087000000| Untracked 
|  48|0x0000000087000000, 0x0000000087100000, 0x0000000087100000|100%| O|  |TAMS 0x0000000087000000, 0x0000000087100000| Untracked 
|  49|0x0000000087100000, 0x0000000087200000, 0x0000000087200000|100%| O|  |TAMS 0x0000000087100000, 0x0000000087200000| Untracked 
|  50|0x0000000087200000, 0x0000000087300000, 0x0000000087300000|100%| O|  |TAMS 0x0000000087200000, 0x0000000087300000| Untracked 
|  51|0x0000000087300000, 0x0000000087400000, 0x0000000087400000|100%| O|  |TAMS 0x0000000087300000, 0x0000000087400000| Untracked 
|  52|0x0000000087400000, 0x0000000087500000, 0x0000000087500000|100%| O|  |TAMS 0x0000000087400000, 0x0000000087500000| Untracked 
|  53|0x0000000087500000, 0x0000000087600000, 0x0000000087600000|100%| O|  |TAMS 0x0000000087500000, 0x0000000087600000| Untracked 
|  54|0x0000000087600000, 0x0000000087700000, 0x0000000087700000|100%| O|  |TAMS 0x0000000087600000, 0x0000000087700000| Untracked 
|  55|0x0000000087700000, 0x0000000087800000, 0x0000000087800000|100%| O|  |TAMS 0x0000000087700000, 0x0000000087800000| Untracked 
|  56|0x0000000087800000, 0x0000000087900000, 0x0000000087900000|100%| O|  |TAMS 0x0000000087800000, 0x0000000087900000| Untracked 
|  57|0x0000000087900000, 0x0000000087a00000, 0x0000000087a00000|100%| O|  |TAMS 0x0000000087900000, 0x0000000087a00000| Untracked 
|  58|0x0000000087a00000, 0x0000000087b00000, 0x0000000087b00000|100%| O|  |TAMS 0x0000000087a00000, 0x0000000087a71000| Untracked 
|  59|0x0000000087b00000, 0x0000000087b80000, 0x0000000087c00000| 50%| O|  |TAMS 0x0000000087b00000, 0x0000000087b00000| Untracked 
|  60|0x0000000087c00000, 0x0000000087c00000, 0x0000000087d00000|  0%| F|  |TAMS 0x0000000087c00000, 0x0000000087c00000| Untracked 
|  61|0x0000000087d00000, 0x0000000087d00000, 0x0000000087e00000|  0%| F|  |TAMS 0x0000000087d00000, 0x0000000087d00000| Untracked 
|  62|0x0000000087e00000, 0x0000000087e00000, 0x0000000087f00000|  0%| F|  |TAMS 0x0000000087e00000, 0x0000000087e00000| Untracked 
|  63|0x0000000087f00000, 0x0000000087f00000, 0x0000000088000000|  0%| F|  |TAMS 0x0000000087f00000, 0x0000000087f00000| Untracked 
|  64|0x0000000088000000, 0x0000000088000000, 0x0000000088100000|  0%| F|  |TAMS 0x0000000088000000, 0x0000000088000000| Untracked 
|  65|0x0000000088100000, 0x0000000088100000, 0x0000000088200000|  0%| F|  |TAMS 0x0000000088100000, 0x0000000088100000| Untracked 
|  66|0x0000000088200000, 0x0000000088200000, 0x0000000088300000|  0%| F|  |TAMS 0x0000000088200000, 0x0000000088200000| Untracked 
|  67|0x0000000088300000, 0x0000000088300000, 0x0000000088400000|  0%| F|  |TAMS 0x0000000088300000, 0x0000000088300000| Untracked 
|  68|0x0000000088400000, 0x0000000088400000, 0x0000000088500000|  0%| F|  |TAMS 0x0000000088400000, 0x0000000088400000| Untracked 
|  69|0x0000000088500000, 0x0000000088500000, 0x0000000088600000|  0%| F|  |TAMS 0x0000000088500000, 0x0000000088500000| Untracked 
|  70|0x0000000088600000, 0x0000000088600000, 0x0000000088700000|  0%| F|  |TAMS 0x0000000088600000, 0x0000000088600000| Untracked 
|  71|0x0000000088700000, 0x0000000088700000, 0x0000000088800000|  0%| F|  |TAMS 0x0000000088700000, 0x0000000088700000| Untracked 
|  72|0x0000000088800000, 0x0000000088800000, 0x0000000088900000|  0%| F|  |TAMS 0x0000000088800000, 0x0000000088800000| Untracked 
|  73|0x0000000088900000, 0x0000000088900000, 0x0000000088a00000|  0%| F|  |TAMS 0x0000000088900000, 0x0000000088900000| Untracked 
|  74|0x0000000088a00000, 0x0000000088a00000, 0x0000000088b00000|  0%| F|  |TAMS 0x0000000088a00000, 0x0000000088a00000| Untracked 
|  75|0x0000000088b00000, 0x0000000088b00000, 0x0000000088c00000|  0%| F|  |TAMS 0x0000000088b00000, 0x0000000088b00000| Untracked 
|  76|0x0000000088c00000, 0x0000000088c00000, 0x0000000088d00000|  0%| F|  |TAMS 0x0000000088c00000, 0x0000000088c00000| Untracked 
|  77|0x0000000088d00000, 0x0000000088d00000, 0x0000000088e00000|  0%| F|  |TAMS 0x0000000088d00000, 0x0000000088d00000| Untracked 
|  78|0x0000000088e00000, 0x0000000088e00000, 0x0000000088f00000|  0%| F|  |TAMS 0x0000000088e00000, 0x0000000088e00000| Untracked 
|  79|0x0000000088f00000, 0x0000000088f00000, 0x0000000089000000|  0%| F|  |TAMS 0x0000000088f00000, 0x0000000088f00000| Untracked 
|  80|0x0000000089000000, 0x0000000089000000, 0x0000000089100000|  0%| F|  |TAMS 0x0000000089000000, 0x0000000089000000| Untracked 
|  81|0x0000000089100000, 0x0000000089100000, 0x0000000089200000|  0%| F|  |TAMS 0x0000000089100000, 0x0000000089100000| Untracked 
|  82|0x0000000089200000, 0x0000000089200000, 0x0000000089300000|  0%| F|  |TAMS 0x0000000089200000, 0x0000000089200000| Untracked 
|  83|0x0000000089300000, 0x0000000089300000, 0x0000000089400000|  0%| F|  |TAMS 0x0000000089300000, 0x0000000089300000| Untracked 
|  84|0x0000000089400000, 0x0000000089400000, 0x0000000089500000|  0%| F|  |TAMS 0x0000000089400000, 0x0000000089400000| Untracked 
|  85|0x0000000089500000, 0x0000000089500000, 0x0000000089600000|  0%| F|  |TAMS 0x0000000089500000, 0x0000000089500000| Untracked 
|  86|0x0000000089600000, 0x0000000089600000, 0x0000000089700000|  0%| F|  |TAMS 0x0000000089600000, 0x0000000089600000| Untracked 
|  87|0x0000000089700000, 0x0000000089700000, 0x0000000089800000|  0%| F|  |TAMS 0x0000000089700000, 0x0000000089700000| Untracked 
|  88|0x0000000089800000, 0x0000000089800000, 0x0000000089900000|  0%| F|  |TAMS 0x0000000089800000, 0x0000000089800000| Untracked 
|  89|0x0000000089900000, 0x0000000089900000, 0x0000000089a00000|  0%| F|  |TAMS 0x0000000089900000, 0x0000000089900000| Untracked 
|  90|0x0000000089a00000, 0x0000000089a00000, 0x0000000089b00000|  0%| F|  |TAMS 0x0000000089a00000, 0x0000000089a00000| Untracked 
|  91|0x0000000089b00000, 0x0000000089b00000, 0x0000000089c00000|  0%| F|  |TAMS 0x0000000089b00000, 0x0000000089b00000| Untracked 
|  92|0x0000000089c00000, 0x0000000089c00000, 0x0000000089d00000|  0%| F|  |TAMS 0x0000000089c00000, 0x0000000089c00000| Untracked 
|  93|0x0000000089d00000, 0x0000000089d00000, 0x0000000089e00000|  0%| F|  |TAMS 0x0000000089d00000, 0x0000000089d00000| Untracked 
|  94|0x0000000089e00000, 0x0000000089e00000, 0x0000000089f00000|  0%| F|  |TAMS 0x0000000089e00000, 0x0000000089e00000| Untracked 
|  95|0x0000000089f00000, 0x0000000089f00000, 0x000000008a000000|  0%| F|  |TAMS 0x0000000089f00000, 0x0000000089f00000| Untracked 
|  96|0x000000008a000000, 0x000000008a000000, 0x000000008a100000|  0%| F|  |TAMS 0x000000008a000000, 0x000000008a000000| Untracked 
|  97|0x000000008a100000, 0x000000008a100000, 0x000000008a200000|  0%| F|  |TAMS 0x000000008a100000, 0x000000008a100000| Untracked 
|  98|0x000000008a200000, 0x000000008a200000, 0x000000008a300000|  0%| F|  |TAMS 0x000000008a200000, 0x000000008a200000| Untracked 
|  99|0x000000008a300000, 0x000000008a300000, 0x000000008a400000|  0%| F|  |TAMS 0x000000008a300000, 0x000000008a300000| Untracked 
| 100|0x000000008a400000, 0x000000008a400000, 0x000000008a500000|  0%| F|  |TAMS 0x000000008a400000, 0x000000008a400000| Untracked 
| 101|0x000000008a500000, 0x000000008a500000, 0x000000008a600000|  0%| F|  |TAMS 0x000000008a500000, 0x000000008a500000| Untracked 
| 102|0x000000008a600000, 0x000000008a600000, 0x000000008a700000|  0%| F|  |TAMS 0x000000008a600000, 0x000000008a600000| Untracked 
| 103|0x000000008a700000, 0x000000008a700000, 0x000000008a800000|  0%| F|  |TAMS 0x000000008a700000, 0x000000008a700000| Untracked 
| 104|0x000000008a800000, 0x000000008a800000, 0x000000008a900000|  0%| F|  |TAMS 0x000000008a800000, 0x000000008a800000| Untracked 
| 105|0x000000008a900000, 0x000000008a900000, 0x000000008aa00000|  0%| F|  |TAMS 0x000000008a900000, 0x000000008a900000| Untracked 
| 106|0x000000008aa00000, 0x000000008aa00000, 0x000000008ab00000|  0%| F|  |TAMS 0x000000008aa00000, 0x000000008aa00000| Untracked 
| 107|0x000000008ab00000, 0x000000008ac00000, 0x000000008ac00000|100%| S|CS|TAMS 0x000000008ab00000, 0x000000008ab00000| Complete 
| 108|0x000000008ac00000, 0x000000008ad00000, 0x000000008ad00000|100%| S|CS|TAMS 0x000000008ac00000, 0x000000008ac00000| Complete 
| 109|0x000000008ad00000, 0x000000008ae00000, 0x000000008ae00000|100%| S|CS|TAMS 0x000000008ad00000, 0x000000008ad00000| Complete 
| 110|0x000000008ae00000, 0x000000008af00000, 0x000000008af00000|100%| S|CS|TAMS 0x000000008ae00000, 0x000000008ae00000| Complete 
| 111|0x000000008af00000, 0x000000008af00000, 0x000000008b000000|  0%| F|  |TAMS 0x000000008af00000, 0x000000008af00000| Untracked 
| 112|0x000000008b000000, 0x000000008b000000, 0x000000008b100000|  0%| F|  |TAMS 0x000000008b000000, 0x000000008b000000| Untracked 
| 113|0x000000008b100000, 0x000000008b100000, 0x000000008b200000|  0%| F|  |TAMS 0x000000008b100000, 0x000000008b100000| Untracked 
| 114|0x000000008b200000, 0x000000008b200000, 0x000000008b300000|  0%| F|  |TAMS 0x000000008b200000, 0x000000008b200000| Untracked 
| 115|0x000000008b300000, 0x000000008b300000, 0x000000008b400000|  0%| F|  |TAMS 0x000000008b300000, 0x000000008b300000| Untracked 
| 116|0x000000008b400000, 0x000000008b400000, 0x000000008b500000|  0%| F|  |TAMS 0x000000008b400000, 0x000000008b400000| Untracked 
| 117|0x000000008b500000, 0x000000008b500000, 0x000000008b600000|  0%| F|  |TAMS 0x000000008b500000, 0x000000008b500000| Untracked 
| 118|0x000000008b600000, 0x000000008b600000, 0x000000008b700000|  0%| F|  |TAMS 0x000000008b600000, 0x000000008b600000| Untracked 
| 119|0x000000008b700000, 0x000000008b700000, 0x000000008b800000|  0%| F|  |TAMS 0x000000008b700000, 0x000000008b700000| Untracked 
| 120|0x000000008b800000, 0x000000008b800000, 0x000000008b900000|  0%| F|  |TAMS 0x000000008b800000, 0x000000008b800000| Untracked 
| 121|0x000000008b900000, 0x000000008b900000, 0x000000008ba00000|  0%| F|  |TAMS 0x000000008b900000, 0x000000008b900000| Untracked 
| 122|0x000000008ba00000, 0x000000008ba00000, 0x000000008bb00000|  0%| F|  |TAMS 0x000000008ba00000, 0x000000008ba00000| Untracked 
| 123|0x000000008bb00000, 0x000000008bb00000, 0x000000008bc00000|  0%| F|  |TAMS 0x000000008bb00000, 0x000000008bb00000| Untracked 

Card table byte_map: [0x0000024b34bc0000,0x0000024b34fa0000] _byte_map_base: 0x0000024b347a0000

Marking Bits (Prev, Next): (CMBitMap*) 0x0000024b1da0ccd0, (CMBitMap*) 0x0000024b1da0cd10
 Prev Bits: [0x0000024b35380000, 0x0000024b37280000)
 Next Bits: [0x0000024b37280000, 0x0000024b39180000)

Polling page: 0x0000024b1d170000

Metaspace:

Usage:
  Non-class:      2.92 MB used.
      Class:    329.80 KB used.
       Both:      3.24 MB used.

Virtual space:
  Non-class space:       64.00 MB reserved,       3.00 MB (  5%) committed,  1 nodes.
      Class space:        1.00 GB reserved,     448.00 KB ( <1%) committed,  1 nodes.
             Both:        1.06 GB reserved,       3.44 MB ( <1%) committed. 

Chunk freelists:
   Non-Class:  11.57 MB
       Class:  15.54 MB
        Both:  27.10 MB

MaxMetaspaceSize: unlimited
CompressedClassSpaceSize: 1.00 GB
Initial GC threshold: 21.00 MB
Current GC threshold: 21.00 MB
CDS: on
MetaspaceReclaimPolicy: balanced
 - commit_granule_bytes: 65536.
 - commit_granule_words: 8192.
 - virtual_space_node_default_size: 8388608.
 - enlarge_chunks_in_place: 1.
 - new_chunks_are_fully_committed: 0.
 - uncommit_free_chunks: 1.
 - use_allocation_guard: 0.
 - handle_deallocations: 1.


Internal statistics:

num_allocs_failed_limit: 0.
num_arena_births: 34.
num_arena_deaths: 0.
num_vsnodes_births: 2.
num_vsnodes_deaths: 0.
num_space_committed: 55.
num_space_uncommitted: 0.
num_chunks_returned_to_freelist: 0.
num_chunks_taken_from_freelist: 66.
num_chunk_merges: 0.
num_chunk_splits: 43.
num_chunks_enlarged: 27.
num_inconsistent_stats: 0.

CodeHeap 'non-profiled nmethods': size=120000Kb used=535Kb max_used=535Kb free=119464Kb
 bounds [0x0000024b2cf80000, 0x0000024b2d1f0000, 0x0000024b344b0000]
CodeHeap 'profiled nmethods': size=120000Kb used=1144Kb max_used=1144Kb free=118855Kb
 bounds [0x0000024b254b0000, 0x0000024b25720000, 0x0000024b2c9e0000]
CodeHeap 'non-nmethods': size=5760Kb used=1153Kb max_used=1191Kb free=4607Kb
 bounds [0x0000024b2c9e0000, 0x0000024b2cc50000, 0x0000024b2cf80000]
 total_blobs=1177 nmethods=747 adapters=343
 compilation: enabled
              stopped_count=0, restarted_count=0
 full_count=0

Compilation events (20 events):
Event: 0.637 Thread 0x0000024b7d147cf0 nmethod 734 0x0000024b2cffea10 code [0x0000024b2cffeba0, 0x0000024b2cffedb8]
Event: 0.637 Thread 0x0000024b7d147cf0  735       4       java.lang.String::startsWith (7 bytes)
Event: 0.639 Thread 0x0000024b7d334b10 nmethod 736 0x0000024b2cffef90 code [0x0000024b2cfff140, 0x0000024b2cfffab8]
Event: 0.639 Thread 0x0000024b7d334b10  738       4       sun.security.util.SignatureFileVerifier::updateSigners (132 bytes)
Event: 0.639 Thread 0x0000024b3bbdf5b0  743       3       java.util.zip.ZipFile$Source::getEntryHash (7 bytes)
Event: 0.639 Thread 0x0000024b7d147cf0 nmethod 735 0x0000024b2cfffe90 code [0x0000024b2d000020, 0x0000024b2d0001d8]
Event: 0.639 Thread 0x0000024b7d147cf0  737       4       java.util.HashMap$EntryIterator::next (5 bytes)
Event: 0.639 Thread 0x0000024b3bbdf5b0 nmethod 743 0x0000024b255cb990 code [0x0000024b255cbb20, 0x0000024b255cbc58]
Event: 0.640 Thread 0x0000024b3bbdf5b0  745       1       jdk.internal.jimage.ImageHeader::getTableLength (5 bytes)
Event: 0.640 Thread 0x0000024b3bbdf5b0 nmethod 745 0x0000024b2d000790 code [0x0000024b2d000920, 0x0000024b2d0009f8]
Event: 0.640 Thread 0x0000024b3bbdf5b0  746   !   3       java.nio.DirectIntBufferU::get (34 bytes)
Event: 0.640 Thread 0x0000024b3bbdf5b0 nmethod 746 0x0000024b255cbd10 code [0x0000024b255cbf40, 0x0000024b255cc758]
Event: 0.640 Thread 0x0000024b3bbdf5b0  748       3       java.util.concurrent.ConcurrentHashMap$Traverser::advance (188 bytes)
Event: 0.641 Thread 0x0000024b3bbdf5b0 nmethod 748 0x0000024b255ccc10 code [0x0000024b255cce60, 0x0000024b255cda48]
Event: 0.641 Thread 0x0000024b3bbdf5b0  747       3       java.nio.DirectIntBufferU::ix (10 bytes)
Event: 0.641 Thread 0x0000024b3bbdf5b0 nmethod 747 0x0000024b255cdd10 code [0x0000024b255cdea0, 0x0000024b255cdfb8]
Event: 0.642 Thread 0x0000024b7d147cf0 nmethod 737 0x0000024b2d000a90 code [0x0000024b2d000c20, 0x0000024b2d001018]
Event: 0.642 Thread 0x0000024b7d147cf0  739 %     4       java.util.Hashtable::rehash @ 90 (142 bytes)
Event: 0.648 Thread 0x0000024b7d147cf0 nmethod 739% 0x0000024b2d001190 code [0x0000024b2d001320, 0x0000024b2d001818]
Event: 0.649 Thread 0x0000024b3bbdebb0 nmethod 720% 0x0000024b2d001a10 code [0x0000024b2d001ce0, 0x0000024b2d004650]

GC Heap History (9 events):
Event: 0.206 GC heap before
{Heap before GC invocations=0 (full 0):
 garbage-first heap   total 126976K, used 41984K [0x0000000084000000, 0x0000000100000000)
  region size 1024K, 23 young (23552K), 0 survivors (0K)
 Metaspace       used 322K, committed 512K, reserved 1114112K
  class space    used 11K, committed 128K, reserved 1048576K
}
Event: 0.217 GC heap after
{Heap after GC invocations=1 (full 0):
 garbage-first heap   total 126976K, used 21472K [0x0000000084000000, 0x0000000100000000)
  region size 1024K, 3 young (3072K), 3 survivors (3072K)
 Metaspace       used 322K, committed 512K, reserved 1114112K
  class space    used 11K, committed 128K, reserved 1048576K
}
Event: 0.320 GC heap before
{Heap before GC invocations=1 (full 0):
 garbage-first heap   total 126976K, used 42976K [0x0000000084000000, 0x0000000100000000)
  region size 1024K, 24 young (24576K), 3 survivors (3072K)
 Metaspace       used 1567K, committed 1792K, reserved 1114112K
  class space    used 141K, committed 256K, reserved 1048576K
}
Event: 0.336 GC heap after
{Heap after GC invocations=2 (full 0):
 garbage-first heap   total 126976K, used 34304K [0x0000000084000000, 0x0000000100000000)
  region size 1024K, 3 young (3072K), 3 survivors (3072K)
 Metaspace       used 1567K, committed 1792K, reserved 1114112K
  class space    used 141K, committed 256K, reserved 1048576K
}
Event: 0.526 GC heap before
{Heap before GC invocations=2 (full 0):
 garbage-first heap   total 126976K, used 53760K [0x0000000084000000, 0x0000000100000000)
  region size 1024K, 17 young (17408K), 3 survivors (3072K)
 Metaspace       used 3224K, committed 3328K, reserved 1114112K
  class space    used 320K, committed 384K, reserved 1048576K
}
Event: 0.532 GC heap after
{Heap after GC invocations=3 (full 0):
 garbage-first heap   total 126976K, used 40448K [0x0000000084000000, 0x0000000100000000)
  region size 1024K, 3 young (3072K), 3 survivors (3072K)
 Metaspace       used 3224K, committed 3328K, reserved 1114112K
  class space    used 320K, committed 384K, reserved 1048576K
}
Event: 0.593 GC heap before
{Heap before GC invocations=3 (full 0):
 garbage-first heap   total 126976K, used 81408K [0x0000000084000000, 0x0000000100000000)
  region size 1024K, 34 young (34816K), 3 survivors (3072K)
 Metaspace       used 3276K, committed 3392K, reserved 1114112K
  class space    used 325K, committed 384K, reserved 1048576K
}
Event: 0.608 GC heap after
{Heap after GC invocations=4 (full 0):
 garbage-first heap   total 126976K, used 61892K [0x0000000084000000, 0x0000000100000000)
  region size 1024K, 5 young (5120K), 5 survivors (5120K)
 Metaspace       used 3276K, committed 3392K, reserved 1114112K
  class space    used 325K, committed 384K, reserved 1048576K
}
Event: 0.650 GC heap before
{Heap before GC invocations=4 (full 0):
 garbage-first heap   total 126976K, used 73156K [0x0000000084000000, 0x0000000100000000)
  region size 1024K, 18 young (18432K), 5 survivors (5120K)
 Metaspace       used 3319K, committed 3520K, reserved 1114112K
  class space    used 329K, committed 448K, reserved 1048576K
}

Dll operation events (7 events):
Event: 0.004 Loaded shared library C:\Program Files (x86)\Android\openjdk\jdk-17.0.8.101-hotspot\bin\java.dll
Event: 0.021 Loaded shared library C:\Program Files (x86)\Android\openjdk\jdk-17.0.8.101-hotspot\bin\jsvml.dll
Event: 0.047 Loaded shared library C:\Program Files (x86)\Android\openjdk\jdk-17.0.8.101-hotspot\bin\net.dll
Event: 0.052 Loaded shared library C:\Program Files (x86)\Android\openjdk\jdk-17.0.8.101-hotspot\bin\nio.dll
Event: 0.073 Loaded shared library C:\Program Files (x86)\Android\openjdk\jdk-17.0.8.101-hotspot\bin\zip.dll
Event: 0.357 Loaded shared library C:\Program Files (x86)\Android\openjdk\jdk-17.0.8.101-hotspot\bin\jimage.dll
Event: 0.638 Loaded shared library C:\Program Files (x86)\Android\openjdk\jdk-17.0.8.101-hotspot\bin\verify.dll

Deoptimization events (20 events):
Event: 0.615 Thread 0x0000024b1d9b1d70 DEOPT PACKING pc=0x0000024b2cfcdca4 sp=0x000000cdbfafd510
Event: 0.615 Thread 0x0000024b1d9b1d70 DEOPT UNPACKING pc=0x0000024b2ca3a1a3 sp=0x000000cdbfafd4f0 mode 2
Event: 0.616 Thread 0x0000024b1d9b1d70 Uncommon trap: trap_request=0xffffffde fr.pc=0x0000024b2cff57e8 relative=0x0000000000000fc8
Event: 0.617 Thread 0x0000024b1d9b1d70 Uncommon trap: reason=class_check action=maybe_recompile pc=0x0000024b2cff57e8 method=java.util.HashMap.putMapEntries(Ljava/util/Map;Z)V @ 1 c2
Event: 0.617 Thread 0x0000024b1d9b1d70 DEOPT PACKING pc=0x0000024b2cff57e8 sp=0x000000cdbfafda80
Event: 0.617 Thread 0x0000024b1d9b1d70 DEOPT UNPACKING pc=0x0000024b2ca3a1a3 sp=0x000000cdbfafda88 mode 2
Event: 0.621 Thread 0x0000024b1d9b1d70 Uncommon trap: trap_request=0xffffffde fr.pc=0x0000024b2cff57e8 relative=0x0000000000000fc8
Event: 0.621 Thread 0x0000024b1d9b1d70 Uncommon trap: reason=class_check action=maybe_recompile pc=0x0000024b2cff57e8 method=java.util.HashMap.putMapEntries(Ljava/util/Map;Z)V @ 1 c2
Event: 0.621 Thread 0x0000024b1d9b1d70 DEOPT PACKING pc=0x0000024b2cff57e8 sp=0x000000cdbfafdc40
Event: 0.621 Thread 0x0000024b1d9b1d70 DEOPT UNPACKING pc=0x0000024b2ca3a1a3 sp=0x000000cdbfafdc48 mode 2
Event: 0.621 Thread 0x0000024b1d9b1d70 DEOPT PACKING pc=0x0000024b25587277 sp=0x000000cdbfafdb00
Event: 0.621 Thread 0x0000024b1d9b1d70 DEOPT UNPACKING pc=0x0000024b2ca3ace3 sp=0x000000cdbfafcf40 mode 0
Event: 0.623 Thread 0x0000024b1d9b1d70 Uncommon trap: trap_request=0xffffff45 fr.pc=0x0000024b2cfd11d0 relative=0x0000000000000ad0
Event: 0.623 Thread 0x0000024b1d9b1d70 Uncommon trap: reason=unstable_if action=reinterpret pc=0x0000024b2cfd11d0 method=sun.security.util.SignatureFileVerifier.updateSigners([Ljava/security/CodeSigner;Ljava/util/Hashtable;Ljava/lang/String;)V @ 24 c2
Event: 0.623 Thread 0x0000024b1d9b1d70 DEOPT PACKING pc=0x0000024b2cfd11d0 sp=0x000000cdbfafdd70
Event: 0.623 Thread 0x0000024b1d9b1d70 DEOPT UNPACKING pc=0x0000024b2ca3a1a3 sp=0x000000cdbfafdd50 mode 2
Event: 0.632 Thread 0x0000024b1d9b1d70 Uncommon trap: trap_request=0xffffff45 fr.pc=0x0000024b2cff0930 relative=0x0000000000000190
Event: 0.632 Thread 0x0000024b1d9b1d70 Uncommon trap: reason=unstable_if action=reinterpret pc=0x0000024b2cff0930 method=java.util.LinkedHashMap.entrySet()Ljava/util/Set; @ 6 c2
Event: 0.632 Thread 0x0000024b1d9b1d70 DEOPT PACKING pc=0x0000024b2cff0930 sp=0x000000cdbfafdf10
Event: 0.632 Thread 0x0000024b1d9b1d70 DEOPT UNPACKING pc=0x0000024b2ca3a1a3 sp=0x000000cdbfafde68 mode 2

Classes unloaded (0 events):
No events

Classes redefined (0 events):
No events

Internal exceptions (1 events):
Event: 0.448 Thread 0x0000024b1d9b1d70 Implicit null exception at 0x0000024b2cfa8e5d to 0x0000024b2cfa9770

VM Operations (13 events):
Event: 0.108 Executing VM operation: HandshakeAllThreads
Event: 0.108 Executing VM operation: HandshakeAllThreads done
Event: 0.205 Executing VM operation: G1CollectForAllocation
Event: 0.217 Executing VM operation: G1CollectForAllocation done
Event: 0.255 Executing VM operation: HandshakeAllThreads
Event: 0.255 Executing VM operation: HandshakeAllThreads done
Event: 0.320 Executing VM operation: G1CollectForAllocation
Event: 0.336 Executing VM operation: G1CollectForAllocation done
Event: 0.526 Executing VM operation: G1CollectForAllocation
Event: 0.532 Executing VM operation: G1CollectForAllocation done
Event: 0.593 Executing VM operation: G1CollectForAllocation
Event: 0.608 Executing VM operation: G1CollectForAllocation done
Event: 0.650 Executing VM operation: G1TryInitiateConcMark

Events (20 events):
Event: 0.587 loading class jdk/internal/logger/LoggerFinderLoader
Event: 0.587 loading class jdk/internal/logger/LoggerFinderLoader done
Event: 0.587 loading class java/io/FilePermission$1
Event: 0.587 loading class jdk/internal/access/JavaIOFilePermissionAccess
Event: 0.587 loading class jdk/internal/access/JavaIOFilePermissionAccess done
Event: 0.587 loading class java/io/FilePermission$1 done
Event: 0.588 loading class sun/util/logging/internal/LoggingProviderImpl$JULWrapper
Event: 0.588 loading class sun/util/logging/PlatformLogger$ConfigurableBridge$LoggerConfiguration
Event: 0.588 loading class sun/util/logging/PlatformLogger$ConfigurableBridge$LoggerConfiguration done
Event: 0.588 loading class sun/util/logging/internal/LoggingProviderImpl$JULWrapper done
Event: 0.638 loading class javax/xml/parsers/ParserConfigurationException
Event: 0.638 loading class javax/xml/parsers/ParserConfigurationException done
Event: 0.638 loading class javax/xml/parsers/DocumentBuilder
Event: 0.638 loading class javax/xml/parsers/DocumentBuilder done
Event: 0.639 loading class org/xml/sax/SAXNotRecognizedException
Event: 0.639 loading class org/xml/sax/SAXNotRecognizedException done
Event: 0.639 loading class org/xml/sax/SAXNotSupportedException
Event: 0.639 loading class org/xml/sax/SAXNotSupportedException done
Event: 0.639 loading class javax/xml/parsers/SAXParserFactory
Event: 0.640 loading class javax/xml/parsers/SAXParserFactory done


Dynamic libraries:
0x00007ff74eb80000 - 0x00007ff74eb8e000 	C:\Program Files (x86)\Android\openjdk\jdk-17.0.8.101-hotspot\bin\java.exe
0x00007ff94bf30000 - 0x00007ff94c128000 	C:\WINDOWS\SYSTEM32\ntdll.dll
0x00007ff94ad60000 - 0x00007ff94ae1d000 	C:\WINDOWS\System32\KERNEL32.DLL
0x00007ff949600000 - 0x00007ff9498f6000 	C:\WINDOWS\System32\KERNELBASE.dll
0x00007ff949e80000 - 0x00007ff949f80000 	C:\WINDOWS\System32\ucrtbase.dll
0x00007ff88fb80000 - 0x00007ff88fb97000 	C:\Program Files (x86)\Android\openjdk\jdk-17.0.8.101-hotspot\bin\jli.dll
0x00007ff88fb60000 - 0x00007ff88fb7b000 	C:\Program Files (x86)\Android\openjdk\jdk-17.0.8.101-hotspot\bin\VCRUNTIME140.dll
0x00007ff94abc0000 - 0x00007ff94ad5e000 	C:\WINDOWS\System32\USER32.dll
0x00007ff949a90000 - 0x00007ff949ab2000 	C:\WINDOWS\System32\win32u.dll
0x00007ff929c30000 - 0x00007ff929eca000 	C:\WINDOWS\WinSxS\amd64_microsoft.windows.common-controls_6595b64144ccf1df_6.0.19041.3636_none_60b6a03d71f818d5\COMCTL32.dll
0x00007ff94a420000 - 0x00007ff94a44c000 	C:\WINDOWS\System32\GDI32.dll
0x00007ff94bcc0000 - 0x00007ff94bd5e000 	C:\WINDOWS\System32\msvcrt.dll
0x00007ff949ac0000 - 0x00007ff949bda000 	C:\WINDOWS\System32\gdi32full.dll
0x00007ff949900000 - 0x00007ff94999d000 	C:\WINDOWS\System32\msvcp_win.dll
0x00007ff94a210000 - 0x00007ff94a240000 	C:\WINDOWS\System32\IMM32.DLL
0x00007ff914080000 - 0x00007ff91408c000 	C:\Program Files (x86)\Android\openjdk\jdk-17.0.8.101-hotspot\bin\vcruntime140_1.dll
0x00007ff88f5a0000 - 0x00007ff88f62d000 	C:\Program Files (x86)\Android\openjdk\jdk-17.0.8.101-hotspot\bin\msvcp140.dll
0x00007ff885d40000 - 0x00007ff8869a5000 	C:\Program Files (x86)\Android\openjdk\jdk-17.0.8.101-hotspot\bin\server\jvm.dll
0x00007ff94a450000 - 0x00007ff94a503000 	C:\WINDOWS\System32\ADVAPI32.dll
0x00007ff94b720000 - 0x00007ff94b7bf000 	C:\WINDOWS\System32\sechost.dll
0x00007ff94bd60000 - 0x00007ff94be86000 	C:\WINDOWS\System32\RPCRT4.dll
0x00007ff949a60000 - 0x00007ff949a87000 	C:\WINDOWS\System32\bcrypt.dll
0x00007ff92f8d0000 - 0x00007ff92f8d9000 	C:\WINDOWS\SYSTEM32\WSOCK32.dll
0x00007ff94ae20000 - 0x00007ff94ae8b000 	C:\WINDOWS\System32\WS2_32.dll
0x00007ff949340000 - 0x00007ff94938b000 	C:\WINDOWS\SYSTEM32\POWRPROF.dll
0x00007ff93a320000 - 0x00007ff93a347000 	C:\WINDOWS\SYSTEM32\WINMM.dll
0x00007ff93d000000 - 0x00007ff93d00a000 	C:\WINDOWS\SYSTEM32\VERSION.dll
0x00007ff949320000 - 0x00007ff949332000 	C:\WINDOWS\SYSTEM32\UMPDC.dll
0x00007ff947e00000 - 0x00007ff947e12000 	C:\WINDOWS\SYSTEM32\kernel.appcore.dll
0x00007ff913db0000 - 0x00007ff913dba000 	C:\Program Files (x86)\Android\openjdk\jdk-17.0.8.101-hotspot\bin\jimage.dll
0x00007ff947380000 - 0x00007ff947564000 	C:\WINDOWS\SYSTEM32\DBGHELP.DLL
0x00007ff913d70000 - 0x00007ff913da4000 	C:\WINDOWS\SYSTEM32\dbgcore.DLL
0x00007ff949be0000 - 0x00007ff949c62000 	C:\WINDOWS\System32\bcryptPrimitives.dll
0x00007ff88f980000 - 0x00007ff88f9a5000 	C:\Program Files (x86)\Android\openjdk\jdk-17.0.8.101-hotspot\bin\java.dll
0x00007ff88e0e0000 - 0x00007ff88e1b7000 	C:\Program Files (x86)\Android\openjdk\jdk-17.0.8.101-hotspot\bin\jsvml.dll
0x00007ff94afd0000 - 0x00007ff94b715000 	C:\WINDOWS\System32\SHELL32.dll
0x00007ff947650000 - 0x00007ff947deb000 	C:\WINDOWS\SYSTEM32\windows.storage.dll
0x00007ff94b8e0000 - 0x00007ff94bc34000 	C:\WINDOWS\System32\combase.dll
0x00007ff948e80000 - 0x00007ff948ead000 	C:\WINDOWS\SYSTEM32\Wldp.dll
0x00007ff94a2a0000 - 0x00007ff94a34d000 	C:\WINDOWS\System32\SHCORE.dll
0x00007ff94aea0000 - 0x00007ff94aef5000 	C:\WINDOWS\System32\shlwapi.dll
0x00007ff949530000 - 0x00007ff949555000 	C:\WINDOWS\SYSTEM32\profapi.dll
0x00007ff88fb40000 - 0x00007ff88fb59000 	C:\Program Files (x86)\Android\openjdk\jdk-17.0.8.101-hotspot\bin\net.dll
0x00007ff9436d0000 - 0x00007ff9437da000 	C:\WINDOWS\SYSTEM32\WINHTTP.dll
0x00007ff948c60000 - 0x00007ff948cca000 	C:\WINDOWS\system32\mswsock.dll
0x00007ff88f580000 - 0x00007ff88f596000 	C:\Program Files (x86)\Android\openjdk\jdk-17.0.8.101-hotspot\bin\nio.dll
0x00007ff88f560000 - 0x00007ff88f578000 	C:\Program Files (x86)\Android\openjdk\jdk-17.0.8.101-hotspot\bin\zip.dll
0x00007ff9122c0000 - 0x00007ff9122d0000 	C:\Program Files (x86)\Android\openjdk\jdk-17.0.8.101-hotspot\bin\verify.dll

dbghelp: loaded successfully - version: 4.0.5 - missing functions: none
symbol engine: initialized successfully - sym options: 0x614 - pdb path: .;C:\Program Files (x86)\Android\openjdk\jdk-17.0.8.101-hotspot\bin;C:\WINDOWS\SYSTEM32;C:\WINDOWS\WinSxS\amd64_microsoft.windows.common-controls_6595b64144ccf1df_6.0.19041.3636_none_60b6a03d71f818d5;C:\Program Files (x86)\Android\openjdk\jdk-17.0.8.101-hotspot\bin\server

VM Arguments:
java_command: com.xamarin.manifestmerger.Main obj\Debug\130\android\manifestmerger.rsp
java_class_path (initial): C:\Program Files\Microsoft Visual Studio\2022\Community\MSBuild\Xamarin\Android\manifestmerger.jar
Launcher Type: SUN_STANDARD

[Global flags]
     intx CICompilerCount                          = 4                                         {product} {ergonomic}
     uint ConcGCThreads                            = 2                                         {product} {ergonomic}
     uint G1ConcRefinementThreads                  = 8                                         {product} {ergonomic}
   size_t G1HeapRegionSize                         = 1048576                                   {product} {ergonomic}
    uintx GCDrainStackTargetSize                   = 64                                        {product} {ergonomic}
   size_t InitialHeapSize                          = 130023424                                 {product} {ergonomic}
   size_t MarkStackSize                            = 4194304                                   {product} {ergonomic}
   size_t MaxHeapSize                              = 2080374784                                {product} {ergonomic}
   size_t MaxNewSize                               = 1247805440                                {product} {ergonomic}
   size_t MinHeapDeltaBytes                        = 1048576                                   {product} {ergonomic}
   size_t MinHeapSize                              = 8388608                                   {product} {ergonomic}
    uintx NonNMethodCodeHeapSize                   = 5839372                                {pd product} {ergonomic}
    uintx NonProfiledCodeHeapSize                  = 122909434                              {pd product} {ergonomic}
    uintx ProfiledCodeHeapSize                     = 122909434                              {pd product} {ergonomic}
    uintx ReservedCodeCacheSize                    = 251658240                              {pd product} {ergonomic}
     bool SegmentedCodeCache                       = true                                      {product} {ergonomic}
   size_t SoftMaxHeapSize                          = 2080374784                             {manageable} {ergonomic}
     bool UseCompressedClassPointers               = true                           {product lp64_product} {ergonomic}
     bool UseCompressedOops                        = true                           {product lp64_product} {ergonomic}
     bool UseG1GC                                  = true                                      {product} {ergonomic}
     bool UseLargePagesIndividualAllocation        = false                                  {pd product} {ergonomic}

Logging:
Log output configuration:
 #0: stdout all=warning uptime,level,tags
 #1: stderr all=off uptime,level,tags

Environment Variables:
PATH=C:\Program Files (x86)\Android\openjdk\jdk-17.0.8.101-hotspot\bin;C:\WINDOWS\system32;C:\WINDOWS;C:\WINDOWS\System32\Wbem;C:\WINDOWS\System32\WindowsPowerShell\v1.0\;C:\WINDOWS\System32\OpenSSH\;C:\Program Files\dotnet\;C:\Program Files\Git\cmd;C:\Users\Administrateur\AppData\Local\Microsoft\WindowsApps;C:\Users\Administrateur\.dotnet\tools;C:\Users\Administrateur\AppData\Local\Programs\Microsoft VS Code\bin
USERNAME=pret
OS=Windows_NT
PROCESSOR_IDENTIFIER=Intel64 Family 6 Model 140 Stepping 1, GenuineIntel
TMP=C:\Users\ADMINI~1\AppData\Local\Temp
TEMP=C:\Users\ADMINI~1\AppData\Local\Temp



---------------  S Y S T E M  ---------------

OS:
 Windows 10 , 64 bit Build 19041 (10.0.19041.3636)
OS uptime: 1 days 5:17 hours
Hyper-V role detected

CPU: total 8 (initial active 8) (4 cores per cpu, 2 threads per core) family 6 model 140 stepping 1 microcode 0xb4, cx8, cmov, fxsr, ht, mmx, 3dnowpref, sse, sse2, sse3, ssse3, sse4.1, sse4.2, popcnt, lzcnt, tsc, tscinvbit, avx, avx2, aes, erms, clmul, bmi1, bmi2, adx, avx512f, avx512dq, avx512cd, avx512bw, avx512vl, sha, fma, vzeroupper, avx512_vpopcntdq, avx512_vpclmulqdq, avx512_vaes, avx512_vnni, clflush, clflushopt, clwb, avx512_vbmi2, avx512_vbmi, hv
Processor Information for all 8 processors :
  Max Mhz: 1382, Current Mhz: 1382, Mhz Limit: 1382

Memory: 4k page, system-wide physical 7934M (608M free)
TotalPageFile size 7934M (AvailPageFile size 14M)
current process WorkingSet (physical memory assigned to process): 144M, peak: 145M
current process commit charge ("private bytes"): 219M, peak: 343M

vm_info: OpenJDK 64-Bit Server VM (17.0.8.1+1-LTS) for windows-amd64 JRE (17.0.8.1+1-LTS), built on Aug 23 2023 17:38:52 by "MicrosoftCorporation" with MS VC++ 16.10 / 16.11 (VS2019)

END.
