#
# There is insufficient memory for the Java Runtime Environment to continue.
# Native memory allocation (malloc) failed to allocate 1159456 bytes for Chunk::new
# Possible reasons:
#   The system is out of physical RAM or swap space
#   The process is running with CompressedOops enabled, and the Java Heap may be blocking the growth of the native heap
# Possible solutions:
#   Reduce memory load on the system
#   Increase physical memory or swap space
#   Check if swap backing store is full
#   Decrease Java heap size (-Xmx/-Xms)
#   Decrease number of Java threads
#   Decrease Java thread stack sizes (-Xss)
#   Set larger code cache with -XX:ReservedCodeCacheSize=
#   JVM is running with Unscaled Compressed Oops mode in which the Java heap is
#     placed in the first 4GB address space. The Java Heap base address is the
#     maximum limit for the native heap growth. Please use -XX:HeapBaseMinAddress
#     to set the Java Heap base and to place the Java Heap above 4GB virtual address.
# This output file may be truncated or incomplete.
#
#  Out of Memory Error (arena.cpp:189), pid=1484, tid=12532
#
# JRE version: OpenJDK Runtime Environment Microsoft-8297089 (17.0.8.1+1) (build 17.0.8.1+1-LTS)
# Java VM: OpenJDK 64-Bit Server VM Microsoft-8297089 (17.0.8.1+1-LTS, mixed mode, sharing, tiered, compressed oops, compressed class ptrs, g1 gc, windows-amd64)
# No core dump will be written. Minidumps are not enabled by default on client versions of Windows
#

---------------  S U M M A R Y ------------

Command Line: -Dapplication.home=C:\Program Files (x86)\Android\openjdk\jdk-17.0.8.101-hotspot --add-modules=ALL-DEFAULT -Xms8m -Dfile.encoding=UTF8 -Djdk.module.main=jdk.compiler jdk.compiler/com.sun.tools.javac.Main @C:\Users\Administrateur\AppData\Local\Temp\tmp24C3.tmp -target 1.8 -source 1.8

Host: 11th Gen Intel(R) Core(TM) i5-1135G7 @ 2.40GHz, 8 cores, 7G,  Windows 10 , 64 bit Build 19041 (10.0.19041.3636)
Time: Fri Feb  9 19:45:29 2024 Paris, Madrid elapsed time: 7.210502 seconds (0d 0h 0m 7s)

---------------  T H R E A D  ---------------

Current thread (0x000002cad96aaad0):  JavaThread "C2 CompilerThread1" daemon [_thread_in_native, id=12532, stack(0x000000db10100000,0x000000db10200000)]


Current CompileTask:
C2:   7210 4251       4       com.sun.tools.javac.code.Symbol$MethodSymbol::implementation (57 bytes)

Stack: [0x000000db10100000,0x000000db10200000]
Native frames: (J=compiled Java code, j=interpreted, Vv=VM code, C=native code)
V  [jvm.dll+0x67bf3a]
V  [jvm.dll+0x83a024]
V  [jvm.dll+0x83b7ce]
V  [jvm.dll+0x83be33]
V  [jvm.dll+0x24785f]
V  [jvm.dll+0xac3bc]
V  [jvm.dll+0xac98c]
V  [jvm.dll+0x2af19f]
V  [jvm.dll+0x584667]
V  [jvm.dll+0x222a82]
V  [jvm.dll+0x222e5f]
V  [jvm.dll+0x21bf4f]
V  [jvm.dll+0x21944b]
V  [jvm.dll+0x1a56b6]
V  [jvm.dll+0x2291ea]
V  [jvm.dll+0x22724c]
V  [jvm.dll+0x7efd0c]
V  [jvm.dll+0x7ea13a]
V  [jvm.dll+0x67ad85]
C  [ucrtbase.dll+0x21bb2]
C  [KERNEL32.DLL+0x17344]
C  [ntdll.dll+0x526b1]


---------------  P R O C E S S  ---------------

Threads class SMR info:
_java_thread_list=0x000002cad91371e0, length=14, elements={
0x000002caf37504a0, 0x000002ca919d6240, 0x000002ca919d6c00, 0x000002ca919eb0c0,
0x000002ca919eba80, 0x000002ca919ee450, 0x000002ca919eee10, 0x000002ca919efb00,
0x000002ca919f1510, 0x000002ca919f1f10, 0x000002caf38032d0, 0x000002ca91c98a70,
0x000002cad96aaad0, 0x000002cad94267a0
}

Java Threads: ( => current thread )
  0x000002caf37504a0 JavaThread "main" [_thread_in_native, id=1784, stack(0x000000db0ee00000,0x000000db0ef00000)]
  0x000002ca919d6240 JavaThread "Reference Handler" daemon [_thread_blocked, id=14856, stack(0x000000db0f500000,0x000000db0f600000)]
  0x000002ca919d6c00 JavaThread "Finalizer" daemon [_thread_blocked, id=14000, stack(0x000000db0f600000,0x000000db0f700000)]
  0x000002ca919eb0c0 JavaThread "Signal Dispatcher" daemon [_thread_blocked, id=12244, stack(0x000000db0f700000,0x000000db0f800000)]
  0x000002ca919eba80 JavaThread "Attach Listener" daemon [_thread_blocked, id=8536, stack(0x000000db0f800000,0x000000db0f900000)]
  0x000002ca919ee450 JavaThread "Service Thread" daemon [_thread_blocked, id=2432, stack(0x000000db0f900000,0x000000db0fa00000)]
  0x000002ca919eee10 JavaThread "Monitor Deflation Thread" daemon [_thread_blocked, id=8788, stack(0x000000db0fa00000,0x000000db0fb00000)]
  0x000002ca919efb00 JavaThread "C2 CompilerThread0" daemon [_thread_in_native, id=6848, stack(0x000000db0fb00000,0x000000db0fc00000)]
  0x000002ca919f1510 JavaThread "C1 CompilerThread0" daemon [_thread_blocked, id=15288, stack(0x000000db0fc00000,0x000000db0fd00000)]
  0x000002ca919f1f10 JavaThread "Sweeper thread" daemon [_thread_blocked, id=14152, stack(0x000000db0fd00000,0x000000db0fe00000)]
  0x000002caf38032d0 JavaThread "Common-Cleaner" daemon [_thread_blocked, id=14816, stack(0x000000db0fe00000,0x000000db0ff00000)]
  0x000002ca91c98a70 JavaThread "Notification Thread" daemon [_thread_blocked, id=3684, stack(0x000000db0ff00000,0x000000db10000000)]
=>0x000002cad96aaad0 JavaThread "C2 CompilerThread1" daemon [_thread_in_native, id=12532, stack(0x000000db10100000,0x000000db10200000)]
  0x000002cad94267a0 JavaThread "C2 CompilerThread2" daemon [_thread_in_native, id=12892, stack(0x000000db10700000,0x000000db10800000)]

Other Threads:
  0x000002ca919d2fe0 VMThread "VM Thread" [stack: 0x000000db0f400000,0x000000db0f500000] [id=13576]
  0x000002caf37c1770 WatcherThread [stack: 0x000000db10000000,0x000000db10100000] [id=3312]
  0x000002caf37aa090 GCTaskThread "GC Thread#0" [stack: 0x000000db0ef00000,0x000000db0f000000] [id=9880]
  0x000002ca91ebd030 GCTaskThread "GC Thread#1" [stack: 0x000000db10200000,0x000000db10300000] [id=3040]
  0x000002ca91ea86f0 GCTaskThread "GC Thread#2" [stack: 0x000000db10300000,0x000000db10400000] [id=8860]
  0x000002ca91ea89b0 GCTaskThread "GC Thread#3" [stack: 0x000000db10400000,0x000000db10500000] [id=4984]
  0x000002cad7049db0 GCTaskThread "GC Thread#4" [stack: 0x000000db10500000,0x000000db10600000] [id=9172]
  0x000002ca91ece190 GCTaskThread "GC Thread#5" [stack: 0x000000db10600000,0x000000db10700000] [id=14940]
  0x000002cad7d9a2b0 GCTaskThread "GC Thread#6" [stack: 0x000000db10900000,0x000000db10a00000] [id=13556]
  0x000002caf37ba7e0 ConcurrentGCThread "G1 Main Marker" [stack: 0x000000db0f000000,0x000000db0f100000] [id=3680]
  0x000002caf37bb1f0 ConcurrentGCThread "G1 Conc#0" [stack: 0x000000db0f100000,0x000000db0f200000] [id=13276]
  0x000002cad72930d0 ConcurrentGCThread "G1 Conc#1" [stack: 0x000000db10800000,0x000000db10900000] [id=9692]
  0x000002caf37e5fd0 ConcurrentGCThread "G1 Refine#0" [stack: 0x000000db0f200000,0x000000db0f300000] [id=12208]
  0x000002cad88c2c40 ConcurrentGCThread "G1 Refine#1" [stack: 0x000000db10a00000,0x000000db10b00000] [id=14464]
  0x000002cad80ef2f0 ConcurrentGCThread "G1 Refine#2" [stack: 0x000000db10b00000,0x000000db10c00000] [id=3296]
  0x000002cad85fcce0 ConcurrentGCThread "G1 Refine#3" [stack: 0x000000db10c00000,0x000000db10d00000] [id=9836]
  0x000002cad7fedb60 ConcurrentGCThread "G1 Refine#4" [stack: 0x000000db10d00000,0x000000db10e00000] [id=3788]
  0x000002caf37ec920 ConcurrentGCThread "G1 Service" [stack: 0x000000db0f300000,0x000000db0f400000] [id=5236]

Threads with active compile tasks:
C2 CompilerThread0     7225 4280       4       com.sun.tools.javac.code.Types$MembersClosureCache::visitClassType (10 bytes)
C2 CompilerThread1     7225 4251       4       com.sun.tools.javac.code.Symbol$MethodSymbol::implementation (57 bytes)
C2 CompilerThread2     7225 4263       4       com.sun.tools.javac.code.Types::implementation (13 bytes)

VM state: not at safepoint (normal execution)

VM Mutex/Monitor currently owned by a thread: None

Heap address: 0x0000000084000000, size: 1984 MB, Compressed Oops mode: 32-bit

CDS archive(s) mapped at: [0x000002ca92000000-0x000002ca92bd0000-0x000002ca92bd0000), size 12386304, SharedBaseAddress: 0x000002ca92000000, ArchiveRelocationMode: 1.
Compressed class space mapped at: 0x000002ca93000000-0x000002cad3000000, reserved size: 1073741824
Narrow klass base: 0x000002ca92000000, Narrow klass shift: 0, Narrow klass range: 0x100000000

GC Precious Log:
 CPUs: 8 total, 8 available
 Memory: 7934M
 Large Page Support: Disabled
 NUMA Support: Disabled
 Compressed Oops: Enabled (32-bit)
 Heap Region Size: 1M
 Heap Min Capacity: 8M
 Heap Initial Capacity: 8M
 Heap Max Capacity: 1984M
 Pre-touch: Disabled
 Parallel Workers: 8
 Concurrent Workers: 2
 Concurrent Refinement Workers: 8
 Periodic GC: Disabled

Heap:
 garbage-first heap   total 229376K, used 103215K [0x0000000084000000, 0x0000000100000000)
  region size 1024K, 41 young (41984K), 2 survivors (2048K)
 Metaspace       used 11410K, committed 11584K, reserved 1114112K
  class space    used 1122K, committed 1216K, reserved 1048576K

Heap Regions: E=young(eden), S=young(survivor), O=old, HS=humongous(starts), HC=humongous(continues), CS=collection set, F=free, OA=open archive, CA=closed archive, TAMS=top-at-mark-start (previous, next)
|   0|0x0000000084000000, 0x0000000084100000, 0x0000000084100000|100%| O|  |TAMS 0x0000000084100000, 0x0000000084000000| Untracked 
|   1|0x0000000084100000, 0x0000000084200000, 0x0000000084200000|100%| O|  |TAMS 0x0000000084200000, 0x0000000084100000| Untracked 
|   2|0x0000000084200000, 0x0000000084300000, 0x0000000084300000|100%| O|  |TAMS 0x0000000084300000, 0x0000000084200000| Untracked 
|   3|0x0000000084300000, 0x0000000084400000, 0x0000000084400000|100%| O|  |TAMS 0x0000000084400000, 0x0000000084300000| Untracked 
|   4|0x0000000084400000, 0x0000000084500000, 0x0000000084500000|100%| O|  |TAMS 0x0000000084500000, 0x0000000084400000| Untracked 
|   5|0x0000000084500000, 0x0000000084600000, 0x0000000084600000|100%| O|  |TAMS 0x0000000084600000, 0x0000000084500000| Untracked 
|   6|0x0000000084600000, 0x0000000084700000, 0x0000000084700000|100%|HS|  |TAMS 0x0000000084700000, 0x0000000084600000| Complete 
|   7|0x0000000084700000, 0x0000000084800000, 0x0000000084800000|100%| O|  |TAMS 0x0000000084800000, 0x0000000084700000| Untracked 
|   8|0x0000000084800000, 0x0000000084900000, 0x0000000084900000|100%|HS|  |TAMS 0x0000000084900000, 0x0000000084800000| Complete 
|   9|0x0000000084900000, 0x0000000084a00000, 0x0000000084a00000|100%|HC|  |TAMS 0x0000000084a00000, 0x0000000084900000| Complete 
|  10|0x0000000084a00000, 0x0000000084b00000, 0x0000000084b00000|100%|HC|  |TAMS 0x0000000084b00000, 0x0000000084a00000| Complete 
|  11|0x0000000084b00000, 0x0000000084c00000, 0x0000000084c00000|100%| O|  |TAMS 0x0000000084c00000, 0x0000000084b00000| Untracked 
|  12|0x0000000084c00000, 0x0000000084d00000, 0x0000000084d00000|100%|HS|  |TAMS 0x0000000084d00000, 0x0000000084c00000| Complete 
|  13|0x0000000084d00000, 0x0000000084e00000, 0x0000000084e00000|100%|HC|  |TAMS 0x0000000084e00000, 0x0000000084d00000| Complete 
|  14|0x0000000084e00000, 0x0000000084f00000, 0x0000000084f00000|100%|HC|  |TAMS 0x0000000084f00000, 0x0000000084e00000| Complete 
|  15|0x0000000084f00000, 0x0000000085000000, 0x0000000085000000|100%|HC|  |TAMS 0x0000000085000000, 0x0000000084f00000| Complete 
|  16|0x0000000085000000, 0x0000000085100000, 0x0000000085100000|100%|HC|  |TAMS 0x0000000085100000, 0x0000000085000000| Complete 
|  17|0x0000000085100000, 0x0000000085200000, 0x0000000085200000|100%| O|  |TAMS 0x0000000085200000, 0x0000000085100000| Untracked 
|  18|0x0000000085200000, 0x0000000085300000, 0x0000000085300000|100%| O|  |TAMS 0x0000000085300000, 0x0000000085200000| Untracked 
|  19|0x0000000085300000, 0x0000000085400000, 0x0000000085400000|100%| O|  |TAMS 0x0000000085400000, 0x0000000085300000| Untracked 
|  20|0x0000000085400000, 0x0000000085500000, 0x0000000085500000|100%| O|  |TAMS 0x0000000085500000, 0x0000000085400000| Untracked 
|  21|0x0000000085500000, 0x0000000085600000, 0x0000000085600000|100%|HS|  |TAMS 0x0000000085600000, 0x0000000085500000| Complete 
|  22|0x0000000085600000, 0x0000000085700000, 0x0000000085700000|100%|HC|  |TAMS 0x0000000085700000, 0x0000000085600000| Complete 
|  23|0x0000000085700000, 0x0000000085800000, 0x0000000085800000|100%| O|  |TAMS 0x0000000085800000, 0x0000000085700000| Untracked 
|  24|0x0000000085800000, 0x0000000085900000, 0x0000000085900000|100%| O|  |TAMS 0x0000000085900000, 0x0000000085800000| Untracked 
|  25|0x0000000085900000, 0x0000000085a00000, 0x0000000085a00000|100%| O|  |TAMS 0x0000000085a00000, 0x0000000085900000| Untracked 
|  26|0x0000000085a00000, 0x0000000085b00000, 0x0000000085b00000|100%| O|  |TAMS 0x0000000085b00000, 0x0000000085a00000| Untracked 
|  27|0x0000000085b00000, 0x0000000085c00000, 0x0000000085c00000|100%| O|  |TAMS 0x0000000085c00000, 0x0000000085b00000| Untracked 
|  28|0x0000000085c00000, 0x0000000085d00000, 0x0000000085d00000|100%|HS|  |TAMS 0x0000000085d00000, 0x0000000085c00000| Complete 
|  29|0x0000000085d00000, 0x0000000085e00000, 0x0000000085e00000|100%|HC|  |TAMS 0x0000000085e00000, 0x0000000085d00000| Complete 
|  30|0x0000000085e00000, 0x0000000085f00000, 0x0000000085f00000|100%| O|  |TAMS 0x0000000085f00000, 0x0000000085e00000| Untracked 
|  31|0x0000000085f00000, 0x0000000086000000, 0x0000000086000000|100%| O|  |TAMS 0x0000000086000000, 0x0000000085f00000| Untracked 
|  32|0x0000000086000000, 0x0000000086100000, 0x0000000086100000|100%| O|  |TAMS 0x0000000086100000, 0x0000000086000000| Untracked 
|  33|0x0000000086100000, 0x0000000086200000, 0x0000000086200000|100%| O|  |TAMS 0x0000000086200000, 0x0000000086100000| Untracked 
|  34|0x0000000086200000, 0x0000000086300000, 0x0000000086300000|100%| O|  |TAMS 0x0000000086300000, 0x0000000086200000| Untracked 
|  35|0x0000000086300000, 0x0000000086400000, 0x0000000086400000|100%| O|  |TAMS 0x0000000086400000, 0x0000000086300000| Untracked 
|  36|0x0000000086400000, 0x0000000086500000, 0x0000000086500000|100%| O|  |TAMS 0x0000000086500000, 0x0000000086400000| Untracked 
|  37|0x0000000086500000, 0x0000000086600000, 0x0000000086600000|100%| O|  |TAMS 0x0000000086600000, 0x0000000086500000| Untracked 
|  38|0x0000000086600000, 0x0000000086700000, 0x0000000086700000|100%| O|  |TAMS 0x0000000086700000, 0x0000000086600000| Complete 
|  39|0x0000000086700000, 0x0000000086800000, 0x0000000086800000|100%| O|  |TAMS 0x0000000086800000, 0x0000000086700000| Complete 
|  40|0x0000000086800000, 0x0000000086900000, 0x0000000086900000|100%| O|  |TAMS 0x0000000086900000, 0x0000000086800000| Untracked 
|  41|0x0000000086900000, 0x0000000086a00000, 0x0000000086a00000|100%| O|  |TAMS 0x0000000086a00000, 0x0000000086900000| Complete 
|  42|0x0000000086a00000, 0x0000000086b00000, 0x0000000086b00000|100%| O|  |TAMS 0x0000000086b00000, 0x0000000086a00000| Untracked 
|  43|0x0000000086b00000, 0x0000000086c00000, 0x0000000086c00000|100%| O|  |TAMS 0x0000000086c00000, 0x0000000086b00000| Untracked 
|  44|0x0000000086c00000, 0x0000000086d00000, 0x0000000086d00000|100%| O|  |TAMS 0x0000000086d00000, 0x0000000086c00000| Untracked 
|  45|0x0000000086d00000, 0x0000000086e00000, 0x0000000086e00000|100%| O|  |TAMS 0x0000000086e00000, 0x0000000086d00000| Untracked 
|  46|0x0000000086e00000, 0x0000000086f00000, 0x0000000086f00000|100%| O|  |TAMS 0x0000000086f00000, 0x0000000086e00000| Untracked 
|  47|0x0000000086f00000, 0x0000000087000000, 0x0000000087000000|100%| O|  |TAMS 0x0000000087000000, 0x0000000086f00000| Complete 
|  48|0x0000000087000000, 0x0000000087000000, 0x0000000087100000|  0%| F|  |TAMS 0x0000000087000000, 0x0000000087000000| Untracked 
|  49|0x0000000087100000, 0x0000000087100000, 0x0000000087200000|  0%| F|  |TAMS 0x0000000087100000, 0x0000000087100000| Untracked 
|  50|0x0000000087200000, 0x0000000087300000, 0x0000000087300000|100%| O|  |TAMS 0x0000000087300000, 0x0000000087200000| Complete 
|  51|0x0000000087300000, 0x0000000087400000, 0x0000000087400000|100%| O|  |TAMS 0x0000000087400000, 0x0000000087300000| Untracked 
|  52|0x0000000087400000, 0x0000000087500000, 0x0000000087500000|100%| O|  |TAMS 0x0000000087500000, 0x0000000087400000| Complete 
|  53|0x0000000087500000, 0x0000000087600000, 0x0000000087600000|100%| O|  |TAMS 0x0000000087600000, 0x0000000087500000| Untracked 
|  54|0x0000000087600000, 0x0000000087700000, 0x0000000087700000|100%| O|  |TAMS 0x0000000087700000, 0x0000000087600000| Untracked 
|  55|0x0000000087700000, 0x0000000087800000, 0x0000000087800000|100%| O|  |TAMS 0x0000000087800000, 0x0000000087700000| Untracked 
|  56|0x0000000087800000, 0x0000000087900000, 0x0000000087900000|100%| O|  |TAMS 0x0000000087900000, 0x0000000087800000| Untracked 
|  57|0x0000000087900000, 0x0000000087a00000, 0x0000000087a00000|100%| O|  |TAMS 0x0000000087a00000, 0x0000000087900000| Untracked 
|  58|0x0000000087a00000, 0x0000000087b00000, 0x0000000087b00000|100%| O|  |TAMS 0x0000000087b00000, 0x0000000087a00000| Complete 
|  59|0x0000000087b00000, 0x0000000087c00000, 0x0000000087c00000|100%| O|  |TAMS 0x0000000087c00000, 0x0000000087b00000| Complete 
|  60|0x0000000087c00000, 0x0000000087d00000, 0x0000000087d00000|100%| O|  |TAMS 0x0000000087c00000, 0x0000000087c00000| Untracked 
|  61|0x0000000087d00000, 0x0000000087e00000, 0x0000000087e00000|100%| O|  |TAMS 0x0000000087d00000, 0x0000000087d00000| Untracked 
|  62|0x0000000087e00000, 0x0000000087f00000, 0x0000000087f00000|100%| O|  |TAMS 0x0000000087e00000, 0x0000000087e00000| Untracked 
|  63|0x0000000087f00000, 0x0000000087f7c000, 0x0000000088000000| 48%| O|  |TAMS 0x0000000087f00000, 0x0000000087f00000| Untracked 
|  64|0x0000000088000000, 0x0000000088000000, 0x0000000088100000|  0%| F|  |TAMS 0x0000000088000000, 0x0000000088000000| Untracked 
|  65|0x0000000088100000, 0x0000000088100000, 0x0000000088200000|  0%| F|  |TAMS 0x0000000088100000, 0x0000000088100000| Untracked 
|  66|0x0000000088200000, 0x0000000088200000, 0x0000000088300000|  0%| F|  |TAMS 0x0000000088200000, 0x0000000088200000| Untracked 
|  67|0x0000000088300000, 0x0000000088300000, 0x0000000088400000|  0%| F|  |TAMS 0x0000000088300000, 0x0000000088300000| Untracked 
|  68|0x0000000088400000, 0x0000000088400000, 0x0000000088500000|  0%| F|  |TAMS 0x0000000088400000, 0x0000000088400000| Untracked 
|  69|0x0000000088500000, 0x0000000088500000, 0x0000000088600000|  0%| F|  |TAMS 0x0000000088500000, 0x0000000088500000| Untracked 
|  70|0x0000000088600000, 0x0000000088600000, 0x0000000088700000|  0%| F|  |TAMS 0x0000000088600000, 0x0000000088600000| Untracked 
|  71|0x0000000088700000, 0x0000000088700000, 0x0000000088800000|  0%| F|  |TAMS 0x0000000088700000, 0x0000000088700000| Untracked 
|  72|0x0000000088800000, 0x0000000088800000, 0x0000000088900000|  0%| F|  |TAMS 0x0000000088800000, 0x0000000088800000| Untracked 
|  73|0x0000000088900000, 0x0000000088900000, 0x0000000088a00000|  0%| F|  |TAMS 0x0000000088900000, 0x0000000088900000| Untracked 
|  74|0x0000000088a00000, 0x0000000088a00000, 0x0000000088b00000|  0%| F|  |TAMS 0x0000000088a00000, 0x0000000088a00000| Untracked 
|  75|0x0000000088b00000, 0x0000000088b00000, 0x0000000088c00000|  0%| F|  |TAMS 0x0000000088b00000, 0x0000000088b00000| Untracked 
|  76|0x0000000088c00000, 0x0000000088c00000, 0x0000000088d00000|  0%| F|  |TAMS 0x0000000088c00000, 0x0000000088c00000| Untracked 
|  77|0x0000000088d00000, 0x0000000088d00000, 0x0000000088e00000|  0%| F|  |TAMS 0x0000000088d00000, 0x0000000088d00000| Untracked 
|  78|0x0000000088e00000, 0x0000000088e00000, 0x0000000088f00000|  0%| F|  |TAMS 0x0000000088e00000, 0x0000000088e00000| Untracked 
|  79|0x0000000088f00000, 0x0000000088f00000, 0x0000000089000000|  0%| F|  |TAMS 0x0000000088f00000, 0x0000000088f00000| Untracked 
|  80|0x0000000089000000, 0x0000000089000000, 0x0000000089100000|  0%| F|  |TAMS 0x0000000089000000, 0x0000000089000000| Untracked 
|  81|0x0000000089100000, 0x0000000089100000, 0x0000000089200000|  0%| F|  |TAMS 0x0000000089100000, 0x0000000089100000| Untracked 
|  82|0x0000000089200000, 0x0000000089200000, 0x0000000089300000|  0%| F|  |TAMS 0x0000000089200000, 0x0000000089200000| Untracked 
|  83|0x0000000089300000, 0x0000000089300000, 0x0000000089400000|  0%| F|  |TAMS 0x0000000089300000, 0x0000000089300000| Untracked 
|  84|0x0000000089400000, 0x0000000089400000, 0x0000000089500000|  0%| F|  |TAMS 0x0000000089400000, 0x0000000089400000| Untracked 
|  85|0x0000000089500000, 0x0000000089500000, 0x0000000089600000|  0%| F|  |TAMS 0x0000000089500000, 0x0000000089500000| Untracked 
|  86|0x0000000089600000, 0x000000008964fda8, 0x0000000089700000| 31%| S|CS|TAMS 0x0000000089600000, 0x0000000089600000| Complete 
|  87|0x0000000089700000, 0x0000000089800000, 0x0000000089800000|100%| S|CS|TAMS 0x0000000089700000, 0x0000000089700000| Complete 
|  88|0x0000000089800000, 0x0000000089800000, 0x0000000089900000|  0%| F|  |TAMS 0x0000000089800000, 0x0000000089800000| Untracked 
|  89|0x0000000089900000, 0x0000000089900000, 0x0000000089a00000|  0%| F|  |TAMS 0x0000000089900000, 0x0000000089900000| Untracked 
|  90|0x0000000089a00000, 0x0000000089a00000, 0x0000000089b00000|  0%| F|  |TAMS 0x0000000089a00000, 0x0000000089a00000| Untracked 
|  91|0x0000000089b00000, 0x0000000089b00000, 0x0000000089c00000|  0%| F|  |TAMS 0x0000000089b00000, 0x0000000089b00000| Untracked 
|  92|0x0000000089c00000, 0x0000000089c00000, 0x0000000089d00000|  0%| F|  |TAMS 0x0000000089c00000, 0x0000000089c00000| Untracked 
|  93|0x0000000089d00000, 0x0000000089d00000, 0x0000000089e00000|  0%| F|  |TAMS 0x0000000089d00000, 0x0000000089d00000| Untracked 
|  94|0x0000000089e00000, 0x0000000089e00000, 0x0000000089f00000|  0%| F|  |TAMS 0x0000000089e00000, 0x0000000089e00000| Untracked 
|  95|0x0000000089f00000, 0x0000000089f00000, 0x000000008a000000|  0%| F|  |TAMS 0x0000000089f00000, 0x0000000089f00000| Untracked 
|  96|0x000000008a000000, 0x000000008a000000, 0x000000008a100000|  0%| F|  |TAMS 0x000000008a000000, 0x000000008a000000| Untracked 
|  97|0x000000008a100000, 0x000000008a100000, 0x000000008a200000|  0%| F|  |TAMS 0x000000008a100000, 0x000000008a100000| Untracked 
|  98|0x000000008a200000, 0x000000008a200000, 0x000000008a300000|  0%| F|  |TAMS 0x000000008a200000, 0x000000008a200000| Untracked 
|  99|0x000000008a300000, 0x000000008a300000, 0x000000008a400000|  0%| F|  |TAMS 0x000000008a300000, 0x000000008a300000| Untracked 
| 100|0x000000008a400000, 0x000000008a400000, 0x000000008a500000|  0%| F|  |TAMS 0x000000008a400000, 0x000000008a400000| Untracked 
| 101|0x000000008a500000, 0x000000008a500000, 0x000000008a600000|  0%| F|  |TAMS 0x000000008a500000, 0x000000008a500000| Untracked 
| 102|0x000000008a600000, 0x000000008a600000, 0x000000008a700000|  0%| F|  |TAMS 0x000000008a600000, 0x000000008a600000| Untracked 
| 103|0x000000008a700000, 0x000000008a700000, 0x000000008a800000|  0%| F|  |TAMS 0x000000008a700000, 0x000000008a700000| Untracked 
| 104|0x000000008a800000, 0x000000008a800000, 0x000000008a900000|  0%| F|  |TAMS 0x000000008a800000, 0x000000008a800000| Untracked 
| 105|0x000000008a900000, 0x000000008a900000, 0x000000008aa00000|  0%| F|  |TAMS 0x000000008a900000, 0x000000008a900000| Untracked 
| 106|0x000000008aa00000, 0x000000008aa00000, 0x000000008ab00000|  0%| F|  |TAMS 0x000000008aa00000, 0x000000008aa00000| Untracked 
| 107|0x000000008ab00000, 0x000000008ab00000, 0x000000008ac00000|  0%| F|  |TAMS 0x000000008ab00000, 0x000000008ab00000| Untracked 
| 108|0x000000008ac00000, 0x000000008ac00000, 0x000000008ad00000|  0%| F|  |TAMS 0x000000008ac00000, 0x000000008ac00000| Untracked 
| 109|0x000000008ad00000, 0x000000008ad00000, 0x000000008ae00000|  0%| F|  |TAMS 0x000000008ad00000, 0x000000008ad00000| Untracked 
| 110|0x000000008ae00000, 0x000000008ae00000, 0x000000008af00000|  0%| F|  |TAMS 0x000000008ae00000, 0x000000008ae00000| Untracked 
| 111|0x000000008af00000, 0x000000008af00000, 0x000000008b000000|  0%| F|  |TAMS 0x000000008af00000, 0x000000008af00000| Untracked 
| 112|0x000000008b000000, 0x000000008b000000, 0x000000008b100000|  0%| F|  |TAMS 0x000000008b000000, 0x000000008b000000| Untracked 
| 113|0x000000008b100000, 0x000000008b100000, 0x000000008b200000|  0%| F|  |TAMS 0x000000008b100000, 0x000000008b100000| Untracked 
| 114|0x000000008b200000, 0x000000008b200000, 0x000000008b300000|  0%| F|  |TAMS 0x000000008b200000, 0x000000008b200000| Untracked 
| 115|0x000000008b300000, 0x000000008b300000, 0x000000008b400000|  0%| F|  |TAMS 0x000000008b300000, 0x000000008b300000| Untracked 
| 116|0x000000008b400000, 0x000000008b400000, 0x000000008b500000|  0%| F|  |TAMS 0x000000008b400000, 0x000000008b400000| Untracked 
| 117|0x000000008b500000, 0x000000008b500000, 0x000000008b600000|  0%| F|  |TAMS 0x000000008b500000, 0x000000008b500000| Untracked 
| 118|0x000000008b600000, 0x000000008b600000, 0x000000008b700000|  0%| F|  |TAMS 0x000000008b600000, 0x000000008b600000| Untracked 
| 119|0x000000008b700000, 0x000000008b700000, 0x000000008b800000|  0%| F|  |TAMS 0x000000008b700000, 0x000000008b700000| Untracked 
| 120|0x000000008b800000, 0x000000008b800000, 0x000000008b900000|  0%| F|  |TAMS 0x000000008b800000, 0x000000008b800000| Untracked 
| 121|0x000000008b900000, 0x000000008b900000, 0x000000008ba00000|  0%| F|  |TAMS 0x000000008b900000, 0x000000008b900000| Untracked 
| 122|0x000000008ba00000, 0x000000008ba00000, 0x000000008bb00000|  0%| F|  |TAMS 0x000000008ba00000, 0x000000008ba00000| Untracked 
| 123|0x000000008bb00000, 0x000000008bb00000, 0x000000008bc00000|  0%| F|  |TAMS 0x000000008bb00000, 0x000000008bb00000| Untracked 
| 124|0x000000008bc00000, 0x000000008bc00000, 0x000000008bd00000|  0%| F|  |TAMS 0x000000008bc00000, 0x000000008bc00000| Untracked 
| 125|0x000000008bd00000, 0x000000008bd00000, 0x000000008be00000|  0%| F|  |TAMS 0x000000008bd00000, 0x000000008bd00000| Untracked 
| 126|0x000000008be00000, 0x000000008be00000, 0x000000008bf00000|  0%| F|  |TAMS 0x000000008be00000, 0x000000008be00000| Untracked 
| 127|0x000000008bf00000, 0x000000008bf00000, 0x000000008c000000|  0%| F|  |TAMS 0x000000008bf00000, 0x000000008bf00000| Untracked 
| 128|0x000000008c000000, 0x000000008c000000, 0x000000008c100000|  0%| F|  |TAMS 0x000000008c000000, 0x000000008c000000| Untracked 
| 129|0x000000008c100000, 0x000000008c100000, 0x000000008c200000|  0%| F|  |TAMS 0x000000008c100000, 0x000000008c100000| Untracked 
| 130|0x000000008c200000, 0x000000008c200000, 0x000000008c300000|  0%| F|  |TAMS 0x000000008c200000, 0x000000008c200000| Untracked 
| 131|0x000000008c300000, 0x000000008c300000, 0x000000008c400000|  0%| F|  |TAMS 0x000000008c300000, 0x000000008c300000| Untracked 
| 132|0x000000008c400000, 0x000000008c400000, 0x000000008c500000|  0%| F|  |TAMS 0x000000008c400000, 0x000000008c400000| Untracked 
| 133|0x000000008c500000, 0x000000008c500000, 0x000000008c600000|  0%| F|  |TAMS 0x000000008c500000, 0x000000008c500000| Untracked 
| 134|0x000000008c600000, 0x000000008c600000, 0x000000008c700000|  0%| F|  |TAMS 0x000000008c600000, 0x000000008c600000| Untracked 
| 135|0x000000008c700000, 0x000000008c700000, 0x000000008c800000|  0%| F|  |TAMS 0x000000008c700000, 0x000000008c700000| Untracked 
| 136|0x000000008c800000, 0x000000008c800000, 0x000000008c900000|  0%| F|  |TAMS 0x000000008c800000, 0x000000008c800000| Untracked 
| 137|0x000000008c900000, 0x000000008c900000, 0x000000008ca00000|  0%| F|  |TAMS 0x000000008c900000, 0x000000008c900000| Untracked 
| 138|0x000000008ca00000, 0x000000008ca00000, 0x000000008cb00000|  0%| F|  |TAMS 0x000000008ca00000, 0x000000008ca00000| Untracked 
| 139|0x000000008cb00000, 0x000000008cb00000, 0x000000008cc00000|  0%| F|  |TAMS 0x000000008cb00000, 0x000000008cb00000| Untracked 
| 140|0x000000008cc00000, 0x000000008cc00000, 0x000000008cd00000|  0%| F|  |TAMS 0x000000008cc00000, 0x000000008cc00000| Untracked 
| 141|0x000000008cd00000, 0x000000008cd00000, 0x000000008ce00000|  0%| F|  |TAMS 0x000000008cd00000, 0x000000008cd00000| Untracked 
| 142|0x000000008ce00000, 0x000000008ce00000, 0x000000008cf00000|  0%| F|  |TAMS 0x000000008ce00000, 0x000000008ce00000| Untracked 
| 143|0x000000008cf00000, 0x000000008cf00000, 0x000000008d000000|  0%| F|  |TAMS 0x000000008cf00000, 0x000000008cf00000| Untracked 
| 144|0x000000008d000000, 0x000000008d000000, 0x000000008d100000|  0%| F|  |TAMS 0x000000008d000000, 0x000000008d000000| Untracked 
| 145|0x000000008d100000, 0x000000008d100000, 0x000000008d200000|  0%| F|  |TAMS 0x000000008d100000, 0x000000008d100000| Untracked 
| 146|0x000000008d200000, 0x000000008d200000, 0x000000008d300000|  0%| F|  |TAMS 0x000000008d200000, 0x000000008d200000| Untracked 
| 147|0x000000008d300000, 0x000000008d300000, 0x000000008d400000|  0%| F|  |TAMS 0x000000008d300000, 0x000000008d300000| Untracked 
| 148|0x000000008d400000, 0x000000008d400000, 0x000000008d500000|  0%| F|  |TAMS 0x000000008d400000, 0x000000008d400000| Untracked 
| 149|0x000000008d500000, 0x000000008d500000, 0x000000008d600000|  0%| F|  |TAMS 0x000000008d500000, 0x000000008d500000| Untracked 
| 150|0x000000008d600000, 0x000000008d600000, 0x000000008d700000|  0%| F|  |TAMS 0x000000008d600000, 0x000000008d600000| Untracked 
| 151|0x000000008d700000, 0x000000008d700000, 0x000000008d800000|  0%| F|  |TAMS 0x000000008d700000, 0x000000008d700000| Untracked 
| 152|0x000000008d800000, 0x000000008d800000, 0x000000008d900000|  0%| F|  |TAMS 0x000000008d800000, 0x000000008d800000| Untracked 
| 153|0x000000008d900000, 0x000000008d900000, 0x000000008da00000|  0%| F|  |TAMS 0x000000008d900000, 0x000000008d900000| Untracked 
| 154|0x000000008da00000, 0x000000008da00000, 0x000000008db00000|  0%| F|  |TAMS 0x000000008da00000, 0x000000008da00000| Untracked 
| 155|0x000000008db00000, 0x000000008db00000, 0x000000008dc00000|  0%| F|  |TAMS 0x000000008db00000, 0x000000008db00000| Untracked 
| 156|0x000000008dc00000, 0x000000008dc00000, 0x000000008dd00000|  0%| F|  |TAMS 0x000000008dc00000, 0x000000008dc00000| Untracked 
| 157|0x000000008dd00000, 0x000000008dd00000, 0x000000008de00000|  0%| F|  |TAMS 0x000000008dd00000, 0x000000008dd00000| Untracked 
| 158|0x000000008de00000, 0x000000008de00000, 0x000000008df00000|  0%| F|  |TAMS 0x000000008de00000, 0x000000008de00000| Untracked 
| 159|0x000000008df00000, 0x000000008df00000, 0x000000008e000000|  0%| F|  |TAMS 0x000000008df00000, 0x000000008df00000| Untracked 
| 160|0x000000008e000000, 0x000000008e000000, 0x000000008e100000|  0%| F|  |TAMS 0x000000008e000000, 0x000000008e000000| Untracked 
| 161|0x000000008e100000, 0x000000008e100000, 0x000000008e200000|  0%| F|  |TAMS 0x000000008e100000, 0x000000008e100000| Untracked 
| 162|0x000000008e200000, 0x000000008e200000, 0x000000008e300000|  0%| F|  |TAMS 0x000000008e200000, 0x000000008e200000| Untracked 
| 163|0x000000008e300000, 0x000000008e300000, 0x000000008e400000|  0%| F|  |TAMS 0x000000008e300000, 0x000000008e300000| Untracked 
| 164|0x000000008e400000, 0x000000008e400000, 0x000000008e500000|  0%| F|  |TAMS 0x000000008e400000, 0x000000008e400000| Untracked 
| 165|0x000000008e500000, 0x000000008e500000, 0x000000008e600000|  0%| F|  |TAMS 0x000000008e500000, 0x000000008e500000| Untracked 
| 166|0x000000008e600000, 0x000000008e600000, 0x000000008e700000|  0%| F|  |TAMS 0x000000008e600000, 0x000000008e600000| Untracked 
| 167|0x000000008e700000, 0x000000008e700000, 0x000000008e800000|  0%| F|  |TAMS 0x000000008e700000, 0x000000008e700000| Untracked 
| 168|0x000000008e800000, 0x000000008e800000, 0x000000008e900000|  0%| F|  |TAMS 0x000000008e800000, 0x000000008e800000| Untracked 
| 169|0x000000008e900000, 0x000000008e900000, 0x000000008ea00000|  0%| F|  |TAMS 0x000000008e900000, 0x000000008e900000| Untracked 
| 170|0x000000008ea00000, 0x000000008ea00000, 0x000000008eb00000|  0%| F|  |TAMS 0x000000008ea00000, 0x000000008ea00000| Untracked 
| 171|0x000000008eb00000, 0x000000008eb00000, 0x000000008ec00000|  0%| F|  |TAMS 0x000000008eb00000, 0x000000008eb00000| Untracked 
| 172|0x000000008ec00000, 0x000000008ec00000, 0x000000008ed00000|  0%| F|  |TAMS 0x000000008ec00000, 0x000000008ec00000| Untracked 
| 173|0x000000008ed00000, 0x000000008ed00000, 0x000000008ee00000|  0%| F|  |TAMS 0x000000008ed00000, 0x000000008ed00000| Untracked 
| 174|0x000000008ee00000, 0x000000008ee00000, 0x000000008ef00000|  0%| F|  |TAMS 0x000000008ee00000, 0x000000008ee00000| Untracked 
| 175|0x000000008ef00000, 0x000000008ef00000, 0x000000008f000000|  0%| F|  |TAMS 0x000000008ef00000, 0x000000008ef00000| Untracked 
| 176|0x000000008f000000, 0x000000008f000000, 0x000000008f100000|  0%| F|  |TAMS 0x000000008f000000, 0x000000008f000000| Untracked 
| 177|0x000000008f100000, 0x000000008f100000, 0x000000008f200000|  0%| F|  |TAMS 0x000000008f100000, 0x000000008f100000| Untracked 
| 178|0x000000008f200000, 0x000000008f200000, 0x000000008f300000|  0%| F|  |TAMS 0x000000008f200000, 0x000000008f200000| Untracked 
| 179|0x000000008f300000, 0x000000008f300000, 0x000000008f400000|  0%| F|  |TAMS 0x000000008f300000, 0x000000008f300000| Untracked 
| 180|0x000000008f400000, 0x000000008f400000, 0x000000008f500000|  0%| F|  |TAMS 0x000000008f400000, 0x000000008f400000| Untracked 
| 181|0x000000008f500000, 0x000000008f500000, 0x000000008f600000|  0%| F|  |TAMS 0x000000008f500000, 0x000000008f500000| Untracked 
| 182|0x000000008f600000, 0x000000008f600000, 0x000000008f700000|  0%| F|  |TAMS 0x000000008f600000, 0x000000008f600000| Untracked 
| 183|0x000000008f700000, 0x000000008f700000, 0x000000008f800000|  0%| F|  |TAMS 0x000000008f700000, 0x000000008f700000| Untracked 
| 184|0x000000008f800000, 0x000000008f800000, 0x000000008f900000|  0%| F|  |TAMS 0x000000008f800000, 0x000000008f800000| Untracked 
| 185|0x000000008f900000, 0x000000008fa00000, 0x000000008fa00000|100%| E|  |TAMS 0x000000008f900000, 0x000000008f900000| Complete 
| 186|0x000000008fa00000, 0x000000008fb00000, 0x000000008fb00000|100%| E|CS|TAMS 0x000000008fa00000, 0x000000008fa00000| Complete 
| 187|0x000000008fb00000, 0x000000008fc00000, 0x000000008fc00000|100%| E|CS|TAMS 0x000000008fb00000, 0x000000008fb00000| Complete 
| 188|0x000000008fc00000, 0x000000008fd00000, 0x000000008fd00000|100%| E|CS|TAMS 0x000000008fc00000, 0x000000008fc00000| Complete 
| 189|0x000000008fd00000, 0x000000008fe00000, 0x000000008fe00000|100%| E|CS|TAMS 0x000000008fd00000, 0x000000008fd00000| Complete 
| 190|0x000000008fe00000, 0x000000008ff00000, 0x000000008ff00000|100%| E|CS|TAMS 0x000000008fe00000, 0x000000008fe00000| Complete 
| 191|0x000000008ff00000, 0x0000000090000000, 0x0000000090000000|100%| E|CS|TAMS 0x000000008ff00000, 0x000000008ff00000| Complete 
| 192|0x0000000090000000, 0x0000000090100000, 0x0000000090100000|100%| E|CS|TAMS 0x0000000090000000, 0x0000000090000000| Complete 
| 193|0x0000000090100000, 0x0000000090200000, 0x0000000090200000|100%| E|CS|TAMS 0x0000000090100000, 0x0000000090100000| Complete 
| 194|0x0000000090200000, 0x0000000090300000, 0x0000000090300000|100%| E|CS|TAMS 0x0000000090200000, 0x0000000090200000| Complete 
| 195|0x0000000090300000, 0x0000000090400000, 0x0000000090400000|100%| E|CS|TAMS 0x0000000090300000, 0x0000000090300000| Complete 
| 196|0x0000000090400000, 0x0000000090500000, 0x0000000090500000|100%| E|CS|TAMS 0x0000000090400000, 0x0000000090400000| Complete 
| 197|0x0000000090500000, 0x0000000090600000, 0x0000000090600000|100%| E|CS|TAMS 0x0000000090500000, 0x0000000090500000| Complete 
| 198|0x0000000090600000, 0x0000000090700000, 0x0000000090700000|100%| E|CS|TAMS 0x0000000090600000, 0x0000000090600000| Complete 
| 199|0x0000000090700000, 0x0000000090800000, 0x0000000090800000|100%| E|CS|TAMS 0x0000000090700000, 0x0000000090700000| Complete 
| 200|0x0000000090800000, 0x0000000090900000, 0x0000000090900000|100%| E|CS|TAMS 0x0000000090800000, 0x0000000090800000| Complete 
| 201|0x0000000090900000, 0x0000000090a00000, 0x0000000090a00000|100%| E|CS|TAMS 0x0000000090900000, 0x0000000090900000| Complete 
| 202|0x0000000090a00000, 0x0000000090b00000, 0x0000000090b00000|100%| E|CS|TAMS 0x0000000090a00000, 0x0000000090a00000| Complete 
| 203|0x0000000090b00000, 0x0000000090c00000, 0x0000000090c00000|100%| E|CS|TAMS 0x0000000090b00000, 0x0000000090b00000| Complete 
| 204|0x0000000090c00000, 0x0000000090d00000, 0x0000000090d00000|100%| E|CS|TAMS 0x0000000090c00000, 0x0000000090c00000| Complete 
| 205|0x0000000090d00000, 0x0000000090e00000, 0x0000000090e00000|100%| E|CS|TAMS 0x0000000090d00000, 0x0000000090d00000| Complete 
| 206|0x0000000090e00000, 0x0000000090f00000, 0x0000000090f00000|100%| E|CS|TAMS 0x0000000090e00000, 0x0000000090e00000| Complete 
| 207|0x0000000090f00000, 0x0000000091000000, 0x0000000091000000|100%| E|CS|TAMS 0x0000000090f00000, 0x0000000090f00000| Complete 
| 208|0x0000000091000000, 0x0000000091100000, 0x0000000091100000|100%| E|CS|TAMS 0x0000000091000000, 0x0000000091000000| Complete 
| 209|0x0000000091100000, 0x0000000091200000, 0x0000000091200000|100%| E|CS|TAMS 0x0000000091100000, 0x0000000091100000| Complete 
| 210|0x0000000091200000, 0x0000000091300000, 0x0000000091300000|100%| E|CS|TAMS 0x0000000091200000, 0x0000000091200000| Complete 
| 211|0x0000000091300000, 0x0000000091400000, 0x0000000091400000|100%| E|CS|TAMS 0x0000000091300000, 0x0000000091300000| Complete 
| 212|0x0000000091400000, 0x0000000091500000, 0x0000000091500000|100%| E|CS|TAMS 0x0000000091400000, 0x0000000091400000| Complete 
| 213|0x0000000091500000, 0x0000000091600000, 0x0000000091600000|100%| E|CS|TAMS 0x0000000091500000, 0x0000000091500000| Complete 
| 214|0x0000000091600000, 0x0000000091700000, 0x0000000091700000|100%| E|CS|TAMS 0x0000000091600000, 0x0000000091600000| Complete 
| 215|0x0000000091700000, 0x0000000091800000, 0x0000000091800000|100%| E|CS|TAMS 0x0000000091700000, 0x0000000091700000| Complete 
| 216|0x0000000091800000, 0x0000000091900000, 0x0000000091900000|100%| E|CS|TAMS 0x0000000091800000, 0x0000000091800000| Complete 
| 217|0x0000000091900000, 0x0000000091a00000, 0x0000000091a00000|100%| E|CS|TAMS 0x0000000091900000, 0x0000000091900000| Complete 
| 218|0x0000000091a00000, 0x0000000091b00000, 0x0000000091b00000|100%| E|CS|TAMS 0x0000000091a00000, 0x0000000091a00000| Complete 
| 219|0x0000000091b00000, 0x0000000091c00000, 0x0000000091c00000|100%| E|CS|TAMS 0x0000000091b00000, 0x0000000091b00000| Complete 
| 220|0x0000000091c00000, 0x0000000091d00000, 0x0000000091d00000|100%| E|CS|TAMS 0x0000000091c00000, 0x0000000091c00000| Complete 
| 223|0x0000000091f00000, 0x0000000092000000, 0x0000000092000000|100%| E|CS|TAMS 0x0000000091f00000, 0x0000000091f00000| Complete 
| 224|0x0000000092000000, 0x0000000092100000, 0x0000000092100000|100%| E|CS|TAMS 0x0000000092000000, 0x0000000092000000| Complete 
| 225|0x0000000092100000, 0x0000000092200000, 0x0000000092200000|100%| E|CS|TAMS 0x0000000092100000, 0x0000000092100000| Complete 

Card table byte_map: [0x000002cafb970000,0x000002cafbd50000] _byte_map_base: 0x000002cafb550000

Marking Bits (Prev, Next): (CMBitMap*) 0x000002caf37aa6b0, (CMBitMap*) 0x000002caf37aa6f0
 Prev Bits: [0x000002cafc130000, 0x000002cafe030000)
 Next Bits: [0x000002cafe030000, 0x000002cafff30000)

Polling page: 0x000002caf16b0000

Metaspace:

Usage:
  Non-class:     10.05 MB used.
      Class:      1.10 MB used.
       Both:     11.14 MB used.

Virtual space:
  Non-class space:       64.00 MB reserved,      10.12 MB ( 16%) committed,  1 nodes.
      Class space:        1.00 GB reserved,       1.19 MB ( <1%) committed,  1 nodes.
             Both:        1.06 GB reserved,      11.31 MB (  1%) committed. 

Chunk freelists:
   Non-Class:  3.91 MB
       Class:  14.80 MB
        Both:  18.70 MB

MaxMetaspaceSize: unlimited
CompressedClassSpaceSize: 1.00 GB
Initial GC threshold: 21.00 MB
Current GC threshold: 21.00 MB
CDS: on
MetaspaceReclaimPolicy: balanced
 - commit_granule_bytes: 65536.
 - commit_granule_words: 8192.
 - virtual_space_node_default_size: 8388608.
 - enlarge_chunks_in_place: 1.
 - new_chunks_are_fully_committed: 0.
 - uncommit_free_chunks: 1.
 - use_allocation_guard: 0.
 - handle_deallocations: 1.


Internal statistics:

num_allocs_failed_limit: 0.
num_arena_births: 74.
num_arena_deaths: 0.
num_vsnodes_births: 2.
num_vsnodes_deaths: 0.
num_space_committed: 181.
num_space_uncommitted: 0.
num_chunks_returned_to_freelist: 0.
num_chunks_taken_from_freelist: 459.
num_chunk_merges: 0.
num_chunk_splits: 321.
num_chunks_enlarged: 268.
num_inconsistent_stats: 0.

CodeHeap 'non-profiled nmethods': size=120000Kb used=2567Kb max_used=2567Kb free=117432Kb
 bounds [0x000002ca87ad0000, 0x000002ca87d60000, 0x000002ca8f000000]
CodeHeap 'profiled nmethods': size=120000Kb used=7629Kb max_used=7629Kb free=112370Kb
 bounds [0x000002ca80000000, 0x000002ca80780000, 0x000002ca87530000]
CodeHeap 'non-nmethods': size=5760Kb used=1163Kb max_used=1222Kb free=4596Kb
 bounds [0x000002ca87530000, 0x000002ca877a0000, 0x000002ca87ad0000]
 total_blobs=3883 nmethods=3449 adapters=346
 compilation: enabled
              stopped_count=0, restarted_count=0
 full_count=0

Compilation events (20 events):
Event: 7.073 Thread 0x000002ca919f1510 4329       2       com.sun.tools.javac.jvm.Gen::visitSelect (431 bytes)
Event: 7.075 Thread 0x000002ca919f1510 nmethod 4329 0x000002ca80773a90 code [0x000002ca80773e00, 0x000002ca80774ce8]
Event: 7.097 Thread 0x000002cad96aaad0 nmethod 4272 0x000002ca87d2d110 code [0x000002ca87d2d5a0, 0x000002ca87d30938]
Event: 7.097 Thread 0x000002cad96aaad0 4307       4       com.sun.tools.javac.comp.TransTypes::visitVarDef (60 bytes)
Event: 7.108 Thread 0x000002cad96aaad0 nmethod 4307 0x000002ca87d33c90 code [0x000002ca87d33e60, 0x000002ca87d34d18]
Event: 7.108 Thread 0x000002cad96aaad0 4271       4       com.sun.tools.javac.code.Symbol$MethodSymbol::isInheritedIn (72 bytes)
Event: 7.114 Thread 0x000002ca919efb00 nmethod 4273 0x000002ca87d35390 code [0x000002ca87d358e0, 0x000002ca87d38fe8]
Event: 7.117 Thread 0x000002ca919efb00 4275       4       com.sun.tools.javac.comp.Lower::translate (22 bytes)
Event: 7.122 Thread 0x000002ca919efb00 nmethod 4275 0x000002ca87d3ce10 code [0x000002ca87d3cfe0, 0x000002ca87d3d468]
Event: 7.122 Thread 0x000002ca919efb00 4269       4       com.sun.tools.javac.code.Symbol$MethodSymbol::overrides (11 bytes)
Event: 7.124 Thread 0x000002cad96aaad0 nmethod 4271 0x000002ca87d3d990 code [0x000002ca87d3dc00, 0x000002ca87d3e990]
Event: 7.124 Thread 0x000002cad96aaad0 4270       4       com.sun.tools.javac.code.Symbol$MethodSymbol::overrides (252 bytes)
Event: 7.148 Thread 0x000002ca919efb00 nmethod 4269 0x000002ca87d3f490 code [0x000002ca87d3f800, 0x000002ca87d41130]
Event: 7.148 Thread 0x000002ca919efb00 4280       4       com.sun.tools.javac.code.Types$MembersClosureCache::visitClassType (10 bytes)
Event: 7.149 Thread 0x000002cad96aaad0 nmethod 4270 0x000002ca87d43090 code [0x000002ca87d43400, 0x000002ca87d44e10]
Event: 7.149 Thread 0x000002cad96aaad0 4252       4       com.sun.tools.javac.code.Types::membersClosure (50 bytes)
Event: 7.153 Thread 0x000002cad96aaad0 nmethod 4252 0x000002ca87d46d90 code [0x000002ca87d46f40, 0x000002ca87d475b8]
Event: 7.153 Thread 0x000002cad96aaad0 4251       4       com.sun.tools.javac.code.Symbol$MethodSymbol::implementation (57 bytes)
Event: 7.195 Thread 0x000002cad94267a0 nmethod 4281 0x000002ca87d47890 code [0x000002ca87d47f60, 0x000002ca87d4e120]
Event: 7.195 Thread 0x000002cad94267a0 4263       4       com.sun.tools.javac.code.Types::implementation (13 bytes)

GC Heap History (20 events):
Event: 0.792 GC heap before
{Heap before GC invocations=17 (full 0):
 garbage-first heap   total 29696K, used 18408K [0x0000000084000000, 0x0000000100000000)
  region size 1024K, 2 young (2048K), 1 survivors (1024K)
 Metaspace       used 7692K, committed 7872K, reserved 1114112K
  class space    used 863K, committed 960K, reserved 1048576K
}
Event: 0.794 GC heap after
{Heap after GC invocations=18 (full 0):
 garbage-first heap   total 46080K, used 17279K [0x0000000084000000, 0x0000000100000000)
  region size 1024K, 1 young (1024K), 1 survivors (1024K)
 Metaspace       used 7692K, committed 7872K, reserved 1114112K
  class space    used 863K, committed 960K, reserved 1048576K
}
Event: 0.867 GC heap before
{Heap before GC invocations=18 (full 0):
 garbage-first heap   total 46080K, used 24447K [0x0000000084000000, 0x0000000100000000)
  region size 1024K, 9 young (9216K), 1 survivors (1024K)
 Metaspace       used 7692K, committed 7872K, reserved 1114112K
  class space    used 863K, committed 960K, reserved 1048576K
}
Event: 0.869 GC heap after
{Heap after GC invocations=19 (full 0):
 garbage-first heap   total 46080K, used 17876K [0x0000000084000000, 0x0000000100000000)
  region size 1024K, 1 young (1024K), 1 survivors (1024K)
 Metaspace       used 7692K, committed 7872K, reserved 1114112K
  class space    used 863K, committed 960K, reserved 1048576K
}
Event: 0.871 GC heap before
{Heap before GC invocations=19 (full 0):
 garbage-first heap   total 46080K, used 22996K [0x0000000084000000, 0x0000000100000000)
  region size 1024K, 2 young (2048K), 1 survivors (1024K)
 Metaspace       used 7692K, committed 7872K, reserved 1114112K
  class space    used 863K, committed 960K, reserved 1048576K
}
Event: 0.872 GC heap after
{Heap after GC invocations=20 (full 0):
 garbage-first heap   total 46080K, used 23014K [0x0000000084000000, 0x0000000100000000)
  region size 1024K, 1 young (1024K), 1 survivors (1024K)
 Metaspace       used 7692K, committed 7872K, reserved 1114112K
  class space    used 863K, committed 960K, reserved 1048576K
}
Event: 0.936 GC heap before
{Heap before GC invocations=21 (full 0):
 garbage-first heap   total 55296K, used 48614K [0x0000000084000000, 0x0000000100000000)
  region size 1024K, 13 young (13312K), 1 survivors (1024K)
 Metaspace       used 7748K, committed 7872K, reserved 1114112K
  class space    used 863K, committed 960K, reserved 1048576K
}
Event: 0.939 GC heap after
{Heap after GC invocations=22 (full 0):
 garbage-first heap   total 55296K, used 21282K [0x0000000084000000, 0x0000000100000000)
  region size 1024K, 2 young (2048K), 2 survivors (2048K)
 Metaspace       used 7748K, committed 7872K, reserved 1114112K
  class space    used 863K, committed 960K, reserved 1048576K
}
Event: 0.945 GC heap before
{Heap before GC invocations=22 (full 0):
 garbage-first heap   total 55296K, used 22306K [0x0000000084000000, 0x0000000100000000)
  region size 1024K, 3 young (3072K), 2 survivors (2048K)
 Metaspace       used 7757K, committed 7936K, reserved 1114112K
  class space    used 863K, committed 960K, reserved 1048576K
}
Event: 0.948 GC heap after
{Heap after GC invocations=23 (full 0):
 garbage-first heap   total 110592K, used 21455K [0x0000000084000000, 0x0000000100000000)
  region size 1024K, 1 young (1024K), 1 survivors (1024K)
 Metaspace       used 7757K, committed 7936K, reserved 1114112K
  class space    used 863K, committed 960K, reserved 1048576K
}
Event: 1.335 GC heap before
{Heap before GC invocations=23 (full 0):
 garbage-first heap   total 110592K, used 61391K [0x0000000084000000, 0x0000000100000000)
  region size 1024K, 37 young (37888K), 1 survivors (1024K)
 Metaspace       used 9070K, committed 9280K, reserved 1114112K
  class space    used 988K, committed 1088K, reserved 1048576K
}
Event: 1.346 GC heap after
{Heap after GC invocations=24 (full 0):
 garbage-first heap   total 110592K, used 34800K [0x0000000084000000, 0x0000000100000000)
  region size 1024K, 5 young (5120K), 5 survivors (5120K)
 Metaspace       used 9070K, committed 9280K, reserved 1114112K
  class space    used 988K, committed 1088K, reserved 1048576K
}
Event: 1.476 GC heap before
{Heap before GC invocations=24 (full 0):
 garbage-first heap   total 110592K, used 70640K [0x0000000084000000, 0x0000000100000000)
  region size 1024K, 38 young (38912K), 5 survivors (5120K)
 Metaspace       used 9332K, committed 9536K, reserved 1114112K
  class space    used 994K, committed 1088K, reserved 1048576K
}
Event: 1.504 GC heap after
{Heap after GC invocations=25 (full 0):
 garbage-first heap   total 110592K, used 56191K [0x0000000084000000, 0x0000000100000000)
  region size 1024K, 5 young (5120K), 5 survivors (5120K)
 Metaspace       used 9332K, committed 9536K, reserved 1114112K
  class space    used 994K, committed 1088K, reserved 1048576K
}
Event: 1.625 GC heap before
{Heap before GC invocations=25 (full 0):
 garbage-first heap   total 110592K, used 76671K [0x0000000084000000, 0x0000000100000000)
  region size 1024K, 25 young (25600K), 5 survivors (5120K)
 Metaspace       used 9444K, committed 9600K, reserved 1114112K
  class space    used 996K, committed 1088K, reserved 1048576K
}
Event: 1.638 GC heap after
{Heap after GC invocations=26 (full 0):
 garbage-first heap   total 110592K, used 60928K [0x0000000084000000, 0x0000000100000000)
  region size 1024K, 4 young (4096K), 4 survivors (4096K)
 Metaspace       used 9444K, committed 9600K, reserved 1114112K
  class space    used 996K, committed 1088K, reserved 1048576K
}
Event: 2.193 GC heap before
{Heap before GC invocations=27 (full 0):
 garbage-first heap   total 111616K, used 80384K [0x0000000084000000, 0x0000000100000000)
  region size 1024K, 23 young (23552K), 4 survivors (4096K)
 Metaspace       used 10702K, committed 10880K, reserved 1114112K
  class space    used 1119K, committed 1216K, reserved 1048576K
}
Event: 2.205 GC heap after
{Heap after GC invocations=28 (full 0):
 garbage-first heap   total 111616K, used 64512K [0x0000000084000000, 0x0000000100000000)
  region size 1024K, 3 young (3072K), 3 survivors (3072K)
 Metaspace       used 10702K, committed 10880K, reserved 1114112K
  class space    used 1119K, committed 1216K, reserved 1048576K
}
Event: 5.983 GC heap before
{Heap before GC invocations=28 (full 0):
 garbage-first heap   total 111616K, used 83968K [0x0000000084000000, 0x0000000100000000)
  region size 1024K, 22 young (22528K), 3 survivors (3072K)
 Metaspace       used 11119K, committed 11328K, reserved 1114112K
  class space    used 1119K, committed 1216K, reserved 1048576K
}
Event: 5.992 GC heap after
{Heap after GC invocations=29 (full 0):
 garbage-first heap   total 231424K, used 66351K [0x0000000084000000, 0x0000000100000000)
  region size 1024K, 2 young (2048K), 2 survivors (2048K)
 Metaspace       used 11119K, committed 11328K, reserved 1114112K
  class space    used 1119K, committed 1216K, reserved 1048576K
}

Dll operation events (6 events):
Event: 0.006 Loaded shared library C:\Program Files (x86)\Android\openjdk\jdk-17.0.8.101-hotspot\bin\java.dll
Event: 0.022 Loaded shared library C:\Program Files (x86)\Android\openjdk\jdk-17.0.8.101-hotspot\bin\jsvml.dll
Event: 0.056 Loaded shared library C:\Program Files (x86)\Android\openjdk\jdk-17.0.8.101-hotspot\bin\jimage.dll
Event: 0.101 Loaded shared library C:\Program Files (x86)\Android\openjdk\jdk-17.0.8.101-hotspot\bin\net.dll
Event: 0.103 Loaded shared library C:\Program Files (x86)\Android\openjdk\jdk-17.0.8.101-hotspot\bin\nio.dll
Event: 0.188 Loaded shared library C:\Program Files (x86)\Android\openjdk\jdk-17.0.8.101-hotspot\bin\zip.dll

Deoptimization events (20 events):
Event: 6.747 Thread 0x000002caf37504a0 Uncommon trap: trap_request=0xffffffde fr.pc=0x000002ca87c63054 relative=0x0000000000000f34
Event: 6.747 Thread 0x000002caf37504a0 Uncommon trap: reason=class_check action=maybe_recompile pc=0x000002ca87c63054 method=com.sun.tools.javac.code.Types$SignatureGenerator.assembleSig(Lcom/sun/tools/javac/code/Type;)V @ 214 c2
Event: 6.747 Thread 0x000002caf37504a0 DEOPT PACKING pc=0x000002ca87c63054 sp=0x000000db0eefe9e0
Event: 6.747 Thread 0x000002caf37504a0 DEOPT UNPACKING pc=0x000002ca8758a1a3 sp=0x000000db0eefe998 mode 2
Event: 6.837 Thread 0x000002caf37504a0 Uncommon trap: trap_request=0xffffffde fr.pc=0x000002ca87cb1bf8 relative=0x0000000000000278
Event: 6.837 Thread 0x000002caf37504a0 Uncommon trap: reason=class_check action=maybe_recompile pc=0x000002ca87cb1bf8 method=com.sun.tools.javac.comp.Check.checkDeprecated(Ljava/util/function/Supplier;Lcom/sun/tools/javac/code/Symbol;Lcom/sun/tools/javac/code/Symbol;)V @ 22 c2
Event: 6.837 Thread 0x000002caf37504a0 DEOPT PACKING pc=0x000002ca87cb1bf8 sp=0x000000db0eefe120
Event: 6.837 Thread 0x000002caf37504a0 DEOPT UNPACKING pc=0x000002ca8758a1a3 sp=0x000000db0eefe0c0 mode 2
Event: 6.858 Thread 0x000002caf37504a0 Uncommon trap: trap_request=0xffffffde fr.pc=0x000002ca87cb1bf8 relative=0x0000000000000278
Event: 6.858 Thread 0x000002caf37504a0 Uncommon trap: reason=class_check action=maybe_recompile pc=0x000002ca87cb1bf8 method=com.sun.tools.javac.comp.Check.checkDeprecated(Ljava/util/function/Supplier;Lcom/sun/tools/javac/code/Symbol;Lcom/sun/tools/javac/code/Symbol;)V @ 22 c2
Event: 6.858 Thread 0x000002caf37504a0 DEOPT PACKING pc=0x000002ca87cb1bf8 sp=0x000000db0eefe980
Event: 6.858 Thread 0x000002caf37504a0 DEOPT UNPACKING pc=0x000002ca8758a1a3 sp=0x000000db0eefe920 mode 2
Event: 6.858 Thread 0x000002caf37504a0 Uncommon trap: trap_request=0xffffffc6 fr.pc=0x000002ca87c9f5ec relative=0x000000000000036c
Event: 6.858 Thread 0x000002caf37504a0 Uncommon trap: reason=bimorphic_or_optimized_type_check action=maybe_recompile pc=0x000002ca87c9f5ec method=com.sun.tools.javac.tree.TreeScanner.visitVarDef(Lcom/sun/tools/javac/tree/JCTree$JCVariableDecl;)V @ 5 c2
Event: 6.858 Thread 0x000002caf37504a0 DEOPT PACKING pc=0x000002ca87c9f5ec sp=0x000000db0eefe340
Event: 6.858 Thread 0x000002caf37504a0 DEOPT UNPACKING pc=0x000002ca8758a1a3 sp=0x000000db0eefe2f8 mode 2
Event: 7.044 Thread 0x000002caf37504a0 Uncommon trap: trap_request=0xffffff45 fr.pc=0x000002ca87c62e54 relative=0x0000000000000d34
Event: 7.044 Thread 0x000002caf37504a0 Uncommon trap: reason=unstable_if action=reinterpret pc=0x000002ca87c62e54 method=com.sun.tools.javac.code.Types$SignatureGenerator.assembleSig(Lcom/sun/tools/javac/code/Type;)V @ 11 c2
Event: 7.044 Thread 0x000002caf37504a0 DEOPT PACKING pc=0x000002ca87c62e54 sp=0x000000db0eefe4c0
Event: 7.044 Thread 0x000002caf37504a0 DEOPT UNPACKING pc=0x000002ca8758a1a3 sp=0x000000db0eefe478 mode 2

Classes unloaded (0 events):
No events

Classes redefined (0 events):
No events

Internal exceptions (20 events):
Event: 6.762 Thread 0x000002caf37504a0 Exception <a 'sun/nio/fs/WindowsException'{0x0000000090e6b830}> (0x0000000090e6b830) 
thrown [s\src\hotspot\share\prims\jni.cpp, line 516]
Event: 6.768 Thread 0x000002caf37504a0 Exception <a 'sun/nio/fs/WindowsException'{0x0000000090e95820}> (0x0000000090e95820) 
thrown [s\src\hotspot\share\prims\jni.cpp, line 516]
Event: 6.777 Thread 0x000002caf37504a0 Exception <a 'sun/nio/fs/WindowsException'{0x0000000090d0bb18}> (0x0000000090d0bb18) 
thrown [s\src\hotspot\share\prims\jni.cpp, line 516]
Event: 6.815 Thread 0x000002caf37504a0 Exception <a 'sun/nio/fs/WindowsException'{0x0000000090887480}> (0x0000000090887480) 
thrown [s\src\hotspot\share\prims\jni.cpp, line 516]
Event: 6.818 Thread 0x000002caf37504a0 Exception <a 'sun/nio/fs/WindowsException'{0x0000000090892700}> (0x0000000090892700) 
thrown [s\src\hotspot\share\prims\jni.cpp, line 516]
Event: 6.820 Thread 0x000002caf37504a0 Exception <a 'sun/nio/fs/WindowsException'{0x00000000908a2028}> (0x00000000908a2028) 
thrown [s\src\hotspot\share\prims\jni.cpp, line 516]
Event: 6.833 Thread 0x000002caf37504a0 Exception <a 'sun/nio/fs/WindowsException'{0x000000009066d878}> (0x000000009066d878) 
thrown [s\src\hotspot\share\prims\jni.cpp, line 516]
Event: 6.845 Thread 0x000002caf37504a0 Exception <a 'sun/nio/fs/WindowsException'{0x0000000090493930}> (0x0000000090493930) 
thrown [s\src\hotspot\share\prims\jni.cpp, line 516]
Event: 6.847 Thread 0x000002caf37504a0 Exception <a 'sun/nio/fs/WindowsException'{0x00000000904a0d58}> (0x00000000904a0d58) 
thrown [s\src\hotspot\share\prims\jni.cpp, line 516]
Event: 6.856 Thread 0x000002caf37504a0 Exception <a 'sun/nio/fs/WindowsException'{0x0000000090206fc8}> (0x0000000090206fc8) 
thrown [s\src\hotspot\share\prims\jni.cpp, line 516]
Event: 6.862 Thread 0x000002caf37504a0 Exception <a 'sun/nio/fs/WindowsException'{0x0000000090244260}> (0x0000000090244260) 
thrown [s\src\hotspot\share\prims\jni.cpp, line 516]
Event: 7.020 Thread 0x000002caf37504a0 Exception <a 'sun/nio/fs/WindowsException'{0x00000000901dd330}> (0x00000000901dd330) 
thrown [s\src\hotspot\share\prims\jni.cpp, line 516]
Event: 7.033 Thread 0x000002caf37504a0 Exception <a 'sun/nio/fs/WindowsException'{0x000000008ffda378}> (0x000000008ffda378) 
thrown [s\src\hotspot\share\prims\jni.cpp, line 516]
Event: 7.036 Thread 0x000002caf37504a0 Exception <a 'sun/nio/fs/WindowsException'{0x000000008fffb6d0}> (0x000000008fffb6d0) 
thrown [s\src\hotspot\share\prims\jni.cpp, line 516]
Event: 7.041 Thread 0x000002caf37504a0 Exception <a 'sun/nio/fs/WindowsException'{0x000000008fe1d138}> (0x000000008fe1d138) 
thrown [s\src\hotspot\share\prims\jni.cpp, line 516]
Event: 7.045 Thread 0x000002caf37504a0 Exception <a 'sun/nio/fs/WindowsException'{0x000000008fe611e8}> (0x000000008fe611e8) 
thrown [s\src\hotspot\share\prims\jni.cpp, line 516]
Event: 7.052 Thread 0x000002caf37504a0 Exception <a 'sun/nio/fs/WindowsException'{0x000000008fc02470}> (0x000000008fc02470) 
thrown [s\src\hotspot\share\prims\jni.cpp, line 516]
Event: 7.057 Thread 0x000002caf37504a0 Exception <a 'sun/nio/fs/WindowsException'{0x000000008fc27050}> (0x000000008fc27050) 
thrown [s\src\hotspot\share\prims\jni.cpp, line 516]
Event: 7.071 Thread 0x000002caf37504a0 Exception <a 'sun/nio/fs/WindowsException'{0x000000008f9aa390}> (0x000000008f9aa390) 
thrown [s\src\hotspot\share\prims\jni.cpp, line 516]
Event: 7.074 Thread 0x000002caf37504a0 Exception <a 'sun/nio/fs/WindowsException'{0x000000008f9b4ca0}> (0x000000008f9b4ca0) 
thrown [s\src\hotspot\share\prims\jni.cpp, line 516]

VM Operations (20 events):
Event: 2.612 Executing VM operation: ICBufferFull
Event: 2.613 Executing VM operation: ICBufferFull done
Event: 4.616 Executing VM operation: Cleanup
Event: 4.616 Executing VM operation: Cleanup done
Event: 5.629 Executing VM operation: Cleanup
Event: 5.629 Executing VM operation: Cleanup done
Event: 5.983 Executing VM operation: G1CollectForAllocation
Event: 5.992 Executing VM operation: G1CollectForAllocation done
Event: 6.022 Executing VM operation: G1PauseRemark
Event: 6.025 Executing VM operation: G1PauseRemark done
Event: 6.038 Executing VM operation: G1PauseCleanup
Event: 6.038 Executing VM operation: G1PauseCleanup done
Event: 6.677 Executing VM operation: ICBufferFull
Event: 6.678 Executing VM operation: ICBufferFull done
Event: 6.753 Executing VM operation: ICBufferFull
Event: 6.753 Executing VM operation: ICBufferFull done
Event: 6.925 Executing VM operation: HandshakeAllThreads
Event: 6.925 Executing VM operation: HandshakeAllThreads done
Event: 6.928 Executing VM operation: ICBufferFull
Event: 6.928 Executing VM operation: ICBufferFull done

Events (20 events):
Event: 4.998 Thread 0x000002cad881c070 Thread added: 0x000002cad881c070
Event: 5.103 Thread 0x000002cad881c070 Thread exited: 0x000002cad881c070
Event: 5.268 Thread 0x000002cad881c070 Thread added: 0x000002cad881c070
Event: 5.472 Thread 0x000002cad881c070 Thread exited: 0x000002cad881c070
Event: 5.502 Thread 0x000002cadac6f870 Thread added: 0x000002cadac6f870
Event: 5.502 Thread 0x000002cad9ed6830 Thread added: 0x000002cad9ed6830
Event: 5.626 Thread 0x000002cad9ed6830 Thread exited: 0x000002cad9ed6830
Event: 5.626 Thread 0x000002cadac6f870 Thread exited: 0x000002cadac6f870
Event: 5.979 Thread 0x000002cada720820 Thread added: 0x000002cada720820
Event: 6.011 Thread 0x000002cad90ab010 Thread added: 0x000002cad90ab010
Event: 6.148 Thread 0x000002cad90ab010 Thread exited: 0x000002cad90ab010
Event: 6.281 Thread 0x000002cad82c8010 Thread added: 0x000002cad82c8010
Event: 6.393 loading class jdk/internal/access/foreign/MemorySegmentProxy
Event: 6.394 loading class jdk/internal/access/foreign/MemorySegmentProxy done
Event: 6.650 Thread 0x000002cad82c8010 Thread exited: 0x000002cad82c8010
Event: 6.650 Thread 0x000002cada720820 Thread exited: 0x000002cada720820
Event: 6.675 Thread 0x000002cad96aaad0 Thread added: 0x000002cad96aaad0
Event: 6.675 Thread 0x000002cad94267a0 Thread added: 0x000002cad94267a0
Event: 6.927 Thread 0x000002ca919f1f10 flushing nmethod 0x000002ca802aec10
Event: 6.927 Thread 0x000002ca919f1f10 flushing nmethod 0x000002ca8041aa90


Dynamic libraries:
0x00007ff771cf0000 - 0x00007ff771cf8000 	C:\Program Files (x86)\Android\openjdk\jdk-17.0.8.101-hotspot\bin\javac.exe
0x00007ff9a0590000 - 0x00007ff9a0788000 	C:\WINDOWS\SYSTEM32\ntdll.dll
0x00007ff99e5e0000 - 0x00007ff99e69d000 	C:\WINDOWS\System32\KERNEL32.DLL
0x00007ff99dfb0000 - 0x00007ff99e2a6000 	C:\WINDOWS\System32\KERNELBASE.dll
0x00007ff99e3c0000 - 0x00007ff99e4c0000 	C:\WINDOWS\System32\ucrtbase.dll
0x00007ff97d5a0000 - 0x00007ff97d5bb000 	C:\Program Files (x86)\Android\openjdk\jdk-17.0.8.101-hotspot\bin\VCRUNTIME140.dll
0x00007ff96edb0000 - 0x00007ff96edc7000 	C:\Program Files (x86)\Android\openjdk\jdk-17.0.8.101-hotspot\bin\jli.dll
0x00007ff99f060000 - 0x00007ff99f1fe000 	C:\WINDOWS\System32\USER32.dll
0x00007ff99dd60000 - 0x00007ff99dd82000 	C:\WINDOWS\System32\win32u.dll
0x00007ff984f80000 - 0x00007ff98521a000 	C:\WINDOWS\WinSxS\amd64_microsoft.windows.common-controls_6595b64144ccf1df_6.0.19041.3636_none_60b6a03d71f818d5\COMCTL32.dll
0x00007ff99eb30000 - 0x00007ff99eb5c000 	C:\WINDOWS\System32\GDI32.dll
0x00007ff9a0170000 - 0x00007ff9a020e000 	C:\WINDOWS\System32\msvcrt.dll
0x00007ff99e4c0000 - 0x00007ff99e5da000 	C:\WINDOWS\System32\gdi32full.dll
0x00007ff99e2b0000 - 0x00007ff99e34d000 	C:\WINDOWS\System32\msvcp_win.dll
0x00007ff99f2b0000 - 0x00007ff99f2e0000 	C:\WINDOWS\System32\IMM32.DLL
0x00007ff998df0000 - 0x00007ff998dfc000 	C:\Program Files (x86)\Android\openjdk\jdk-17.0.8.101-hotspot\bin\vcruntime140_1.dll
0x00007ff95d580000 - 0x00007ff95d60d000 	C:\Program Files (x86)\Android\openjdk\jdk-17.0.8.101-hotspot\bin\msvcp140.dll
0x00007ff8e19e0000 - 0x00007ff8e2645000 	C:\Program Files (x86)\Android\openjdk\jdk-17.0.8.101-hotspot\bin\server\jvm.dll
0x00007ff99ec90000 - 0x00007ff99ed43000 	C:\WINDOWS\System32\ADVAPI32.dll
0x00007ff99f300000 - 0x00007ff99f39f000 	C:\WINDOWS\System32\sechost.dll
0x00007ff99e6a0000 - 0x00007ff99e7c6000 	C:\WINDOWS\System32\RPCRT4.dll
0x00007ff99dd90000 - 0x00007ff99ddb7000 	C:\WINDOWS\System32\bcrypt.dll
0x00007ff98f110000 - 0x00007ff98f137000 	C:\WINDOWS\SYSTEM32\WINMM.dll
0x00007ff99d9a0000 - 0x00007ff99d9eb000 	C:\WINDOWS\SYSTEM32\POWRPROF.dll
0x00007ff991a90000 - 0x00007ff991a99000 	C:\WINDOWS\SYSTEM32\WSOCK32.dll
0x00007ff991580000 - 0x00007ff99158a000 	C:\WINDOWS\SYSTEM32\VERSION.dll
0x00007ff99f8f0000 - 0x00007ff99f95b000 	C:\WINDOWS\System32\WS2_32.dll
0x00007ff99d980000 - 0x00007ff99d992000 	C:\WINDOWS\SYSTEM32\UMPDC.dll
0x00007ff99c460000 - 0x00007ff99c472000 	C:\WINDOWS\SYSTEM32\kernel.appcore.dll
0x00007ff998dd0000 - 0x00007ff998dda000 	C:\Program Files (x86)\Android\openjdk\jdk-17.0.8.101-hotspot\bin\jimage.dll
0x00007ff99b870000 - 0x00007ff99ba54000 	C:\WINDOWS\SYSTEM32\DBGHELP.DLL
0x00007ff969900000 - 0x00007ff969934000 	C:\WINDOWS\SYSTEM32\dbgcore.DLL
0x00007ff99df20000 - 0x00007ff99dfa2000 	C:\WINDOWS\System32\bcryptPrimitives.dll
0x00007ff96d9d0000 - 0x00007ff96d9f5000 	C:\Program Files (x86)\Android\openjdk\jdk-17.0.8.101-hotspot\bin\java.dll
0x00007ff9187c0000 - 0x00007ff918897000 	C:\Program Files (x86)\Android\openjdk\jdk-17.0.8.101-hotspot\bin\jsvml.dll
0x00007ff99fa20000 - 0x00007ff9a0165000 	C:\WINDOWS\System32\SHELL32.dll
0x00007ff99bcb0000 - 0x00007ff99c44b000 	C:\WINDOWS\SYSTEM32\windows.storage.dll
0x00007ff99e7d0000 - 0x00007ff99eb24000 	C:\WINDOWS\System32\combase.dll
0x00007ff99d4e0000 - 0x00007ff99d50d000 	C:\WINDOWS\SYSTEM32\Wldp.dll
0x00007ff99f200000 - 0x00007ff99f2ad000 	C:\WINDOWS\System32\SHCORE.dll
0x00007ff99ef70000 - 0x00007ff99efc5000 	C:\WINDOWS\System32\shlwapi.dll
0x00007ff99db90000 - 0x00007ff99dbb5000 	C:\WINDOWS\SYSTEM32\profapi.dll
0x00007ff96ed90000 - 0x00007ff96eda9000 	C:\Program Files (x86)\Android\openjdk\jdk-17.0.8.101-hotspot\bin\net.dll
0x00007ff997bb0000 - 0x00007ff997cba000 	C:\WINDOWS\SYSTEM32\WINHTTP.dll
0x00007ff99d2c0000 - 0x00007ff99d32a000 	C:\WINDOWS\system32\mswsock.dll
0x00007ff96b9e0000 - 0x00007ff96b9f6000 	C:\Program Files (x86)\Android\openjdk\jdk-17.0.8.101-hotspot\bin\nio.dll
0x00007ff96b9c0000 - 0x00007ff96b9d8000 	C:\Program Files (x86)\Android\openjdk\jdk-17.0.8.101-hotspot\bin\zip.dll

dbghelp: loaded successfully - version: 4.0.5 - missing functions: none
symbol engine: initialized successfully - sym options: 0x614 - pdb path: .;C:\Program Files (x86)\Android\openjdk\jdk-17.0.8.101-hotspot\bin;C:\WINDOWS\SYSTEM32;C:\WINDOWS\WinSxS\amd64_microsoft.windows.common-controls_6595b64144ccf1df_6.0.19041.3636_none_60b6a03d71f818d5;C:\Program Files (x86)\Android\openjdk\jdk-17.0.8.101-hotspot\bin\server

VM Arguments:
jvm_args: -Dapplication.home=C:\Program Files (x86)\Android\openjdk\jdk-17.0.8.101-hotspot --add-modules=ALL-DEFAULT -Xms8m -Dfile.encoding=UTF8 -Djdk.module.main=jdk.compiler 
java_command: jdk.compiler/com.sun.tools.javac.Main @C:\Users\Administrateur\AppData\Local\Temp\tmp24C3.tmp -target 1.8 -source 1.8
java_class_path (initial): <not set>
Launcher Type: SUN_STANDARD

[Global flags]
     intx CICompilerCount                          = 4                                         {product} {ergonomic}
     uint ConcGCThreads                            = 2                                         {product} {ergonomic}
     uint G1ConcRefinementThreads                  = 8                                         {product} {ergonomic}
   size_t G1HeapRegionSize                         = 1048576                                   {product} {ergonomic}
    uintx GCDrainStackTargetSize                   = 64                                        {product} {ergonomic}
   size_t InitialHeapSize                          = 8388608                                   {product} {command line}
   size_t MarkStackSize                            = 4194304                                   {product} {ergonomic}
   size_t MaxHeapSize                              = 2080374784                                {product} {ergonomic}
   size_t MaxNewSize                               = 1247805440                                {product} {ergonomic}
   size_t MinHeapDeltaBytes                        = 1048576                                   {product} {ergonomic}
   size_t MinHeapSize                              = 8388608                                   {product} {command line}
    uintx NonNMethodCodeHeapSize                   = 5839372                                {pd product} {ergonomic}
    uintx NonProfiledCodeHeapSize                  = 122909434                              {pd product} {ergonomic}
    uintx ProfiledCodeHeapSize                     = 122909434                              {pd product} {ergonomic}
    uintx ReservedCodeCacheSize                    = 251658240                              {pd product} {ergonomic}
     bool SegmentedCodeCache                       = true                                      {product} {ergonomic}
   size_t SoftMaxHeapSize                          = 2080374784                             {manageable} {ergonomic}
     bool UseCompressedClassPointers               = true                           {product lp64_product} {ergonomic}
     bool UseCompressedOops                        = true                           {product lp64_product} {ergonomic}
     bool UseG1GC                                  = true                                      {product} {ergonomic}
     bool UseLargePagesIndividualAllocation        = false                                  {pd product} {ergonomic}

Logging:
Log output configuration:
 #0: stdout all=warning uptime,level,tags
 #1: stderr all=off uptime,level,tags

Environment Variables:
PATH=C:\Program Files (x86)\Android\openjdk\jdk-17.0.8.101-hotspot\bin;C:\WINDOWS\system32;C:\WINDOWS;C:\WINDOWS\System32\Wbem;C:\WINDOWS\System32\WindowsPowerShell\v1.0\;C:\WINDOWS\System32\OpenSSH\;C:\Program Files\dotnet\;C:\Program Files\Git\cmd;C:\Users\Administrateur\AppData\Local\Microsoft\WindowsApps;C:\Users\Administrateur\.dotnet\tools;C:\Users\Administrateur\AppData\Local\Programs\Microsoft VS Code\bin
USERNAME=pret
OS=Windows_NT
PROCESSOR_IDENTIFIER=Intel64 Family 6 Model 140 Stepping 1, GenuineIntel
TMP=C:\Users\ADMINI~1\AppData\Local\Temp
TEMP=C:\Users\ADMINI~1\AppData\Local\Temp



---------------  S Y S T E M  ---------------

OS:
 Windows 10 , 64 bit Build 19041 (10.0.19041.3636)
OS uptime: 1 days 4:32 hours
Hyper-V role detected

CPU: total 8 (initial active 8) (4 cores per cpu, 2 threads per core) family 6 model 140 stepping 1 microcode 0xb4, cx8, cmov, fxsr, ht, mmx, 3dnowpref, sse, sse2, sse3, ssse3, sse4.1, sse4.2, popcnt, lzcnt, tsc, tscinvbit, avx, avx2, aes, erms, clmul, bmi1, bmi2, adx, avx512f, avx512dq, avx512cd, avx512bw, avx512vl, sha, fma, vzeroupper, avx512_vpopcntdq, avx512_vpclmulqdq, avx512_vaes, avx512_vnni, clflush, clflushopt, clwb, avx512_vbmi2, avx512_vbmi, hv
Processor Information for all 8 processors :
  Max Mhz: 1382, Current Mhz: 1382, Mhz Limit: 1382

Memory: 4k page, system-wide physical 7934M (1155M free)
TotalPageFile size 7934M (AvailPageFile size 5M)
current process WorkingSet (physical memory assigned to process): 257M, peak: 258M
current process commit charge ("private bytes"): 372M, peak: 373M

vm_info: OpenJDK 64-Bit Server VM (17.0.8.1+1-LTS) for windows-amd64 JRE (17.0.8.1+1-LTS), built on Aug 23 2023 17:38:52 by "MicrosoftCorporation" with MS VC++ 16.10 / 16.11 (VS2019)

END.
