#
# There is insufficient memory for the Java Runtime Environment to continue.
# Native memory allocation (malloc) failed to allocate 460976 bytes for Chunk::new
# Possible reasons:
#   The system is out of physical RAM or swap space
#   The process is running with CompressedOops enabled, and the Java Heap may be blocking the growth of the native heap
# Possible solutions:
#   Reduce memory load on the system
#   Increase physical memory or swap space
#   Check if swap backing store is full
#   Decrease Java heap size (-Xmx/-Xms)
#   Decrease number of Java threads
#   Decrease Java thread stack sizes (-Xss)
#   Set larger code cache with -XX:ReservedCodeCacheSize=
#   JVM is running with Unscaled Compressed Oops mode in which the Java heap is
#     placed in the first 4GB address space. The Java Heap base address is the
#     maximum limit for the native heap growth. Please use -XX:HeapBaseMinAddress
#     to set the Java Heap base and to place the Java Heap above 4GB virtual address.
# This output file may be truncated or incomplete.
#
#  Out of Memory Error (arena.cpp:189), pid=13988, tid=276
#
# JRE version: OpenJDK Runtime Environment Microsoft-8297089 (17.0.8.1+1) (build 17.0.8.1+1-LTS)
# Java VM: OpenJDK 64-Bit Server VM Microsoft-8297089 (17.0.8.1+1-LTS, mixed mode, sharing, tiered, compressed oops, compressed class ptrs, g1 gc, windows-amd64)
# No core dump will be written. Minidumps are not enabled by default on client versions of Windows
#

---------------  S U M M A R Y ------------

Command Line: com.xamarin.manifestmerger.Main obj\Debug\130\android\manifestmerger.rsp

Host: 11th Gen Intel(R) Core(TM) i5-1135G7 @ 2.40GHz, 8 cores, 7G,  Windows 10 , 64 bit Build 19041 (10.0.19041.3636)
Time: Fri Feb  9 20:40:21 2024 Paris, Madrid elapsed time: 0.928304 seconds (0d 0h 0m 0s)

---------------  T H R E A D  ---------------

Current thread (0x0000013f76c7fff0):  JavaThread "C2 CompilerThread0" daemon [_thread_in_native, id=276, stack(0x0000002d71300000,0x0000002d71400000)]


Current CompileTask:
C2:    928  350   !   4       java.lang.String::<init> (843 bytes)

Stack: [0x0000002d71300000,0x0000002d71400000]
Native frames: (J=compiled Java code, j=interpreted, Vv=VM code, C=native code)
V  [jvm.dll+0x67bf3a]
V  [jvm.dll+0x83a024]
V  [jvm.dll+0x83b7ce]
V  [jvm.dll+0x83be33]
V  [jvm.dll+0x24785f]
V  [jvm.dll+0xac3bc]
V  [jvm.dll+0xac98c]
V  [jvm.dll+0x3680b2]
V  [jvm.dll+0x332451]
V  [jvm.dll+0x3318fa]
V  [jvm.dll+0x21a131]
V  [jvm.dll+0x219551]
V  [jvm.dll+0x1a56b6]
V  [jvm.dll+0x2291ea]
V  [jvm.dll+0x22724c]
V  [jvm.dll+0x7efd0c]
V  [jvm.dll+0x7ea13a]
V  [jvm.dll+0x67ad85]
C  [ucrtbase.dll+0x21bb2]
C  [KERNEL32.DLL+0x17344]
C  [ntdll.dll+0x526b1]


---------------  P R O C E S S  ---------------

Threads class SMR info:
_java_thread_list=0x0000013f7b231ba0, length=14, elements={
0x0000013f56b03580, 0x0000013f76c65520, 0x0000013f76c65ee0, 0x0000013f76c78c40,
0x0000013f76c79600, 0x0000013f76c7bfd0, 0x0000013f76c7d130, 0x0000013f76c7fff0,
0x0000013f76c82a00, 0x0000013f76c83ba0, 0x0000013f7b0d94c0, 0x0000013f7b0e4280,
0x0000013f7b187810, 0x0000013f7b176a40
}

Java Threads: ( => current thread )
  0x0000013f56b03580 JavaThread "main" [_thread_in_Java, id=6316, stack(0x0000002d70600000,0x0000002d70700000)]
  0x0000013f76c65520 JavaThread "Reference Handler" daemon [_thread_blocked, id=4564, stack(0x0000002d70d00000,0x0000002d70e00000)]
  0x0000013f76c65ee0 JavaThread "Finalizer" daemon [_thread_blocked, id=13284, stack(0x0000002d70e00000,0x0000002d70f00000)]
  0x0000013f76c78c40 JavaThread "Signal Dispatcher" daemon [_thread_blocked, id=3040, stack(0x0000002d70f00000,0x0000002d71000000)]
  0x0000013f76c79600 JavaThread "Attach Listener" daemon [_thread_blocked, id=4972, stack(0x0000002d71000000,0x0000002d71100000)]
  0x0000013f76c7bfd0 JavaThread "Service Thread" daemon [_thread_blocked, id=6084, stack(0x0000002d71100000,0x0000002d71200000)]
  0x0000013f76c7d130 JavaThread "Monitor Deflation Thread" daemon [_thread_blocked, id=424, stack(0x0000002d71200000,0x0000002d71300000)]
=>0x0000013f76c7fff0 JavaThread "C2 CompilerThread0" daemon [_thread_in_native, id=276, stack(0x0000002d71300000,0x0000002d71400000)]
  0x0000013f76c82a00 JavaThread "C1 CompilerThread0" daemon [_thread_blocked, id=5428, stack(0x0000002d71400000,0x0000002d71500000)]
  0x0000013f76c83ba0 JavaThread "Sweeper thread" daemon [_thread_blocked, id=13308, stack(0x0000002d71500000,0x0000002d71600000)]
  0x0000013f7b0d94c0 JavaThread "Notification Thread" daemon [_thread_blocked, id=7464, stack(0x0000002d71600000,0x0000002d71700000)]
  0x0000013f7b0e4280 JavaThread "Common-Cleaner" daemon [_thread_blocked, id=2264, stack(0x0000002d71800000,0x0000002d71900000)]
  0x0000013f7b187810 JavaThread "C2 CompilerThread1" daemon [_thread_in_vm, id=13468, stack(0x0000002d71900000,0x0000002d71a00000)]
  0x0000013f7b176a40 JavaThread "C2 CompilerThread2" daemon [_thread_in_native, id=13156, stack(0x0000002d71a00000,0x0000002d71b00000)]

Other Threads:
  0x0000013f76c61720 VMThread "VM Thread" [stack: 0x0000002d70c00000,0x0000002d70d00000] [id=11336]
  0x0000013f7b0d99a0 WatcherThread [stack: 0x0000002d71700000,0x0000002d71800000] [id=13036]
  0x0000013f56b5ea10 GCTaskThread "GC Thread#0" [stack: 0x0000002d70700000,0x0000002d70800000] [id=11120]
  0x0000013f7b69f670 GCTaskThread "GC Thread#1" [stack: 0x0000002d71b00000,0x0000002d71c00000] [id=4572]
  0x0000013f7b492660 GCTaskThread "GC Thread#2" [stack: 0x0000002d71c00000,0x0000002d71d00000] [id=11860]
  0x0000013f7b82b800 GCTaskThread "GC Thread#3" [stack: 0x0000002d72100000,0x0000002d72200000] [id=3404]
  0x0000013f7b60cc40 GCTaskThread "GC Thread#4" [stack: 0x0000002d72200000,0x0000002d72300000] [id=6308]
  0x0000013f56b6f160 ConcurrentGCThread "G1 Main Marker" [stack: 0x0000002d70800000,0x0000002d70900000] [id=4560]
  0x0000013f56b6fb70 ConcurrentGCThread "G1 Conc#0" [stack: 0x0000002d70900000,0x0000002d70a00000] [id=1756]
  0x0000013f56bbec60 ConcurrentGCThread "G1 Refine#0" [stack: 0x0000002d70a00000,0x0000002d70b00000] [id=10580]
  0x0000013f7b2cde10 ConcurrentGCThread "G1 Refine#1" [stack: 0x0000002d71d00000,0x0000002d71e00000] [id=10292]
  0x0000013f7b82c320 ConcurrentGCThread "G1 Refine#2" [stack: 0x0000002d71e00000,0x0000002d71f00000] [id=13656]
  0x0000013f7b82c610 ConcurrentGCThread "G1 Refine#3" [stack: 0x0000002d71f00000,0x0000002d72000000] [id=14480]
  0x0000013f7b2ff860 ConcurrentGCThread "G1 Refine#4" [stack: 0x0000002d72000000,0x0000002d72100000] [id=11600]
  0x0000013f76b08830 ConcurrentGCThread "G1 Service" [stack: 0x0000002d70b00000,0x0000002d70c00000] [id=2224]

Threads with active compile tasks:
C2 CompilerThread0      968  350   !   4       java.lang.String::<init> (843 bytes)
C2 CompilerThread1      968  416       4       sun.security.provider.SHA2::implCompress0 (490 bytes)
C2 CompilerThread2      968  351   !   4       java.util.jar.Attributes::read (494 bytes)

VM state: not at safepoint (normal execution)

VM Mutex/Monitor currently owned by a thread: None

Heap address: 0x0000000084000000, size: 1984 MB, Compressed Oops mode: 32-bit

CDS archive(s) mapped at: [0x0000013f00000000-0x0000013f00bd0000-0x0000013f00bd0000), size 12386304, SharedBaseAddress: 0x0000013f00000000, ArchiveRelocationMode: 1.
Compressed class space mapped at: 0x0000013f01000000-0x0000013f41000000, reserved size: 1073741824
Narrow klass base: 0x0000013f00000000, Narrow klass shift: 0, Narrow klass range: 0x100000000

GC Precious Log:
 CPUs: 8 total, 8 available
 Memory: 7934M
 Large Page Support: Disabled
 NUMA Support: Disabled
 Compressed Oops: Enabled (32-bit)
 Heap Region Size: 1M
 Heap Min Capacity: 8M
 Heap Initial Capacity: 124M
 Heap Max Capacity: 1984M
 Pre-touch: Disabled
 Parallel Workers: 8
 Concurrent Workers: 2
 Concurrent Refinement Workers: 8
 Periodic GC: Disabled

Heap:
 garbage-first heap   total 126976K, used 36864K [0x0000000084000000, 0x0000000100000000)
  region size 1024K, 7 young (7168K), 3 survivors (3072K)
 Metaspace       used 2199K, committed 2432K, reserved 1114112K
  class space    used 205K, committed 320K, reserved 1048576K

Heap Regions: E=young(eden), S=young(survivor), O=old, HS=humongous(starts), HC=humongous(continues), CS=collection set, F=free, OA=open archive, CA=closed archive, TAMS=top-at-mark-start (previous, next)
|   0|0x0000000084000000, 0x0000000084100000, 0x0000000084100000|100%|HS|  |TAMS 0x0000000084000000, 0x0000000084000000| Complete 
|   1|0x0000000084100000, 0x0000000084200000, 0x0000000084200000|100%|HC|  |TAMS 0x0000000084100000, 0x0000000084100000| Complete 
|   2|0x0000000084200000, 0x0000000084300000, 0x0000000084300000|100%|HC|  |TAMS 0x0000000084200000, 0x0000000084200000| Complete 
|   3|0x0000000084300000, 0x0000000084400000, 0x0000000084400000|100%| O|  |TAMS 0x0000000084300000, 0x0000000084300000| Untracked 
|   4|0x0000000084400000, 0x0000000084500000, 0x0000000084500000|100%| O|  |TAMS 0x0000000084400000, 0x0000000084400000| Untracked 
|   5|0x0000000084500000, 0x0000000084600000, 0x0000000084600000|100%| O|  |TAMS 0x0000000084500000, 0x0000000084500000| Untracked 
|   6|0x0000000084600000, 0x0000000084700000, 0x0000000084700000|100%|HS|  |TAMS 0x0000000084600000, 0x0000000084600000| Complete 
|   7|0x0000000084700000, 0x0000000084800000, 0x0000000084800000|100%|HC|  |TAMS 0x0000000084700000, 0x0000000084700000| Complete 
|   8|0x0000000084800000, 0x0000000084900000, 0x0000000084900000|100%|HC|  |TAMS 0x0000000084800000, 0x0000000084800000| Complete 
|   9|0x0000000084900000, 0x0000000084a00000, 0x0000000084a00000|100%| O|  |TAMS 0x0000000084900000, 0x0000000084900000| Untracked 
|  10|0x0000000084a00000, 0x0000000084b00000, 0x0000000084b00000|100%| O|  |TAMS 0x0000000084a00000, 0x0000000084a00000| Untracked 
|  11|0x0000000084b00000, 0x0000000084c00000, 0x0000000084c00000|100%| O|  |TAMS 0x0000000084b00000, 0x0000000084b00000| Untracked 
|  12|0x0000000084c00000, 0x0000000084d00000, 0x0000000084d00000|100%|HS|  |TAMS 0x0000000084c00000, 0x0000000084c00000| Complete 
|  13|0x0000000084d00000, 0x0000000084e00000, 0x0000000084e00000|100%|HC|  |TAMS 0x0000000084d00000, 0x0000000084d00000| Complete 
|  14|0x0000000084e00000, 0x0000000084f00000, 0x0000000084f00000|100%|HC|  |TAMS 0x0000000084e00000, 0x0000000084e00000| Complete 
|  15|0x0000000084f00000, 0x0000000085000000, 0x0000000085000000|100%|HS|  |TAMS 0x0000000084f00000, 0x0000000084f00000| Complete 
|  16|0x0000000085000000, 0x0000000085100000, 0x0000000085100000|100%|HC|  |TAMS 0x0000000085000000, 0x0000000085000000| Complete 
|  17|0x0000000085100000, 0x0000000085200000, 0x0000000085200000|100%|HC|  |TAMS 0x0000000085100000, 0x0000000085100000| Complete 
|  18|0x0000000085200000, 0x0000000085300000, 0x0000000085300000|100%| O|  |TAMS 0x0000000085200000, 0x0000000085200000| Untracked 
|  19|0x0000000085300000, 0x0000000085400000, 0x0000000085400000|100%| O|  |TAMS 0x0000000085300000, 0x0000000085300000| Untracked 
|  20|0x0000000085400000, 0x0000000085500000, 0x0000000085500000|100%| O|  |TAMS 0x0000000085400000, 0x0000000085400000| Untracked 
|  21|0x0000000085500000, 0x0000000085600000, 0x0000000085600000|100%| O|  |TAMS 0x0000000085500000, 0x0000000085500000| Untracked 
|  22|0x0000000085600000, 0x0000000085700000, 0x0000000085700000|100%| O|  |TAMS 0x0000000085600000, 0x0000000085600000| Untracked 
|  23|0x0000000085700000, 0x0000000085800000, 0x0000000085800000|100%| O|  |TAMS 0x0000000085700000, 0x0000000085700000| Untracked 
|  24|0x0000000085800000, 0x0000000085900000, 0x0000000085900000|100%| O|  |TAMS 0x0000000085800000, 0x0000000085800000| Untracked 
|  25|0x0000000085900000, 0x0000000085a00000, 0x0000000085a00000|100%| O|  |TAMS 0x0000000085900000, 0x0000000085900000| Untracked 
|  26|0x0000000085a00000, 0x0000000085b00000, 0x0000000085b00000|100%| O|  |TAMS 0x0000000085a00000, 0x0000000085a00000| Untracked 
|  27|0x0000000085b00000, 0x0000000085c00000, 0x0000000085c00000|100%| O|  |TAMS 0x0000000085b00000, 0x0000000085b00000| Untracked 
|  28|0x0000000085c00000, 0x0000000085d00000, 0x0000000085d00000|100%| O|  |TAMS 0x0000000085c00000, 0x0000000085c00000| Untracked 
|  29|0x0000000085d00000, 0x0000000085e00000, 0x0000000085e00000|100%| O|  |TAMS 0x0000000085d00000, 0x0000000085d00000| Untracked 
|  30|0x0000000085e00000, 0x0000000085e00000, 0x0000000085f00000|  0%| F|  |TAMS 0x0000000085e00000, 0x0000000085e00000| Untracked 
|  31|0x0000000085f00000, 0x0000000085f00000, 0x0000000086000000|  0%| F|  |TAMS 0x0000000085f00000, 0x0000000085f00000| Untracked 
|  32|0x0000000086000000, 0x0000000086000000, 0x0000000086100000|  0%| F|  |TAMS 0x0000000086000000, 0x0000000086000000| Untracked 
|  33|0x0000000086100000, 0x0000000086100000, 0x0000000086200000|  0%| F|  |TAMS 0x0000000086100000, 0x0000000086100000| Untracked 
|  34|0x0000000086200000, 0x0000000086200000, 0x0000000086300000|  0%| F|  |TAMS 0x0000000086200000, 0x0000000086200000| Untracked 
|  35|0x0000000086300000, 0x0000000086300000, 0x0000000086400000|  0%| F|  |TAMS 0x0000000086300000, 0x0000000086300000| Untracked 
|  36|0x0000000086400000, 0x0000000086400000, 0x0000000086500000|  0%| F|  |TAMS 0x0000000086400000, 0x0000000086400000| Untracked 
|  37|0x0000000086500000, 0x0000000086500000, 0x0000000086600000|  0%| F|  |TAMS 0x0000000086500000, 0x0000000086500000| Untracked 
|  38|0x0000000086600000, 0x0000000086600000, 0x0000000086700000|  0%| F|  |TAMS 0x0000000086600000, 0x0000000086600000| Untracked 
|  39|0x0000000086700000, 0x0000000086700000, 0x0000000086800000|  0%| F|  |TAMS 0x0000000086700000, 0x0000000086700000| Untracked 
|  40|0x0000000086800000, 0x0000000086800000, 0x0000000086900000|  0%| F|  |TAMS 0x0000000086800000, 0x0000000086800000| Untracked 
|  41|0x0000000086900000, 0x0000000086900000, 0x0000000086a00000|  0%| F|  |TAMS 0x0000000086900000, 0x0000000086900000| Untracked 
|  42|0x0000000086a00000, 0x0000000086a00000, 0x0000000086b00000|  0%| F|  |TAMS 0x0000000086a00000, 0x0000000086a00000| Untracked 
|  43|0x0000000086b00000, 0x0000000086b00000, 0x0000000086c00000|  0%| F|  |TAMS 0x0000000086b00000, 0x0000000086b00000| Untracked 
|  44|0x0000000086c00000, 0x0000000086c00000, 0x0000000086d00000|  0%| F|  |TAMS 0x0000000086c00000, 0x0000000086c00000| Untracked 
|  45|0x0000000086d00000, 0x0000000086d00000, 0x0000000086e00000|  0%| F|  |TAMS 0x0000000086d00000, 0x0000000086d00000| Untracked 
|  46|0x0000000086e00000, 0x0000000086e00000, 0x0000000086f00000|  0%| F|  |TAMS 0x0000000086e00000, 0x0000000086e00000| Untracked 
|  47|0x0000000086f00000, 0x0000000086f00000, 0x0000000087000000|  0%| F|  |TAMS 0x0000000086f00000, 0x0000000086f00000| Untracked 
|  48|0x0000000087000000, 0x0000000087000000, 0x0000000087100000|  0%| F|  |TAMS 0x0000000087000000, 0x0000000087000000| Untracked 
|  49|0x0000000087100000, 0x0000000087100000, 0x0000000087200000|  0%| F|  |TAMS 0x0000000087100000, 0x0000000087100000| Untracked 
|  50|0x0000000087200000, 0x0000000087200000, 0x0000000087300000|  0%| F|  |TAMS 0x0000000087200000, 0x0000000087200000| Untracked 
|  51|0x0000000087300000, 0x0000000087300000, 0x0000000087400000|  0%| F|  |TAMS 0x0000000087300000, 0x0000000087300000| Untracked 
|  52|0x0000000087400000, 0x0000000087400000, 0x0000000087500000|  0%| F|  |TAMS 0x0000000087400000, 0x0000000087400000| Untracked 
|  53|0x0000000087500000, 0x0000000087500000, 0x0000000087600000|  0%| F|  |TAMS 0x0000000087500000, 0x0000000087500000| Untracked 
|  54|0x0000000087600000, 0x0000000087600000, 0x0000000087700000|  0%| F|  |TAMS 0x0000000087600000, 0x0000000087600000| Untracked 
|  55|0x0000000087700000, 0x0000000087700000, 0x0000000087800000|  0%| F|  |TAMS 0x0000000087700000, 0x0000000087700000| Untracked 
|  56|0x0000000087800000, 0x0000000087800000, 0x0000000087900000|  0%| F|  |TAMS 0x0000000087800000, 0x0000000087800000| Untracked 
|  57|0x0000000087900000, 0x0000000087900000, 0x0000000087a00000|  0%| F|  |TAMS 0x0000000087900000, 0x0000000087900000| Untracked 
|  58|0x0000000087a00000, 0x0000000087a00000, 0x0000000087b00000|  0%| F|  |TAMS 0x0000000087a00000, 0x0000000087a00000| Untracked 
|  59|0x0000000087b00000, 0x0000000087b00000, 0x0000000087c00000|  0%| F|  |TAMS 0x0000000087b00000, 0x0000000087b00000| Untracked 
|  60|0x0000000087c00000, 0x0000000087c00000, 0x0000000087d00000|  0%| F|  |TAMS 0x0000000087c00000, 0x0000000087c00000| Untracked 
|  61|0x0000000087d00000, 0x0000000087d00000, 0x0000000087e00000|  0%| F|  |TAMS 0x0000000087d00000, 0x0000000087d00000| Untracked 
|  62|0x0000000087e00000, 0x0000000087e00000, 0x0000000087f00000|  0%| F|  |TAMS 0x0000000087e00000, 0x0000000087e00000| Untracked 
|  63|0x0000000087f00000, 0x0000000087f00000, 0x0000000088000000|  0%| F|  |TAMS 0x0000000087f00000, 0x0000000087f00000| Untracked 
|  64|0x0000000088000000, 0x0000000088000000, 0x0000000088100000|  0%| F|  |TAMS 0x0000000088000000, 0x0000000088000000| Untracked 
|  65|0x0000000088100000, 0x0000000088100000, 0x0000000088200000|  0%| F|  |TAMS 0x0000000088100000, 0x0000000088100000| Untracked 
|  66|0x0000000088200000, 0x0000000088200000, 0x0000000088300000|  0%| F|  |TAMS 0x0000000088200000, 0x0000000088200000| Untracked 
|  67|0x0000000088300000, 0x0000000088300000, 0x0000000088400000|  0%| F|  |TAMS 0x0000000088300000, 0x0000000088300000| Untracked 
|  68|0x0000000088400000, 0x0000000088400000, 0x0000000088500000|  0%| F|  |TAMS 0x0000000088400000, 0x0000000088400000| Untracked 
|  69|0x0000000088500000, 0x0000000088500000, 0x0000000088600000|  0%| F|  |TAMS 0x0000000088500000, 0x0000000088500000| Untracked 
|  70|0x0000000088600000, 0x0000000088600000, 0x0000000088700000|  0%| F|  |TAMS 0x0000000088600000, 0x0000000088600000| Untracked 
|  71|0x0000000088700000, 0x0000000088700000, 0x0000000088800000|  0%| F|  |TAMS 0x0000000088700000, 0x0000000088700000| Untracked 
|  72|0x0000000088800000, 0x0000000088800000, 0x0000000088900000|  0%| F|  |TAMS 0x0000000088800000, 0x0000000088800000| Untracked 
|  73|0x0000000088900000, 0x0000000088900000, 0x0000000088a00000|  0%| F|  |TAMS 0x0000000088900000, 0x0000000088900000| Untracked 
|  74|0x0000000088a00000, 0x0000000088a00000, 0x0000000088b00000|  0%| F|  |TAMS 0x0000000088a00000, 0x0000000088a00000| Untracked 
|  75|0x0000000088b00000, 0x0000000088b00000, 0x0000000088c00000|  0%| F|  |TAMS 0x0000000088b00000, 0x0000000088b00000| Untracked 
|  76|0x0000000088c00000, 0x0000000088c00000, 0x0000000088d00000|  0%| F|  |TAMS 0x0000000088c00000, 0x0000000088c00000| Untracked 
|  77|0x0000000088d00000, 0x0000000088d00000, 0x0000000088e00000|  0%| F|  |TAMS 0x0000000088d00000, 0x0000000088d00000| Untracked 
|  78|0x0000000088e00000, 0x0000000088e00000, 0x0000000088f00000|  0%| F|  |TAMS 0x0000000088e00000, 0x0000000088e00000| Untracked 
|  79|0x0000000088f00000, 0x0000000088f00000, 0x0000000089000000|  0%| F|  |TAMS 0x0000000088f00000, 0x0000000088f00000| Untracked 
|  80|0x0000000089000000, 0x0000000089000000, 0x0000000089100000|  0%| F|  |TAMS 0x0000000089000000, 0x0000000089000000| Untracked 
|  81|0x0000000089100000, 0x0000000089100000, 0x0000000089200000|  0%| F|  |TAMS 0x0000000089100000, 0x0000000089100000| Untracked 
|  82|0x0000000089200000, 0x0000000089200000, 0x0000000089300000|  0%| F|  |TAMS 0x0000000089200000, 0x0000000089200000| Untracked 
|  83|0x0000000089300000, 0x0000000089300000, 0x0000000089400000|  0%| F|  |TAMS 0x0000000089300000, 0x0000000089300000| Untracked 
|  84|0x0000000089400000, 0x0000000089400000, 0x0000000089500000|  0%| F|  |TAMS 0x0000000089400000, 0x0000000089400000| Untracked 
|  85|0x0000000089500000, 0x0000000089500000, 0x0000000089600000|  0%| F|  |TAMS 0x0000000089500000, 0x0000000089500000| Untracked 
|  86|0x0000000089600000, 0x0000000089600000, 0x0000000089700000|  0%| F|  |TAMS 0x0000000089600000, 0x0000000089600000| Untracked 
|  87|0x0000000089700000, 0x0000000089700000, 0x0000000089800000|  0%| F|  |TAMS 0x0000000089700000, 0x0000000089700000| Untracked 
|  88|0x0000000089800000, 0x0000000089800000, 0x0000000089900000|  0%| F|  |TAMS 0x0000000089800000, 0x0000000089800000| Untracked 
|  89|0x0000000089900000, 0x0000000089900000, 0x0000000089a00000|  0%| F|  |TAMS 0x0000000089900000, 0x0000000089900000| Untracked 
|  90|0x0000000089a00000, 0x0000000089a00000, 0x0000000089b00000|  0%| F|  |TAMS 0x0000000089a00000, 0x0000000089a00000| Untracked 
|  91|0x0000000089b00000, 0x0000000089b00000, 0x0000000089c00000|  0%| F|  |TAMS 0x0000000089b00000, 0x0000000089b00000| Untracked 
|  92|0x0000000089c00000, 0x0000000089c00000, 0x0000000089d00000|  0%| F|  |TAMS 0x0000000089c00000, 0x0000000089c00000| Untracked 
|  93|0x0000000089d00000, 0x0000000089d00000, 0x0000000089e00000|  0%| F|  |TAMS 0x0000000089d00000, 0x0000000089d00000| Untracked 
|  94|0x0000000089e00000, 0x0000000089e00000, 0x0000000089f00000|  0%| F|  |TAMS 0x0000000089e00000, 0x0000000089e00000| Untracked 
|  95|0x0000000089f00000, 0x0000000089f00000, 0x000000008a000000|  0%| F|  |TAMS 0x0000000089f00000, 0x0000000089f00000| Untracked 
|  96|0x000000008a000000, 0x000000008a000000, 0x000000008a100000|  0%| F|  |TAMS 0x000000008a000000, 0x000000008a000000| Untracked 
|  97|0x000000008a100000, 0x000000008a100000, 0x000000008a200000|  0%| F|  |TAMS 0x000000008a100000, 0x000000008a100000| Untracked 
|  98|0x000000008a200000, 0x000000008a200000, 0x000000008a300000|  0%| F|  |TAMS 0x000000008a200000, 0x000000008a200000| Untracked 
|  99|0x000000008a300000, 0x000000008a300000, 0x000000008a400000|  0%| F|  |TAMS 0x000000008a300000, 0x000000008a300000| Untracked 
| 100|0x000000008a400000, 0x000000008a400000, 0x000000008a500000|  0%| F|  |TAMS 0x000000008a400000, 0x000000008a400000| Untracked 
| 101|0x000000008a500000, 0x000000008a600000, 0x000000008a600000|100%| S|CS|TAMS 0x000000008a500000, 0x000000008a500000| Complete 
| 102|0x000000008a600000, 0x000000008a700000, 0x000000008a700000|100%| S|CS|TAMS 0x000000008a600000, 0x000000008a600000| Complete 
| 103|0x000000008a700000, 0x000000008a800000, 0x000000008a800000|100%| S|CS|TAMS 0x000000008a700000, 0x000000008a700000| Complete 
| 104|0x000000008a800000, 0x000000008a800000, 0x000000008a900000|  0%| F|  |TAMS 0x000000008a800000, 0x000000008a800000| Untracked 
| 105|0x000000008a900000, 0x000000008a900000, 0x000000008aa00000|  0%| F|  |TAMS 0x000000008a900000, 0x000000008a900000| Untracked 
| 106|0x000000008aa00000, 0x000000008aa00000, 0x000000008ab00000|  0%| F|  |TAMS 0x000000008aa00000, 0x000000008aa00000| Untracked 
| 107|0x000000008ab00000, 0x000000008ab00000, 0x000000008ac00000|  0%| F|  |TAMS 0x000000008ab00000, 0x000000008ab00000| Untracked 
| 108|0x000000008ac00000, 0x000000008ac00000, 0x000000008ad00000|  0%| F|  |TAMS 0x000000008ac00000, 0x000000008ac00000| Untracked 
| 109|0x000000008ad00000, 0x000000008ad00000, 0x000000008ae00000|  0%| F|  |TAMS 0x000000008ad00000, 0x000000008ad00000| Untracked 
| 110|0x000000008ae00000, 0x000000008ae00000, 0x000000008af00000|  0%| F|  |TAMS 0x000000008ae00000, 0x000000008ae00000| Untracked 
| 111|0x000000008af00000, 0x000000008af00000, 0x000000008b000000|  0%| F|  |TAMS 0x000000008af00000, 0x000000008af00000| Untracked 
| 112|0x000000008b000000, 0x000000008b000000, 0x000000008b100000|  0%| F|  |TAMS 0x000000008b000000, 0x000000008b000000| Untracked 
| 113|0x000000008b100000, 0x000000008b100000, 0x000000008b200000|  0%| F|  |TAMS 0x000000008b100000, 0x000000008b100000| Untracked 
| 114|0x000000008b200000, 0x000000008b200000, 0x000000008b300000|  0%| F|  |TAMS 0x000000008b200000, 0x000000008b200000| Untracked 
| 115|0x000000008b300000, 0x000000008b300000, 0x000000008b400000|  0%| F|  |TAMS 0x000000008b300000, 0x000000008b300000| Untracked 
| 116|0x000000008b400000, 0x000000008b400000, 0x000000008b500000|  0%| F|  |TAMS 0x000000008b400000, 0x000000008b400000| Untracked 
| 117|0x000000008b500000, 0x000000008b500000, 0x000000008b600000|  0%| F|  |TAMS 0x000000008b500000, 0x000000008b500000| Untracked 
| 118|0x000000008b600000, 0x000000008b600000, 0x000000008b700000|  0%| F|  |TAMS 0x000000008b600000, 0x000000008b600000| Untracked 
| 119|0x000000008b700000, 0x000000008b700000, 0x000000008b800000|  0%| F|  |TAMS 0x000000008b700000, 0x000000008b700000| Untracked 
| 120|0x000000008b800000, 0x000000008b8bb508, 0x000000008b900000| 73%| E|  |TAMS 0x000000008b800000, 0x000000008b800000| Complete 
| 121|0x000000008b900000, 0x000000008ba00000, 0x000000008ba00000|100%| E|CS|TAMS 0x000000008b900000, 0x000000008b900000| Complete 
| 122|0x000000008ba00000, 0x000000008bb00000, 0x000000008bb00000|100%| E|CS|TAMS 0x000000008ba00000, 0x000000008ba00000| Complete 
| 123|0x000000008bb00000, 0x000000008bc00000, 0x000000008bc00000|100%| E|CS|TAMS 0x000000008bb00000, 0x000000008bb00000| Complete 

Card table byte_map: [0x0000013f6fc20000,0x0000013f70000000] _byte_map_base: 0x0000013f6f800000

Marking Bits (Prev, Next): (CMBitMap*) 0x0000013f56b5f030, (CMBitMap*) 0x0000013f56b5f070
 Prev Bits: [0x0000013f703e0000, 0x0000013f722e0000)
 Next Bits: [0x0000013f722e0000, 0x0000013f741e0000)

Polling page: 0x0000013f56bc0000

Metaspace:

Usage:
  Non-class:      1.95 MB used.
      Class:    205.27 KB used.
       Both:      2.15 MB used.

Virtual space:
  Non-class space:       64.00 MB reserved,       2.06 MB (  3%) committed,  1 nodes.
      Class space:        1.00 GB reserved,     320.00 KB ( <1%) committed,  1 nodes.
             Both:        1.06 GB reserved,       2.38 MB ( <1%) committed. 

Chunk freelists:
   Non-Class:  12.00 MB
       Class:  15.75 MB
        Both:  27.75 MB

MaxMetaspaceSize: unlimited
CompressedClassSpaceSize: 1.00 GB
Initial GC threshold: 21.00 MB
Current GC threshold: 21.00 MB
CDS: on
MetaspaceReclaimPolicy: balanced
 - commit_granule_bytes: 65536.
 - commit_granule_words: 8192.
 - virtual_space_node_default_size: 8388608.
 - enlarge_chunks_in_place: 1.
 - new_chunks_are_fully_committed: 0.
 - uncommit_free_chunks: 1.
 - use_allocation_guard: 0.
 - handle_deallocations: 1.


Internal statistics:

num_allocs_failed_limit: 0.
num_arena_births: 4.
num_arena_deaths: 0.
num_vsnodes_births: 2.
num_vsnodes_deaths: 0.
num_space_committed: 38.
num_space_uncommitted: 0.
num_chunks_returned_to_freelist: 0.
num_chunks_taken_from_freelist: 5.
num_chunk_merges: 0.
num_chunk_splits: 3.
num_chunks_enlarged: 1.
num_inconsistent_stats: 0.

CodeHeap 'non-profiled nmethods': size=120000Kb used=236Kb max_used=236Kb free=119763Kb
 bounds [0x0000013f678b0000, 0x0000013f67b20000, 0x0000013f6ede0000]
CodeHeap 'profiled nmethods': size=120000Kb used=641Kb max_used=641Kb free=119358Kb
 bounds [0x0000013f5fde0000, 0x0000013f60050000, 0x0000013f67310000]
CodeHeap 'non-nmethods': size=5760Kb used=1140Kb max_used=1160Kb free=4619Kb
 bounds [0x0000013f67310000, 0x0000013f67580000, 0x0000013f678b0000]
 total_blobs=822 nmethods=410 adapters=325
 compilation: enabled
              stopped_count=0, restarted_count=0
 full_count=0

Compilation events (20 events):
Event: 0.918 Thread 0x0000013f76c82a00 nmethod 397 0x0000013f5fe6f810 code [0x0000013f5fe6fa20, 0x0000013f5fe704d8]
Event: 0.918 Thread 0x0000013f76c82a00  398       3       java.lang.invoke.VarHandle::getTypesAndInvokers (24 bytes)
Event: 0.918 Thread 0x0000013f76c82a00 nmethod 398 0x0000013f5fe70810 code [0x0000013f5fe709c0, 0x0000013f5fe70e98]
Event: 0.918 Thread 0x0000013f76c82a00  399       3       java.lang.invoke.VarForm::getMemberName (31 bytes)
Event: 0.919 Thread 0x0000013f76c82a00 nmethod 399 0x0000013f5fe71010 code [0x0000013f5fe711c0, 0x0000013f5fe71418]
Event: 0.919 Thread 0x0000013f76c82a00  400       3       java.lang.invoke.VarHandleByteArrayAsInts$ArrayHandle::index (12 bytes)
Event: 0.919 Thread 0x0000013f76c82a00 nmethod 400 0x0000013f5fe71510 code [0x0000013f5fe716c0, 0x0000013f5fe718c8]
Event: 0.919 Thread 0x0000013f76c82a00  394       3       java.lang.CharacterDataLatin1::isWhitespace (23 bytes)
Event: 0.919 Thread 0x0000013f76c82a00 nmethod 394 0x0000013f5fe71a10 code [0x0000013f5fe71bc0, 0x0000013f5fe71dd8]
Event: 0.919 Thread 0x0000013f76c82a00  401       3       jdk.internal.misc.Unsafe::getIntUnaligned (12 bytes)
Event: 0.920 Thread 0x0000013f76c82a00 nmethod 401 0x0000013f5fe71f10 code [0x0000013f5fe720c0, 0x0000013f5fe72318]
Event: 0.920 Thread 0x0000013f76c82a00  402       3       jdk.internal.misc.Unsafe::getIntUnaligned (83 bytes)
Event: 0.920 Thread 0x0000013f76c82a00 nmethod 402 0x0000013f5fe72410 code [0x0000013f5fe725e0, 0x0000013f5fe72aa8]
Event: 0.920 Thread 0x0000013f76c82a00  405       3       sun.security.provider.SHA2::implCompress0 (490 bytes)
Event: 0.920 Thread 0x0000013f7b187810 nmethod 385 0x0000013f678e9190 code [0x0000013f678e9300, 0x0000013f678e9578]
Event: 0.921 Thread 0x0000013f76c82a00 nmethod 405 0x0000013f5fe72c10 code [0x0000013f5fe72e00, 0x0000013f5fe736a8]
Event: 0.921 Thread 0x0000013f76c82a00  403       3       java.lang.invoke.VarHandleGuards::guard_LI_I (78 bytes)
Event: 0.923 Thread 0x0000013f7b187810  409       4       java.lang.invoke.VarHandle::checkExactAccessMode (28 bytes)
Event: 0.924 Thread 0x0000013f76c82a00 nmethod 403 0x0000013f5fe73b90 code [0x0000013f5fe73ee0, 0x0000013f5fe75c48]
Event: 0.924 Thread 0x0000013f76c82a00  408       3       sun.security.provider.ByteArrayAccess::b2iBig64 (231 bytes)

GC Heap History (4 events):
Event: 0.515 GC heap before
{Heap before GC invocations=0 (full 0):
 garbage-first heap   total 126976K, used 41984K [0x0000000084000000, 0x0000000100000000)
  region size 1024K, 23 young (23552K), 0 survivors (0K)
 Metaspace       used 327K, committed 512K, reserved 1114112K
  class space    used 11K, committed 128K, reserved 1048576K
}
Event: 0.543 GC heap after
{Heap after GC invocations=1 (full 0):
 garbage-first heap   total 126976K, used 21440K [0x0000000084000000, 0x0000000100000000)
  region size 1024K, 3 young (3072K), 3 survivors (3072K)
 Metaspace       used 327K, committed 512K, reserved 1114112K
  class space    used 11K, committed 128K, reserved 1048576K
}
Event: 0.802 GC heap before
{Heap before GC invocations=1 (full 0):
 garbage-first heap   total 126976K, used 41920K [0x0000000084000000, 0x0000000100000000)
  region size 1024K, 23 young (23552K), 3 survivors (3072K)
 Metaspace       used 1572K, committed 1792K, reserved 1114112K
  class space    used 141K, committed 256K, reserved 1048576K
}
Event: 0.834 GC heap after
{Heap after GC invocations=2 (full 0):
 garbage-first heap   total 126976K, used 33792K [0x0000000084000000, 0x0000000100000000)
  region size 1024K, 3 young (3072K), 3 survivors (3072K)
 Metaspace       used 1572K, committed 1792K, reserved 1114112K
  class space    used 141K, committed 256K, reserved 1048576K
}

Dll operation events (6 events):
Event: 0.008 Loaded shared library C:\Program Files (x86)\Android\openjdk\jdk-17.0.8.101-hotspot\bin\java.dll
Event: 0.036 Loaded shared library C:\Program Files (x86)\Android\openjdk\jdk-17.0.8.101-hotspot\bin\jsvml.dll
Event: 0.089 Loaded shared library C:\Program Files (x86)\Android\openjdk\jdk-17.0.8.101-hotspot\bin\net.dll
Event: 0.092 Loaded shared library C:\Program Files (x86)\Android\openjdk\jdk-17.0.8.101-hotspot\bin\nio.dll
Event: 0.161 Loaded shared library C:\Program Files (x86)\Android\openjdk\jdk-17.0.8.101-hotspot\bin\zip.dll
Event: 0.889 Loaded shared library C:\Program Files (x86)\Android\openjdk\jdk-17.0.8.101-hotspot\bin\jimage.dll

Deoptimization events (20 events):
Event: 0.660 Thread 0x0000013f56b03580 Uncommon trap: trap_request=0xffffff45 fr.pc=0x0000013f678bde50 relative=0x0000000000000530
Event: 0.660 Thread 0x0000013f56b03580 Uncommon trap: reason=unstable_if action=reinterpret pc=0x0000013f678bde50 method=java.lang.String.<init>([BIILjava/nio/charset/Charset;)V @ 47 c2
Event: 0.660 Thread 0x0000013f56b03580 DEOPT PACKING pc=0x0000013f678bde50 sp=0x0000002d706fd010
Event: 0.660 Thread 0x0000013f56b03580 DEOPT UNPACKING pc=0x0000013f6736a1a3 sp=0x0000002d706fcfc8 mode 2
Event: 0.700 Thread 0x0000013f56b03580 Uncommon trap: trap_request=0xffffff45 fr.pc=0x0000013f678cbff0 relative=0x0000000000002190
Event: 0.700 Thread 0x0000013f56b03580 Uncommon trap: reason=unstable_if action=reinterpret pc=0x0000013f678cbff0 method=java.util.jar.Attributes.read(Ljava/util/jar/Manifest$FastInputStream;[BLjava/lang/String;I)I @ 343 c2
Event: 0.700 Thread 0x0000013f56b03580 DEOPT PACKING pc=0x0000013f678cbff0 sp=0x0000002d706fe190
Event: 0.700 Thread 0x0000013f56b03580 DEOPT UNPACKING pc=0x0000013f6736a1a3 sp=0x0000002d706fe188 mode 2
Event: 0.700 Thread 0x0000013f56b03580 Uncommon trap: trap_request=0xffffff45 fr.pc=0x0000013f678c29b4 relative=0x0000000000000094
Event: 0.700 Thread 0x0000013f56b03580 Uncommon trap: reason=unstable_if action=reinterpret pc=0x0000013f678c29b4 method=java.util.ImmutableCollections$MapN.get(Ljava/lang/Object;)Ljava/lang/Object; @ 21 c2
Event: 0.700 Thread 0x0000013f56b03580 DEOPT PACKING pc=0x0000013f678c29b4 sp=0x0000002d706fe0a0
Event: 0.700 Thread 0x0000013f56b03580 DEOPT UNPACKING pc=0x0000013f6736a1a3 sp=0x0000002d706fe038 mode 2
Event: 0.853 Thread 0x0000013f56b03580 Uncommon trap: trap_request=0xffffff45 fr.pc=0x0000013f678bc04c relative=0x000000000000068c
Event: 0.853 Thread 0x0000013f56b03580 Uncommon trap: reason=unstable_if action=reinterpret pc=0x0000013f678bc04c method=java.util.jar.Manifest$FastInputStream.readLine([BII)I @ 48 c2
Event: 0.853 Thread 0x0000013f56b03580 DEOPT PACKING pc=0x0000013f678bc04c sp=0x0000002d706fe1c0
Event: 0.853 Thread 0x0000013f56b03580 DEOPT UNPACKING pc=0x0000013f6736a1a3 sp=0x0000002d706fe158 mode 2
Event: 0.883 Thread 0x0000013f56b03580 Uncommon trap: trap_request=0xffffff45 fr.pc=0x0000013f678e2e90 relative=0x0000000000001070
Event: 0.883 Thread 0x0000013f56b03580 Uncommon trap: reason=unstable_if action=reinterpret pc=0x0000013f678e2e90 method=java.util.HashMap.putVal(ILjava/lang/Object;Ljava/lang/Object;ZZ)Ljava/lang/Object; @ 69 c2
Event: 0.883 Thread 0x0000013f56b03580 DEOPT PACKING pc=0x0000013f678e2e90 sp=0x0000002d706fce90
Event: 0.883 Thread 0x0000013f56b03580 DEOPT UNPACKING pc=0x0000013f6736a1a3 sp=0x0000002d706fce40 mode 2

Classes unloaded (0 events):
No events

Classes redefined (0 events):
No events

Internal exceptions (0 events):
No events

VM Operations (10 events):
Event: 0.242 Executing VM operation: HandshakeAllThreads
Event: 0.242 Executing VM operation: HandshakeAllThreads done
Event: 0.515 Executing VM operation: G1CollectForAllocation
Event: 0.543 Executing VM operation: G1CollectForAllocation done
Event: 0.635 Executing VM operation: HandshakeAllThreads
Event: 0.635 Executing VM operation: HandshakeAllThreads done
Event: 0.635 Executing VM operation: HandshakeAllThreads
Event: 0.635 Executing VM operation: HandshakeAllThreads done
Event: 0.783 Executing VM operation: G1CollectForAllocation
Event: 0.834 Executing VM operation: G1CollectForAllocation done

Events (20 events):
Event: 0.903 loading class java/security/interfaces/RSAPrivateCrtKey done
Event: 0.903 loading class sun/security/rsa/RSAPrivateCrtKeyImpl done
Event: 0.903 loading class sun/security/rsa/RSACore
Event: 0.903 loading class sun/security/rsa/RSACore done
Event: 0.903 loading class sun/security/rsa/RSAPadding
Event: 0.904 loading class sun/security/rsa/RSAPadding done
Event: 0.904 loading class java/math/MutableBigInteger
Event: 0.905 loading class java/math/MutableBigInteger done
Event: 0.911 loading class javax/crypto/BadPaddingException
Event: 0.911 loading class java/security/GeneralSecurityException
Event: 0.911 loading class java/security/GeneralSecurityException done
Event: 0.911 loading class javax/crypto/BadPaddingException done
Event: 0.912 loading class sun/security/provider/certpath/X509CertPath
Event: 0.912 loading class java/security/cert/CertPath
Event: 0.912 loading class java/security/cert/CertPath done
Event: 0.912 loading class sun/security/provider/certpath/X509CertPath done
Event: 0.913 loading class sun/security/timestamp/TimestampToken
Event: 0.913 loading class sun/security/timestamp/TimestampToken done
Event: 0.914 loading class java/security/Timestamp
Event: 0.914 loading class java/security/Timestamp done


Dynamic libraries:
0x00007ff6f6d20000 - 0x00007ff6f6d2e000 	C:\Program Files (x86)\Android\openjdk\jdk-17.0.8.101-hotspot\bin\java.exe
0x00007ff9a0590000 - 0x00007ff9a0788000 	C:\WINDOWS\SYSTEM32\ntdll.dll
0x00007ff99e5e0000 - 0x00007ff99e69d000 	C:\WINDOWS\System32\KERNEL32.DLL
0x00007ff99dfb0000 - 0x00007ff99e2a6000 	C:\WINDOWS\System32\KERNELBASE.dll
0x00007ff99e3c0000 - 0x00007ff99e4c0000 	C:\WINDOWS\System32\ucrtbase.dll
0x00007ff92b5e0000 - 0x00007ff92b5f7000 	C:\Program Files (x86)\Android\openjdk\jdk-17.0.8.101-hotspot\bin\jli.dll
0x00007ff99f060000 - 0x00007ff99f1fe000 	C:\WINDOWS\System32\USER32.dll
0x00007ff8e86e0000 - 0x00007ff8e86fb000 	C:\Program Files (x86)\Android\openjdk\jdk-17.0.8.101-hotspot\bin\VCRUNTIME140.dll
0x00007ff99dd60000 - 0x00007ff99dd82000 	C:\WINDOWS\System32\win32u.dll
0x00007ff99eb30000 - 0x00007ff99eb5c000 	C:\WINDOWS\System32\GDI32.dll
0x00007ff984f80000 - 0x00007ff98521a000 	C:\WINDOWS\WinSxS\amd64_microsoft.windows.common-controls_6595b64144ccf1df_6.0.19041.3636_none_60b6a03d71f818d5\COMCTL32.dll
0x00007ff99e4c0000 - 0x00007ff99e5da000 	C:\WINDOWS\System32\gdi32full.dll
0x00007ff9a0170000 - 0x00007ff9a020e000 	C:\WINDOWS\System32\msvcrt.dll
0x00007ff99e2b0000 - 0x00007ff99e34d000 	C:\WINDOWS\System32\msvcp_win.dll
0x00007ff99f2b0000 - 0x00007ff99f2e0000 	C:\WINDOWS\System32\IMM32.DLL
0x00007ff96f3a0000 - 0x00007ff96f3ac000 	C:\Program Files (x86)\Android\openjdk\jdk-17.0.8.101-hotspot\bin\vcruntime140_1.dll
0x00007ff8e8650000 - 0x00007ff8e86dd000 	C:\Program Files (x86)\Android\openjdk\jdk-17.0.8.101-hotspot\bin\msvcp140.dll
0x00007ff8e06c0000 - 0x00007ff8e1325000 	C:\Program Files (x86)\Android\openjdk\jdk-17.0.8.101-hotspot\bin\server\jvm.dll
0x00007ff99ec90000 - 0x00007ff99ed43000 	C:\WINDOWS\System32\ADVAPI32.dll
0x00007ff99f300000 - 0x00007ff99f39f000 	C:\WINDOWS\System32\sechost.dll
0x00007ff99e6a0000 - 0x00007ff99e7c6000 	C:\WINDOWS\System32\RPCRT4.dll
0x00007ff99dd90000 - 0x00007ff99ddb7000 	C:\WINDOWS\System32\bcrypt.dll
0x00007ff991b00000 - 0x00007ff991b09000 	C:\WINDOWS\SYSTEM32\WSOCK32.dll
0x00007ff99f8f0000 - 0x00007ff99f95b000 	C:\WINDOWS\System32\WS2_32.dll
0x00007ff98f110000 - 0x00007ff98f137000 	C:\WINDOWS\SYSTEM32\WINMM.dll
0x00007ff99d9a0000 - 0x00007ff99d9eb000 	C:\WINDOWS\SYSTEM32\POWRPROF.dll
0x00007ff991580000 - 0x00007ff99158a000 	C:\WINDOWS\SYSTEM32\VERSION.dll
0x00007ff99d980000 - 0x00007ff99d992000 	C:\WINDOWS\SYSTEM32\UMPDC.dll
0x00007ff99c460000 - 0x00007ff99c472000 	C:\WINDOWS\SYSTEM32\kernel.appcore.dll
0x00007ff96f220000 - 0x00007ff96f22a000 	C:\Program Files (x86)\Android\openjdk\jdk-17.0.8.101-hotspot\bin\jimage.dll
0x00007ff99b870000 - 0x00007ff99ba54000 	C:\WINDOWS\SYSTEM32\DBGHELP.DLL
0x00007ff969900000 - 0x00007ff969934000 	C:\WINDOWS\SYSTEM32\dbgcore.DLL
0x00007ff99df20000 - 0x00007ff99dfa2000 	C:\WINDOWS\System32\bcryptPrimitives.dll
0x00007ff8e8620000 - 0x00007ff8e8645000 	C:\Program Files (x86)\Android\openjdk\jdk-17.0.8.101-hotspot\bin\java.dll
0x00007ff8e53b0000 - 0x00007ff8e5487000 	C:\Program Files (x86)\Android\openjdk\jdk-17.0.8.101-hotspot\bin\jsvml.dll
0x00007ff99fa20000 - 0x00007ff9a0165000 	C:\WINDOWS\System32\SHELL32.dll
0x00007ff99bcb0000 - 0x00007ff99c44b000 	C:\WINDOWS\SYSTEM32\windows.storage.dll
0x00007ff99e7d0000 - 0x00007ff99eb24000 	C:\WINDOWS\System32\combase.dll
0x00007ff99d4e0000 - 0x00007ff99d50d000 	C:\WINDOWS\SYSTEM32\Wldp.dll
0x00007ff99f200000 - 0x00007ff99f2ad000 	C:\WINDOWS\System32\SHCORE.dll
0x00007ff99ef70000 - 0x00007ff99efc5000 	C:\WINDOWS\System32\shlwapi.dll
0x00007ff99db90000 - 0x00007ff99dbb5000 	C:\WINDOWS\SYSTEM32\profapi.dll
0x00007ff8e5390000 - 0x00007ff8e53a9000 	C:\Program Files (x86)\Android\openjdk\jdk-17.0.8.101-hotspot\bin\net.dll
0x00007ff997bb0000 - 0x00007ff997cba000 	C:\WINDOWS\SYSTEM32\WINHTTP.dll
0x00007ff99d2c0000 - 0x00007ff99d32a000 	C:\WINDOWS\system32\mswsock.dll
0x00007ff8e5370000 - 0x00007ff8e5386000 	C:\Program Files (x86)\Android\openjdk\jdk-17.0.8.101-hotspot\bin\nio.dll
0x00007ff8e5350000 - 0x00007ff8e5368000 	C:\Program Files (x86)\Android\openjdk\jdk-17.0.8.101-hotspot\bin\zip.dll

dbghelp: loaded successfully - version: 4.0.5 - missing functions: none
symbol engine: initialized successfully - sym options: 0x614 - pdb path: .;C:\Program Files (x86)\Android\openjdk\jdk-17.0.8.101-hotspot\bin;C:\WINDOWS\SYSTEM32;C:\WINDOWS\WinSxS\amd64_microsoft.windows.common-controls_6595b64144ccf1df_6.0.19041.3636_none_60b6a03d71f818d5;C:\Program Files (x86)\Android\openjdk\jdk-17.0.8.101-hotspot\bin\server

VM Arguments:
java_command: com.xamarin.manifestmerger.Main obj\Debug\130\android\manifestmerger.rsp
java_class_path (initial): C:\Program Files\Microsoft Visual Studio\2022\Community\MSBuild\Xamarin\Android\manifestmerger.jar
Launcher Type: SUN_STANDARD

[Global flags]
     intx CICompilerCount                          = 4                                         {product} {ergonomic}
     uint ConcGCThreads                            = 2                                         {product} {ergonomic}
     uint G1ConcRefinementThreads                  = 8                                         {product} {ergonomic}
   size_t G1HeapRegionSize                         = 1048576                                   {product} {ergonomic}
    uintx GCDrainStackTargetSize                   = 64                                        {product} {ergonomic}
   size_t InitialHeapSize                          = 130023424                                 {product} {ergonomic}
   size_t MarkStackSize                            = 4194304                                   {product} {ergonomic}
   size_t MaxHeapSize                              = 2080374784                                {product} {ergonomic}
   size_t MaxNewSize                               = 1247805440                                {product} {ergonomic}
   size_t MinHeapDeltaBytes                        = 1048576                                   {product} {ergonomic}
   size_t MinHeapSize                              = 8388608                                   {product} {ergonomic}
    uintx NonNMethodCodeHeapSize                   = 5839372                                {pd product} {ergonomic}
    uintx NonProfiledCodeHeapSize                  = 122909434                              {pd product} {ergonomic}
    uintx ProfiledCodeHeapSize                     = 122909434                              {pd product} {ergonomic}
    uintx ReservedCodeCacheSize                    = 251658240                              {pd product} {ergonomic}
     bool SegmentedCodeCache                       = true                                      {product} {ergonomic}
   size_t SoftMaxHeapSize                          = 2080374784                             {manageable} {ergonomic}
     bool UseCompressedClassPointers               = true                           {product lp64_product} {ergonomic}
     bool UseCompressedOops                        = true                           {product lp64_product} {ergonomic}
     bool UseG1GC                                  = true                                      {product} {ergonomic}
     bool UseLargePagesIndividualAllocation        = false                                  {pd product} {ergonomic}

Logging:
Log output configuration:
 #0: stdout all=warning uptime,level,tags
 #1: stderr all=off uptime,level,tags

Environment Variables:
PATH=C:\Program Files (x86)\Android\openjdk\jdk-17.0.8.101-hotspot\bin;C:\WINDOWS\system32;C:\WINDOWS;C:\WINDOWS\System32\Wbem;C:\WINDOWS\System32\WindowsPowerShell\v1.0\;C:\WINDOWS\System32\OpenSSH\;C:\Program Files\dotnet\;C:\Program Files\Git\cmd;C:\Users\Administrateur\AppData\Local\Microsoft\WindowsApps;C:\Users\Administrateur\.dotnet\tools;C:\Users\Administrateur\AppData\Local\Programs\Microsoft VS Code\bin
USERNAME=pret
OS=Windows_NT
PROCESSOR_IDENTIFIER=Intel64 Family 6 Model 140 Stepping 1, GenuineIntel
TMP=C:\Users\ADMINI~1\AppData\Local\Temp
TEMP=C:\Users\ADMINI~1\AppData\Local\Temp



---------------  S Y S T E M  ---------------

OS:
 Windows 10 , 64 bit Build 19041 (10.0.19041.3636)
OS uptime: 1 days 5:27 hours
Hyper-V role detected

CPU: total 8 (initial active 8) (4 cores per cpu, 2 threads per core) family 6 model 140 stepping 1 microcode 0xb4, cx8, cmov, fxsr, ht, mmx, 3dnowpref, sse, sse2, sse3, ssse3, sse4.1, sse4.2, popcnt, lzcnt, tsc, tscinvbit, avx, avx2, aes, erms, clmul, bmi1, bmi2, adx, avx512f, avx512dq, avx512cd, avx512bw, avx512vl, sha, fma, vzeroupper, avx512_vpopcntdq, avx512_vpclmulqdq, avx512_vaes, avx512_vnni, clflush, clflushopt, clwb, avx512_vbmi2, avx512_vbmi, hv
Processor Information for all 8 processors :
  Max Mhz: 1382, Current Mhz: 1382, Mhz Limit: 1382

Memory: 4k page, system-wide physical 7934M (1009M free)
TotalPageFile size 7934M (AvailPageFile size 3M)
current process WorkingSet (physical memory assigned to process): 103M, peak: 104M
current process commit charge ("private bytes"): 221M, peak: 222M

vm_info: OpenJDK 64-Bit Server VM (17.0.8.1+1-LTS) for windows-amd64 JRE (17.0.8.1+1-LTS), built on Aug 23 2023 17:38:52 by "MicrosoftCorporation" with MS VC++ 16.10 / 16.11 (VS2019)

END.
