#
# There is insufficient memory for the Java Runtime Environment to continue.
# Native memory allocation (malloc) failed to allocate 1048576 bytes for AllocateHeap
# Possible reasons:
#   The system is out of physical RAM or swap space
#   The process is running with CompressedOops enabled, and the Java Heap may be blocking the growth of the native heap
# Possible solutions:
#   Reduce memory load on the system
#   Increase physical memory or swap space
#   Check if swap backing store is full
#   Decrease Java heap size (-Xmx/-Xms)
#   Decrease number of Java threads
#   Decrease Java thread stack sizes (-Xss)
#   Set larger code cache with -XX:ReservedCodeCacheSize=
#   JVM is running with Unscaled Compressed Oops mode in which the Java heap is
#     placed in the first 4GB address space. The Java Heap base address is the
#     maximum limit for the native heap growth. Please use -XX:HeapBaseMinAddress
#     to set the Java Heap base and to place the Java Heap above 4GB virtual address.
# This output file may be truncated or incomplete.
#
#  Out of Memory Error (allocation.cpp:44), pid=13956, tid=15248
#
# JRE version:  (17.0.8.1+1) (build )
# Java VM: OpenJDK 64-Bit Server VM (17.0.8.1+1-LTS, mixed mode, sharing, tiered, compressed oops, compressed class ptrs, g1 gc, windows-amd64)
# No core dump will be written. Minidumps are not enabled by default on client versions of Windows
#

---------------  S U M M A R Y ------------

Command Line: -Dapplication.home=C:\Program Files (x86)\Android\openjdk\jdk-17.0.8.101-hotspot --add-modules=ALL-DEFAULT -Xms8m -Djdk.module.main=jdk.compiler jdk.compiler/com.sun.tools.javac.Main -version

Host: 11th Gen Intel(R) Core(TM) i5-1135G7 @ 2.40GHz, 8 cores, 7G,  Windows 10 , 64 bit Build 19041 (10.0.19041.3636)
Time: Sat Feb 17 15:07:10 2024 Paris, Madrid elapsed time: 0.134561 seconds (0d 0h 0m 0s)

---------------  T H R E A D  ---------------

Current thread (0x0000020eb8ed00a0):  JavaThread "Unknown thread" [_thread_in_vm, id=15248, stack(0x0000007d8f300000,0x0000007d8f400000)]

Stack: [0x0000007d8f300000,0x0000007d8f400000]
Native frames: (J=compiled Java code, j=interpreted, Vv=VM code, C=native code)
V  [jvm.dll+0x67bf3a]
V  [jvm.dll+0x83a024]
V  [jvm.dll+0x83b7ce]
V  [jvm.dll+0x83be33]
V  [jvm.dll+0x24785f]
V  [jvm.dll+0xa6b2b]
V  [jvm.dll+0x2dbb14]
V  [jvm.dll+0x80bc6c]
V  [jvm.dll+0x36df61]
V  [jvm.dll+0x7eafac]
V  [jvm.dll+0x3f0c8f]
V  [jvm.dll+0x3f28a1]
C  [jli.dll+0x528f]
C  [ucrtbase.dll+0x21bb2]
C  [KERNEL32.DLL+0x17344]
C  [ntdll.dll+0x526b1]


---------------  P R O C E S S  ---------------

Threads class SMR info:
_java_thread_list=0x00007ff9af623058, length=0, elements={
}

Java Threads: ( => current thread )

Other Threads:

=>0x0000020eb8ed00a0 (exited) JavaThread "Unknown thread" [_thread_in_vm, id=15248, stack(0x0000007d8f300000,0x0000007d8f400000)]

Threads with active compile tasks:

VM state: not at safepoint (not fully initialized)

VM Mutex/Monitor currently owned by a thread: None

Heap address: 0x0000000000000000, size: 0 MB, Compressed Oops mode: 32-bit

CDS archive(s) mapped at: [0x0000000000000000-0x0000000000000000-0x0000000000000000), size 0, SharedBaseAddress: 0x0000000800000000, ArchiveRelocationMode: 1.
Narrow klass base: 0x0000000000000000, Narrow klass shift: 0, Narrow klass range: 0x0

GC Precious Log:
<Empty>

GC Heap History (0 events):
No events

Dll operation events (1 events):
Event: 0.122 Loaded shared library C:\Program Files (x86)\Android\openjdk\jdk-17.0.8.101-hotspot\bin\java.dll

Deoptimization events (0 events):
No events

Classes unloaded (0 events):
No events

Classes redefined (0 events):
No events

Internal exceptions (0 events):
No events

VM Operations (0 events):
No events

Events (0 events):
No events


Dynamic libraries:
0x00007ff631b20000 - 0x00007ff631b28000 	C:\Program Files (x86)\Android\openjdk\jdk-17.0.8.101-hotspot\bin\javac.exe
0x00007ffa77630000 - 0x00007ffa77828000 	C:\WINDOWS\SYSTEM32\ntdll.dll
0x00007ffa75990000 - 0x00007ffa75a4d000 	C:\WINDOWS\System32\KERNEL32.DLL
0x00007ffa74da0000 - 0x00007ffa75096000 	C:\WINDOWS\System32\KERNELBASE.dll
0x00007ffa75520000 - 0x00007ffa75620000 	C:\WINDOWS\System32\ucrtbase.dll
0x00007ffa2bd10000 - 0x00007ffa2bd27000 	C:\Program Files (x86)\Android\openjdk\jdk-17.0.8.101-hotspot\bin\jli.dll
0x00007ffa769c0000 - 0x00007ffa76b5e000 	C:\WINDOWS\System32\USER32.dll
0x00007ffa75650000 - 0x00007ffa75672000 	C:\WINDOWS\System32\win32u.dll
0x00007ffa775c0000 - 0x00007ffa775ec000 	C:\WINDOWS\System32\GDI32.dll
0x00007ffa750a0000 - 0x00007ffa751ba000 	C:\WINDOWS\System32\gdi32full.dll
0x00007ffa74d00000 - 0x00007ffa74d9d000 	C:\WINDOWS\System32\msvcp_win.dll
0x00007ffa10400000 - 0x00007ffa1041b000 	C:\Program Files (x86)\Android\openjdk\jdk-17.0.8.101-hotspot\bin\VCRUNTIME140.dll
0x00007ffa5aa50000 - 0x00007ffa5acea000 	C:\WINDOWS\WinSxS\amd64_microsoft.windows.common-controls_6595b64144ccf1df_6.0.19041.3636_none_60b6a03d71f818d5\COMCTL32.dll
0x00007ffa76750000 - 0x00007ffa767ee000 	C:\WINDOWS\System32\msvcrt.dll
0x00007ffa76f20000 - 0x00007ffa76f50000 	C:\WINDOWS\System32\IMM32.DLL
0x00007ffa52d00000 - 0x00007ffa52d0c000 	C:\Program Files (x86)\Android\openjdk\jdk-17.0.8.101-hotspot\bin\vcruntime140_1.dll
0x00007ff9b2d20000 - 0x00007ff9b2dad000 	C:\Program Files (x86)\Android\openjdk\jdk-17.0.8.101-hotspot\bin\msvcp140.dll
0x00007ff9aeaf0000 - 0x00007ff9af755000 	C:\Program Files (x86)\Android\openjdk\jdk-17.0.8.101-hotspot\bin\server\jvm.dll
0x00007ffa75830000 - 0x00007ffa758e3000 	C:\WINDOWS\System32\ADVAPI32.dll
0x00007ffa758f0000 - 0x00007ffa7598f000 	C:\WINDOWS\System32\sechost.dll
0x00007ffa76f50000 - 0x00007ffa77076000 	C:\WINDOWS\System32\RPCRT4.dll
0x00007ffa75620000 - 0x00007ffa75647000 	C:\WINDOWS\System32\bcrypt.dll
0x00007ffa74a40000 - 0x00007ffa74a8b000 	C:\WINDOWS\SYSTEM32\POWRPROF.dll
0x00007ffa593e0000 - 0x00007ffa593e9000 	C:\WINDOWS\SYSTEM32\WSOCK32.dll
0x00007ffa65e00000 - 0x00007ffa65e27000 	C:\WINDOWS\SYSTEM32\WINMM.dll
0x00007ffa76950000 - 0x00007ffa769bb000 	C:\WINDOWS\System32\WS2_32.dll
0x00007ffa69640000 - 0x00007ffa6964a000 	C:\WINDOWS\SYSTEM32\VERSION.dll
0x00007ffa74a20000 - 0x00007ffa74a32000 	C:\WINDOWS\SYSTEM32\UMPDC.dll
0x00007ffa73500000 - 0x00007ffa73512000 	C:\WINDOWS\SYSTEM32\kernel.appcore.dll
0x00007ffa52730000 - 0x00007ffa5273a000 	C:\Program Files (x86)\Android\openjdk\jdk-17.0.8.101-hotspot\bin\jimage.dll
0x00007ffa72910000 - 0x00007ffa72af4000 	C:\WINDOWS\SYSTEM32\DBGHELP.DLL
0x00007ffa60a00000 - 0x00007ffa60a34000 	C:\WINDOWS\SYSTEM32\dbgcore.DLL
0x00007ffa751c0000 - 0x00007ffa75242000 	C:\WINDOWS\System32\bcryptPrimitives.dll
0x00007ff9bf1b0000 - 0x00007ff9bf1d5000 	C:\Program Files (x86)\Android\openjdk\jdk-17.0.8.101-hotspot\bin\java.dll

dbghelp: loaded successfully - version: 4.0.5 - missing functions: none
symbol engine: initialized successfully - sym options: 0x614 - pdb path: .;C:\Program Files (x86)\Android\openjdk\jdk-17.0.8.101-hotspot\bin;C:\WINDOWS\SYSTEM32;C:\WINDOWS\WinSxS\amd64_microsoft.windows.common-controls_6595b64144ccf1df_6.0.19041.3636_none_60b6a03d71f818d5;C:\Program Files (x86)\Android\openjdk\jdk-17.0.8.101-hotspot\bin\server

VM Arguments:
jvm_args: -Dapplication.home=C:\Program Files (x86)\Android\openjdk\jdk-17.0.8.101-hotspot --add-modules=ALL-DEFAULT -Xms8m -Djdk.module.main=jdk.compiler 
java_command: jdk.compiler/com.sun.tools.javac.Main -version
java_class_path (initial): <not set>
Launcher Type: SUN_STANDARD

[Global flags]
     intx CICompilerCount                          = 4                                         {product} {ergonomic}
     uint ConcGCThreads                            = 2                                         {product} {ergonomic}
     uint G1ConcRefinementThreads                  = 8                                         {product} {ergonomic}
   size_t G1HeapRegionSize                         = 1048576                                   {product} {ergonomic}
    uintx GCDrainStackTargetSize                   = 64                                        {product} {ergonomic}
   size_t InitialHeapSize                          = 8388608                                   {product} {command line}
   size_t MarkStackSize                            = 4194304                                   {product} {ergonomic}
   size_t MaxHeapSize                              = 2080374784                                {product} {ergonomic}
   size_t MinHeapDeltaBytes                        = 1048576                                   {product} {ergonomic}
   size_t MinHeapSize                              = 8388608                                   {product} {command line}
    uintx NonNMethodCodeHeapSize                   = 5839372                                {pd product} {ergonomic}
    uintx NonProfiledCodeHeapSize                  = 122909434                              {pd product} {ergonomic}
    uintx ProfiledCodeHeapSize                     = 122909434                              {pd product} {ergonomic}
    uintx ReservedCodeCacheSize                    = 251658240                              {pd product} {ergonomic}
     bool SegmentedCodeCache                       = true                                      {product} {ergonomic}
   size_t SoftMaxHeapSize                          = 2080374784                             {manageable} {ergonomic}
     bool UseCompressedClassPointers               = true                           {product lp64_product} {ergonomic}
     bool UseCompressedOops                        = true                           {product lp64_product} {ergonomic}
     bool UseG1GC                                  = true                                      {product} {ergonomic}
     bool UseLargePagesIndividualAllocation        = false                                  {pd product} {ergonomic}

Logging:
Log output configuration:
 #0: stdout all=warning uptime,level,tags
 #1: stderr all=off uptime,level,tags

Environment Variables:
PATH=C:\Program Files (x86)\Android\openjdk\jdk-17.0.8.101-hotspot\bin;C:\WINDOWS\system32;C:\WINDOWS;C:\WINDOWS\System32\Wbem;C:\WINDOWS\System32\WindowsPowerShell\v1.0\;C:\WINDOWS\System32\OpenSSH\;C:\Program Files\dotnet\;C:\Program Files\Git\cmd;C:\Users\Administrateur\AppData\Local\Microsoft\WindowsApps;C:\Users\Administrateur\.dotnet\tools;C:\Users\Administrateur\AppData\Local\Programs\Microsoft VS Code\bin
USERNAME=pret
OS=Windows_NT
PROCESSOR_IDENTIFIER=Intel64 Family 6 Model 140 Stepping 1, GenuineIntel
TMP=C:\Users\ADMINI~1\AppData\Local\Temp
TEMP=C:\Users\ADMINI~1\AppData\Local\Temp



---------------  S Y S T E M  ---------------

OS:
 Windows 10 , 64 bit Build 19041 (10.0.19041.3636)
OS uptime: 0 days 0:59 hours
Hyper-V role detected

CPU: total 8 (initial active 8) (4 cores per cpu, 2 threads per core) family 6 model 140 stepping 1 microcode 0xb4, cx8, cmov, fxsr, ht, mmx, 3dnowpref, sse, sse2, sse3, ssse3, sse4.1, sse4.2, popcnt, lzcnt, tsc, tscinvbit, avx, avx2, aes, erms, clmul, bmi1, bmi2, adx, avx512f, avx512dq, avx512cd, avx512bw, avx512vl, sha, fma, vzeroupper, avx512_vpopcntdq, avx512_vpclmulqdq, avx512_vaes, avx512_vnni, clflush, clflushopt, clwb, avx512_vbmi2, avx512_vbmi, hv
Processor Information for all 8 processors :
  Max Mhz: 1382, Current Mhz: 1382, Mhz Limit: 1382

Memory: 4k page, system-wide physical 7934M (1287M free)
TotalPageFile size 7934M (AvailPageFile size 1M)
current process WorkingSet (physical memory assigned to process): 9M, peak: 9M
current process commit charge ("private bytes"): 12M, peak: 13M

vm_info: OpenJDK 64-Bit Server VM (17.0.8.1+1-LTS) for windows-amd64 JRE (17.0.8.1+1-LTS), built on Aug 23 2023 17:38:52 by "MicrosoftCorporation" with MS VC++ 16.10 / 16.11 (VS2019)

END.
