#
# There is insufficient memory for the Java Runtime Environment to continue.
# Native memory allocation (malloc) failed to allocate 1048576 bytes for AllocateHeap
# Possible reasons:
#   The system is out of physical RAM or swap space
#   The process is running with CompressedOops enabled, and the Java Heap may be blocking the growth of the native heap
# Possible solutions:
#   Reduce memory load on the system
#   Increase physical memory or swap space
#   Check if swap backing store is full
#   Decrease Java heap size (-Xmx/-Xms)
#   Decrease number of Java threads
#   Decrease Java thread stack sizes (-Xss)
#   Set larger code cache with -XX:ReservedCodeCacheSize=
#   JVM is running with Unscaled Compressed Oops mode in which the Java heap is
#     placed in the first 4GB address space. The Java Heap base address is the
#     maximum limit for the native heap growth. Please use -XX:HeapBaseMinAddress
#     to set the Java Heap base and to place the Java Heap above 4GB virtual address.
# This output file may be truncated or incomplete.
#
#  Out of Memory Error (allocation.cpp:44), pid=1868, tid=11412
#
# JRE version:  (17.0.8.1+1) (build )
# Java VM: OpenJDK 64-Bit Server VM (17.0.8.1+1-LTS, mixed mode, sharing, tiered, compressed oops, compressed class ptrs, g1 gc, windows-amd64)
# No core dump will be written. Minidumps are not enabled by default on client versions of Windows
#

---------------  S U M M A R Y ------------

Command Line: com.xamarin.manifestmerger.Main obj\Debug\130\android\manifestmerger.rsp

Host: 11th Gen Intel(R) Core(TM) i5-1135G7 @ 2.40GHz, 8 cores, 7G,  Windows 10 , 64 bit Build 19041 (10.0.19041.3636)
Time: Mon Feb 19 10:20:57 2024 Paris, Madrid elapsed time: 0.045918 seconds (0d 0h 0m 0s)

---------------  T H R E A D  ---------------

Current thread (0x0000021873a3f630):  JavaThread "Unknown thread" [_thread_in_vm, id=11412, stack(0x000000cbf5300000,0x000000cbf5400000)]

Stack: [0x000000cbf5300000,0x000000cbf5400000]
Native frames: (J=compiled Java code, j=interpreted, Vv=VM code, C=native code)
V  [jvm.dll+0x67bf3a]
V  [jvm.dll+0x83a024]
V  [jvm.dll+0x83b7ce]
V  [jvm.dll+0x83be33]
V  [jvm.dll+0x24785f]
V  [jvm.dll+0xa6b2b]
V  [jvm.dll+0x2e9017]
V  [jvm.dll+0x2e0e7b]
V  [jvm.dll+0x80bca1]
V  [jvm.dll+0x36df61]
V  [jvm.dll+0x7eafac]
V  [jvm.dll+0x3f0c8f]
V  [jvm.dll+0x3f28a1]
C  [jli.dll+0x528f]
C  [ucrtbase.dll+0x21bb2]
C  [KERNEL32.DLL+0x17344]
C  [ntdll.dll+0x526b1]


---------------  P R O C E S S  ---------------

Threads class SMR info:
_java_thread_list=0x00007ffa3f543058, length=0, elements={
}

Java Threads: ( => current thread )

Other Threads:
  0x0000021873a98f30 GCTaskThread "GC Thread#0" [stack: 0x000000cbf5400000,0x000000cbf5500000] [id=11208]

[error occurred during error reporting (printing all threads), id 0xc0000005, EXCEPTION_ACCESS_VIOLATION (0xc0000005) at pc=0x00007ffa3ecfdf60]

VM state: not at safepoint (not fully initialized)

VM Mutex/Monitor currently owned by a thread:  ([mutex/lock_event])
[0x0000021873a3b3a0] Heap_lock - owner thread: 0x0000021873a3f630

Heap address: 0x0000000084000000, size: 1984 MB, Compressed Oops mode: 32-bit

CDS archive(s) mapped at: [0x0000000000000000-0x0000000000000000-0x0000000000000000), size 0, SharedBaseAddress: 0x0000000800000000, ArchiveRelocationMode: 1.
Narrow klass base: 0x0000000000000000, Narrow klass shift: 0, Narrow klass range: 0x0

GC Precious Log:
<Empty>

Heap:
 garbage-first heap   total 0K, used 0K [0x0000000084000000, 0x0000000100000000)
  region size 1024K, 0 young (0K), 0 survivors (0K)

[error occurred during error reporting (printing heap information), id 0xc0000005, EXCEPTION_ACCESS_VIOLATION (0xc0000005) at pc=0x00007ffa3f0e5fc9]

GC Heap History (0 events):
No events

Dll operation events (1 events):
Event: 0.014 Loaded shared library C:\Program Files (x86)\Android\openjdk\jdk-17.0.8.101-hotspot\bin\java.dll

Deoptimization events (0 events):
No events

Classes unloaded (0 events):
No events

Classes redefined (0 events):
No events

Internal exceptions (0 events):
No events

VM Operations (0 events):
No events

Events (0 events):
No events


Dynamic libraries:
0x00007ff623f70000 - 0x00007ff623f7e000 	C:\Program Files (x86)\Android\openjdk\jdk-17.0.8.101-hotspot\bin\java.exe
0x00007ffb0c4d0000 - 0x00007ffb0c6c8000 	C:\WINDOWS\SYSTEM32\ntdll.dll
0x00007ffb0a510000 - 0x00007ffb0a5cd000 	C:\WINDOWS\System32\KERNEL32.DLL
0x00007ffb09d80000 - 0x00007ffb0a076000 	C:\WINDOWS\System32\KERNELBASE.dll
0x00007ffb0a2e0000 - 0x00007ffb0a3e0000 	C:\WINDOWS\System32\ucrtbase.dll
0x00007ffaef990000 - 0x00007ffaef9a7000 	C:\Program Files (x86)\Android\openjdk\jdk-17.0.8.101-hotspot\bin\jli.dll
0x00007ffb0b4c0000 - 0x00007ffb0b65e000 	C:\WINDOWS\System32\USER32.dll
0x00007ffaef660000 - 0x00007ffaef67b000 	C:\Program Files (x86)\Android\openjdk\jdk-17.0.8.101-hotspot\bin\VCRUNTIME140.dll
0x00007ffaf0950000 - 0x00007ffaf0bea000 	C:\WINDOWS\WinSxS\amd64_microsoft.windows.common-controls_6595b64144ccf1df_6.0.19041.3636_none_60b6a03d71f818d5\COMCTL32.dll
0x00007ffb09b90000 - 0x00007ffb09bb2000 	C:\WINDOWS\System32\win32u.dll
0x00007ffb0ab20000 - 0x00007ffb0ab4b000 	C:\WINDOWS\System32\GDI32.dll
0x00007ffb0bee0000 - 0x00007ffb0bf7e000 	C:\WINDOWS\System32\msvcrt.dll
0x00007ffb09bc0000 - 0x00007ffb09cd7000 	C:\WINDOWS\System32\gdi32full.dll
0x00007ffb0a3e0000 - 0x00007ffb0a47d000 	C:\WINDOWS\System32\msvcp_win.dll
0x00007ffb0ad70000 - 0x00007ffb0ada2000 	C:\WINDOWS\System32\IMM32.DLL
0x00007ffaff0c0000 - 0x00007ffaff0cc000 	C:\Program Files (x86)\Android\openjdk\jdk-17.0.8.101-hotspot\bin\vcruntime140_1.dll
0x00007ffadce70000 - 0x00007ffadcefd000 	C:\Program Files (x86)\Android\openjdk\jdk-17.0.8.101-hotspot\bin\msvcp140.dll
0x00007ffa3ea10000 - 0x00007ffa3f675000 	C:\Program Files (x86)\Android\openjdk\jdk-17.0.8.101-hotspot\bin\server\jvm.dll
0x00007ffb0b3f0000 - 0x00007ffb0b4a3000 	C:\WINDOWS\System32\ADVAPI32.dll
0x00007ffb0adc0000 - 0x00007ffb0ae5f000 	C:\WINDOWS\System32\sechost.dll
0x00007ffb0a6b0000 - 0x00007ffb0a7d6000 	C:\WINDOWS\System32\RPCRT4.dll
0x00007ffb09d50000 - 0x00007ffb09d77000 	C:\WINDOWS\System32\bcrypt.dll
0x00007ffb098d0000 - 0x00007ffb0991b000 	C:\WINDOWS\SYSTEM32\POWRPROF.dll
0x00007ffaf01f0000 - 0x00007ffaf01f9000 	C:\WINDOWS\SYSTEM32\WSOCK32.dll
0x00007ffb0b380000 - 0x00007ffb0b3eb000 	C:\WINDOWS\System32\WS2_32.dll
0x00007ffafb030000 - 0x00007ffafb057000 	C:\WINDOWS\SYSTEM32\WINMM.dll
0x00007ffaff130000 - 0x00007ffaff13a000 	C:\WINDOWS\SYSTEM32\VERSION.dll
0x00007ffb098b0000 - 0x00007ffb098c2000 	C:\WINDOWS\SYSTEM32\UMPDC.dll
0x00007ffb08390000 - 0x00007ffb083a2000 	C:\WINDOWS\SYSTEM32\kernel.appcore.dll
0x00007ffafd740000 - 0x00007ffafd74a000 	C:\Program Files (x86)\Android\openjdk\jdk-17.0.8.101-hotspot\bin\jimage.dll
0x00007ffb078f0000 - 0x00007ffb07ad4000 	C:\WINDOWS\SYSTEM32\DBGHELP.DLL
0x00007ffad47a0000 - 0x00007ffad47d4000 	C:\WINDOWS\SYSTEM32\dbgcore.DLL
0x00007ffb0a480000 - 0x00007ffb0a502000 	C:\WINDOWS\System32\bcryptPrimitives.dll
0x00007ffaef630000 - 0x00007ffaef655000 	C:\Program Files (x86)\Android\openjdk\jdk-17.0.8.101-hotspot\bin\java.dll

dbghelp: loaded successfully - version: 4.0.5 - missing functions: none
symbol engine: initialized successfully - sym options: 0x614 - pdb path: .;C:\Program Files (x86)\Android\openjdk\jdk-17.0.8.101-hotspot\bin;C:\WINDOWS\SYSTEM32;C:\WINDOWS\WinSxS\amd64_microsoft.windows.common-controls_6595b64144ccf1df_6.0.19041.3636_none_60b6a03d71f818d5;C:\Program Files (x86)\Android\openjdk\jdk-17.0.8.101-hotspot\bin\server

VM Arguments:
java_command: com.xamarin.manifestmerger.Main obj\Debug\130\android\manifestmerger.rsp
java_class_path (initial): C:\Program Files\Microsoft Visual Studio\2022\Community\MSBuild\Xamarin\Android\manifestmerger.jar
Launcher Type: SUN_STANDARD

[Global flags]
     intx CICompilerCount                          = 4                                         {product} {ergonomic}
     uint ConcGCThreads                            = 2                                         {product} {ergonomic}
     uint G1ConcRefinementThreads                  = 8                                         {product} {ergonomic}
   size_t G1HeapRegionSize                         = 1048576                                   {product} {ergonomic}
    uintx GCDrainStackTargetSize                   = 64                                        {product} {ergonomic}
   size_t InitialHeapSize                          = 130023424                                 {product} {ergonomic}
   size_t MarkStackSize                            = 4194304                                   {product} {ergonomic}
   size_t MaxHeapSize                              = 2080374784                                {product} {ergonomic}
   size_t MinHeapDeltaBytes                        = 1048576                                   {product} {ergonomic}
   size_t MinHeapSize                              = 8388608                                   {product} {ergonomic}
    uintx NonNMethodCodeHeapSize                   = 5839372                                {pd product} {ergonomic}
    uintx NonProfiledCodeHeapSize                  = 122909434                              {pd product} {ergonomic}
    uintx ProfiledCodeHeapSize                     = 122909434                              {pd product} {ergonomic}
    uintx ReservedCodeCacheSize                    = 251658240                              {pd product} {ergonomic}
     bool SegmentedCodeCache                       = true                                      {product} {ergonomic}
   size_t SoftMaxHeapSize                          = 2080374784                             {manageable} {ergonomic}
     bool UseCompressedClassPointers               = true                           {product lp64_product} {ergonomic}
     bool UseCompressedOops                        = true                           {product lp64_product} {ergonomic}
     bool UseG1GC                                  = true                                      {product} {ergonomic}
     bool UseLargePagesIndividualAllocation        = false                                  {pd product} {ergonomic}

Logging:
Log output configuration:
 #0: stdout all=warning uptime,level,tags
 #1: stderr all=off uptime,level,tags

Environment Variables:
PATH=C:\Program Files (x86)\Android\openjdk\jdk-17.0.8.101-hotspot\bin;C:\WINDOWS\system32;C:\WINDOWS;C:\WINDOWS\System32\Wbem;C:\WINDOWS\System32\WindowsPowerShell\v1.0\;C:\WINDOWS\System32\OpenSSH\;C:\Program Files\dotnet\;C:\Program Files\Git\cmd;C:\Users\Administrateur\AppData\Local\Microsoft\WindowsApps;C:\Users\Administrateur\.dotnet\tools;C:\Users\Administrateur\AppData\Local\Programs\Microsoft VS Code\bin
USERNAME=pret
OS=Windows_NT
PROCESSOR_IDENTIFIER=Intel64 Family 6 Model 140 Stepping 1, GenuineIntel
TMP=C:\Users\ADMINI~1\AppData\Local\Temp
TEMP=C:\Users\ADMINI~1\AppData\Local\Temp



---------------  S Y S T E M  ---------------

OS:
 Windows 10 , 64 bit Build 19041 (10.0.19041.3636)
OS uptime: 0 days 0:38 hours
Hyper-V role detected

CPU: total 8 (initial active 8) (4 cores per cpu, 2 threads per core) family 6 model 140 stepping 1 microcode 0xb4, cx8, cmov, fxsr, ht, mmx, 3dnowpref, sse, sse2, sse3, ssse3, sse4.1, sse4.2, popcnt, lzcnt, tsc, tscinvbit, avx, avx2, aes, erms, clmul, bmi1, bmi2, adx, avx512f, avx512dq, avx512cd, avx512bw, avx512vl, sha, fma, vzeroupper, avx512_vpopcntdq, avx512_vpclmulqdq, avx512_vaes, avx512_vnni, clflush, clflushopt, clwb, avx512_vbmi2, avx512_vbmi, hv
Processor Information for all 8 processors :
  Max Mhz: 1382, Current Mhz: 1382, Mhz Limit: 1382

Memory: 4k page, system-wide physical 7934M (673M free)
TotalPageFile size 7934M (AvailPageFile size 5M)
current process WorkingSet (physical memory assigned to process): 10M, peak: 10M
current process commit charge ("private bytes"): 58M, peak: 59M

vm_info: OpenJDK 64-Bit Server VM (17.0.8.1+1-LTS) for windows-amd64 JRE (17.0.8.1+1-LTS), built on Aug 23 2023 17:38:52 by "MicrosoftCorporation" with MS VC++ 16.10 / 16.11 (VS2019)

END.
